2020-01-10 14:41:43,856 [9] ERROR [en JBLV.Log.Log.RegistrarLog(NivelLog nivel, Exception ex)] 
System.NullReferenceException: Referencia a objeto no establecida como instancia de un objeto.
   en Mantenimiento.BusinessLayer.AuxilioMecanicoLogic.ListAuxilioMecanico(AuxilioMecanicoRequest request) en D:\JELAF\MANTENIMIENTO\Template.BusinessLayer\AuxilioMecanicoLogic.cs:línea 29
2020-01-10 14:42:29,469 [88] ERROR [en JBLV.Log.Log.RegistrarLog(NivelLog nivel, Exception ex)] 
System.NullReferenceException: Referencia a objeto no establecida como instancia de un objeto.
   en Mantenimiento.BusinessLayer.AuxilioMecanicoLogic.ListAuxilioMecanico(AuxilioMecanicoRequest request) en D:\JELAF\MANTENIMIENTO\Template.BusinessLayer\AuxilioMecanicoLogic.cs:línea 29
2020-01-10 14:45:33,830 [88] ERROR [en JBLV.Log.Log.RegistrarLog(NivelLog nivel, Exception ex)] 
System.NullReferenceException: Referencia a objeto no establecida como instancia de un objeto.
   en Mantenimiento.BusinessLayer.AuxilioMecanicoLogic.ListAuxilioMecanico(AuxilioMecanicoRequest request) en D:\JELAF\MANTENIMIENTO\Template.BusinessLayer\AuxilioMecanicoLogic.cs:línea 29
2020-01-10 17:50:28,589 [56] ERROR [en JBLV.Log.Log.RegistrarLog(NivelLog nivel, Exception ex)] 
System.NullReferenceException: Referencia a objeto no establecida como instancia de un objeto.
   en Mantenimiento.BusinessLayer.AuxilioMecanicoLogic.ListAuxilioMecanico(AuxilioMecanicoRequest request) en D:\JELAF\MANTENIMIENTO\Template.BusinessLayer\AuxilioMecanicoLogic.cs:línea 29
2020-01-10 18:02:34,566 [9] ERROR [en JBLV.Log.Log.RegistrarLog(NivelLog nivel, Exception ex)] 
System.FormatException: No se puede reconocer la cadena como valor DateTime válido.
   en System.DateTimeParse.Parse(String s, DateTimeFormatInfo dtfi, DateTimeStyles styles)
   en System.DateTime.Parse(String s)
   en Mantenimiento.BusinessLayer.AuxilioMecanicoLogic.ListAuxilioMecanico(AuxilioMecanicoRequest request) en D:\JELAF\MANTENIMIENTO\Template.BusinessLayer\AuxilioMecanicoLogic.cs:línea 36
2020-01-10 18:05:09,216 [9] ERROR [en JBLV.Log.Log.RegistrarLog(NivelLog nivel, Exception ex)] 
System.FormatException: No se puede reconocer la cadena como valor DateTime válido.
   en System.DateTimeParse.Parse(String s, DateTimeFormatInfo dtfi, DateTimeStyles styles)
   en System.DateTime.Parse(String s)
   en Mantenimiento.BusinessLayer.AuxilioMecanicoLogic.ListAuxilioMecanico(AuxilioMecanicoRequest request) en D:\JELAF\MANTENIMIENTO\Template.BusinessLayer\AuxilioMecanicoLogic.cs:línea 36
2020-01-10 18:17:26,786 [8] ERROR [en JBLV.Log.Log.RegistrarLog(NivelLog nivel, Exception ex)] 
System.Data.SqlClient.SqlException (0x80131904): El procedimiento o la función 'usp_LIS_Tb_AuxilioMecanico' esperaba el parámetro '@pAre_Codigo', que no se ha especificado.
   en System.Data.SqlClient.SqlConnection.OnError(SqlException exception, Boolean breakConnection, Action`1 wrapCloseInAction)
   en System.Data.SqlClient.SqlInternalConnection.OnError(SqlException exception, Boolean breakConnection, Action`1 wrapCloseInAction)
   en System.Data.SqlClient.TdsParser.ThrowExceptionAndWarning(TdsParserStateObject stateObj, Boolean callerHasConnectionLock, Boolean asyncClose)
   en System.Data.SqlClient.TdsParser.TryRun(RunBehavior runBehavior, SqlCommand cmdHandler, SqlDataReader dataStream, BulkCopySimpleResultSet bulkCopyHandler, TdsParserStateObject stateObj, Boolean& dataReady)
   en System.Data.SqlClient.SqlDataReader.TryConsumeMetaData()
   en System.Data.SqlClient.SqlDataReader.get_MetaData()
   en System.Data.SqlClient.SqlCommand.FinishExecuteReader(SqlDataReader ds, RunBehavior runBehavior, String resetOptionsString, Boolean isInternal, Boolean forDescribeParameterEncryption, Boolean shouldCacheForAlwaysEncrypted)
   en System.Data.SqlClient.SqlCommand.RunExecuteReaderTds(CommandBehavior cmdBehavior, RunBehavior runBehavior, Boolean returnStream, Boolean async, Int32 timeout, Task& task, Boolean asyncWrite, Boolean inRetry, SqlDataReader ds, Boolean describeParameterEncryptionRequest)
   en System.Data.SqlClient.SqlCommand.RunExecuteReader(CommandBehavior cmdBehavior, RunBehavior runBehavior, Boolean returnStream, String method, TaskCompletionSource`1 completion, Int32 timeout, Task& task, Boolean& usedCache, Boolean asyncWrite, Boolean inRetry)
   en System.Data.SqlClient.SqlCommand.RunExecuteReader(CommandBehavior cmdBehavior, RunBehavior runBehavior, Boolean returnStream, String method)
   en System.Data.SqlClient.SqlCommand.ExecuteReader(CommandBehavior behavior, String method)
   en System.Data.SqlClient.SqlCommand.ExecuteReader()
   en Mantenimiento.DataAccess.AuxilioMecanicoData.ListAuxilioMecanico(DateTime fechahora_ini, DateTime fechahora_fin, String Are_Codigo, String Ben_Codigo) en D:\JELAF\MANTENIMIENTO\Template.DataAccess\AuxilioMecanicoData.cs:línea 33
   en Mantenimiento.BusinessLayer.AuxilioMecanicoLogic.ListAuxilioMecanico(AuxilioMecanicoRequest request) en D:\JELAF\MANTENIMIENTO\Template.BusinessLayer\AuxilioMecanicoLogic.cs:línea 35
ClientConnectionId:4b7e6384-b82a-45e5-9b26-e0ff2b84d06e
Error Number:201,State:4,Class:16
2020-01-10 18:17:27,319 [8] ERROR [en JBLV.Log.Log.RegistrarLog(NivelLog nivel, Exception ex)] 
System.Data.SqlClient.SqlException (0x80131904): El procedimiento o la función 'usp_LIS_Tb_AuxilioMecanico' esperaba el parámetro '@pAre_Codigo', que no se ha especificado.
   en System.Data.SqlClient.SqlConnection.OnError(SqlException exception, Boolean breakConnection, Action`1 wrapCloseInAction)
   en System.Data.SqlClient.SqlInternalConnection.OnError(SqlException exception, Boolean breakConnection, Action`1 wrapCloseInAction)
   en System.Data.SqlClient.TdsParser.ThrowExceptionAndWarning(TdsParserStateObject stateObj, Boolean callerHasConnectionLock, Boolean asyncClose)
   en System.Data.SqlClient.TdsParser.TryRun(RunBehavior runBehavior, SqlCommand cmdHandler, SqlDataReader dataStream, BulkCopySimpleResultSet bulkCopyHandler, TdsParserStateObject stateObj, Boolean& dataReady)
   en System.Data.SqlClient.SqlDataReader.TryConsumeMetaData()
   en System.Data.SqlClient.SqlDataReader.get_MetaData()
   en System.Data.SqlClient.SqlCommand.FinishExecuteReader(SqlDataReader ds, RunBehavior runBehavior, String resetOptionsString, Boolean isInternal, Boolean forDescribeParameterEncryption, Boolean shouldCacheForAlwaysEncrypted)
   en System.Data.SqlClient.SqlCommand.RunExecuteReaderTds(CommandBehavior cmdBehavior, RunBehavior runBehavior, Boolean returnStream, Boolean async, Int32 timeout, Task& task, Boolean asyncWrite, Boolean inRetry, SqlDataReader ds, Boolean describeParameterEncryptionRequest)
   en System.Data.SqlClient.SqlCommand.RunExecuteReader(CommandBehavior cmdBehavior, RunBehavior runBehavior, Boolean returnStream, String method, TaskCompletionSource`1 completion, Int32 timeout, Task& task, Boolean& usedCache, Boolean asyncWrite, Boolean inRetry)
   en System.Data.SqlClient.SqlCommand.RunExecuteReader(CommandBehavior cmdBehavior, RunBehavior runBehavior, Boolean returnStream, String method)
   en System.Data.SqlClient.SqlCommand.ExecuteReader(CommandBehavior behavior, String method)
   en System.Data.SqlClient.SqlCommand.ExecuteReader()
   en Mantenimiento.DataAccess.AuxilioMecanicoData.ListAuxilioMecanico(DateTime fechahora_ini, DateTime fechahora_fin, String Are_Codigo, String Ben_Codigo) en D:\JELAF\MANTENIMIENTO\Template.DataAccess\AuxilioMecanicoData.cs:línea 33
   en Mantenimiento.BusinessLayer.AuxilioMecanicoLogic.ListAuxilioMecanico(AuxilioMecanicoRequest request) en D:\JELAF\MANTENIMIENTO\Template.BusinessLayer\AuxilioMecanicoLogic.cs:línea 35
ClientConnectionId:4b7e6384-b82a-45e5-9b26-e0ff2b84d06e
Error Number:201,State:4,Class:16
2020-01-10 18:17:28,263 [8] ERROR [en JBLV.Log.Log.RegistrarLog(NivelLog nivel, Exception ex)] 
System.Data.SqlClient.SqlException (0x80131904): El procedimiento o la función 'usp_LIS_Tb_AuxilioMecanico' esperaba el parámetro '@pAre_Codigo', que no se ha especificado.
   en System.Data.SqlClient.SqlConnection.OnError(SqlException exception, Boolean breakConnection, Action`1 wrapCloseInAction)
   en System.Data.SqlClient.SqlInternalConnection.OnError(SqlException exception, Boolean breakConnection, Action`1 wrapCloseInAction)
   en System.Data.SqlClient.TdsParser.ThrowExceptionAndWarning(TdsParserStateObject stateObj, Boolean callerHasConnectionLock, Boolean asyncClose)
   en System.Data.SqlClient.TdsParser.TryRun(RunBehavior runBehavior, SqlCommand cmdHandler, SqlDataReader dataStream, BulkCopySimpleResultSet bulkCopyHandler, TdsParserStateObject stateObj, Boolean& dataReady)
   en System.Data.SqlClient.SqlDataReader.TryConsumeMetaData()
   en System.Data.SqlClient.SqlDataReader.get_MetaData()
   en System.Data.SqlClient.SqlCommand.FinishExecuteReader(SqlDataReader ds, RunBehavior runBehavior, String resetOptionsString, Boolean isInternal, Boolean forDescribeParameterEncryption, Boolean shouldCacheForAlwaysEncrypted)
   en System.Data.SqlClient.SqlCommand.RunExecuteReaderTds(CommandBehavior cmdBehavior, RunBehavior runBehavior, Boolean returnStream, Boolean async, Int32 timeout, Task& task, Boolean asyncWrite, Boolean inRetry, SqlDataReader ds, Boolean describeParameterEncryptionRequest)
   en System.Data.SqlClient.SqlCommand.RunExecuteReader(CommandBehavior cmdBehavior, RunBehavior runBehavior, Boolean returnStream, String method, TaskCompletionSource`1 completion, Int32 timeout, Task& task, Boolean& usedCache, Boolean asyncWrite, Boolean inRetry)
   en System.Data.SqlClient.SqlCommand.RunExecuteReader(CommandBehavior cmdBehavior, RunBehavior runBehavior, Boolean returnStream, String method)
   en System.Data.SqlClient.SqlCommand.ExecuteReader(CommandBehavior behavior, String method)
   en System.Data.SqlClient.SqlCommand.ExecuteReader()
   en Mantenimiento.DataAccess.AuxilioMecanicoData.ListAuxilioMecanico(DateTime fechahora_ini, DateTime fechahora_fin, String Are_Codigo, String Ben_Codigo) en D:\JELAF\MANTENIMIENTO\Template.DataAccess\AuxilioMecanicoData.cs:línea 33
   en Mantenimiento.BusinessLayer.AuxilioMecanicoLogic.ListAuxilioMecanico(AuxilioMecanicoRequest request) en D:\JELAF\MANTENIMIENTO\Template.BusinessLayer\AuxilioMecanicoLogic.cs:línea 35
ClientConnectionId:4b7e6384-b82a-45e5-9b26-e0ff2b84d06e
Error Number:201,State:4,Class:16
2020-01-10 18:17:40,280 [8] ERROR [en JBLV.Log.Log.RegistrarLog(NivelLog nivel, Exception ex)] 
System.Data.SqlClient.SqlException (0x80131904): El procedimiento o la función 'usp_LIS_Tb_AuxilioMecanico' esperaba el parámetro '@pAre_Codigo', que no se ha especificado.
   en System.Data.SqlClient.SqlConnection.OnError(SqlException exception, Boolean breakConnection, Action`1 wrapCloseInAction)
   en System.Data.SqlClient.SqlInternalConnection.OnError(SqlException exception, Boolean breakConnection, Action`1 wrapCloseInAction)
   en System.Data.SqlClient.TdsParser.ThrowExceptionAndWarning(TdsParserStateObject stateObj, Boolean callerHasConnectionLock, Boolean asyncClose)
   en System.Data.SqlClient.TdsParser.TryRun(RunBehavior runBehavior, SqlCommand cmdHandler, SqlDataReader dataStream, BulkCopySimpleResultSet bulkCopyHandler, TdsParserStateObject stateObj, Boolean& dataReady)
   en System.Data.SqlClient.SqlDataReader.TryConsumeMetaData()
   en System.Data.SqlClient.SqlDataReader.get_MetaData()
   en System.Data.SqlClient.SqlCommand.FinishExecuteReader(SqlDataReader ds, RunBehavior runBehavior, String resetOptionsString, Boolean isInternal, Boolean forDescribeParameterEncryption, Boolean shouldCacheForAlwaysEncrypted)
   en System.Data.SqlClient.SqlCommand.RunExecuteReaderTds(CommandBehavior cmdBehavior, RunBehavior runBehavior, Boolean returnStream, Boolean async, Int32 timeout, Task& task, Boolean asyncWrite, Boolean inRetry, SqlDataReader ds, Boolean describeParameterEncryptionRequest)
   en System.Data.SqlClient.SqlCommand.RunExecuteReader(CommandBehavior cmdBehavior, RunBehavior runBehavior, Boolean returnStream, String method, TaskCompletionSource`1 completion, Int32 timeout, Task& task, Boolean& usedCache, Boolean asyncWrite, Boolean inRetry)
   en System.Data.SqlClient.SqlCommand.RunExecuteReader(CommandBehavior cmdBehavior, RunBehavior runBehavior, Boolean returnStream, String method)
   en System.Data.SqlClient.SqlCommand.ExecuteReader(CommandBehavior behavior, String method)
   en System.Data.SqlClient.SqlCommand.ExecuteReader()
   en Mantenimiento.DataAccess.AuxilioMecanicoData.ListAuxilioMecanico(DateTime fechahora_ini, DateTime fechahora_fin, String Are_Codigo, String Ben_Codigo) en D:\JELAF\MANTENIMIENTO\Template.DataAccess\AuxilioMecanicoData.cs:línea 33
   en Mantenimiento.BusinessLayer.AuxilioMecanicoLogic.ListAuxilioMecanico(AuxilioMecanicoRequest request) en D:\JELAF\MANTENIMIENTO\Template.BusinessLayer\AuxilioMecanicoLogic.cs:línea 35
ClientConnectionId:4b7e6384-b82a-45e5-9b26-e0ff2b84d06e
Error Number:201,State:4,Class:16
2020-01-10 23:13:08,066 [52] ERROR [en JBLV.Log.Log.RegistrarLog(NivelLog nivel, Exception ex)] 
System.Data.SqlClient.SqlException (0x80131904): Conflicto de tipos de operandos: text es incompatible con int
   en System.Data.SqlClient.SqlConnection.OnError(SqlException exception, Boolean breakConnection, Action`1 wrapCloseInAction)
   en System.Data.SqlClient.SqlInternalConnection.OnError(SqlException exception, Boolean breakConnection, Action`1 wrapCloseInAction)
   en System.Data.SqlClient.TdsParser.ThrowExceptionAndWarning(TdsParserStateObject stateObj, Boolean callerHasConnectionLock, Boolean asyncClose)
   en System.Data.SqlClient.TdsParser.TryRun(RunBehavior runBehavior, SqlCommand cmdHandler, SqlDataReader dataStream, BulkCopySimpleResultSet bulkCopyHandler, TdsParserStateObject stateObj, Boolean& dataReady)
   en System.Data.SqlClient.SqlDataReader.TryConsumeMetaData()
   en System.Data.SqlClient.SqlDataReader.get_MetaData()
   en System.Data.SqlClient.SqlCommand.FinishExecuteReader(SqlDataReader ds, RunBehavior runBehavior, String resetOptionsString, Boolean isInternal, Boolean forDescribeParameterEncryption, Boolean shouldCacheForAlwaysEncrypted)
   en System.Data.SqlClient.SqlCommand.RunExecuteReaderTds(CommandBehavior cmdBehavior, RunBehavior runBehavior, Boolean returnStream, Boolean async, Int32 timeout, Task& task, Boolean asyncWrite, Boolean inRetry, SqlDataReader ds, Boolean describeParameterEncryptionRequest)
   en System.Data.SqlClient.SqlCommand.RunExecuteReader(CommandBehavior cmdBehavior, RunBehavior runBehavior, Boolean returnStream, String method, TaskCompletionSource`1 completion, Int32 timeout, Task& task, Boolean& usedCache, Boolean asyncWrite, Boolean inRetry)
   en System.Data.SqlClient.SqlCommand.RunExecuteReader(CommandBehavior cmdBehavior, RunBehavior runBehavior, Boolean returnStream, String method)
   en System.Data.SqlClient.SqlCommand.ExecuteReader(CommandBehavior behavior, String method)
   en System.Data.SqlClient.SqlCommand.ExecuteReader()
   en Mantenimiento.DataAccess.AuxilioMecanicoData.SelectAuxilioMecanico(Int32 ID_Tb_AuxilioMecanico) en D:\JELAF\MANTENIMIENTO\Template.DataAccess\AuxilioMecanicoData.cs:línea 73
   en Mantenimiento.BusinessLayer.AuxilioMecanicoLogic.SelectAuxilioMecanico(Int32 ID_Tb_AuxilioMecanico) en D:\JELAF\MANTENIMIENTO\Template.BusinessLayer\AuxilioMecanicoLogic.cs:línea 60
ClientConnectionId:bfa157d0-22de-4d27-8e0e-8dc5d0fda2ff
Error Number:206,State:2,Class:16
2020-01-10 23:13:28,872 [52] ERROR [en JBLV.Log.Log.RegistrarLog(NivelLog nivel, Exception ex)] 
System.Data.SqlClient.SqlException (0x80131904): Conflicto de tipos de operandos: text es incompatible con int
   en System.Data.SqlClient.SqlConnection.OnError(SqlException exception, Boolean breakConnection, Action`1 wrapCloseInAction)
   en System.Data.SqlClient.SqlInternalConnection.OnError(SqlException exception, Boolean breakConnection, Action`1 wrapCloseInAction)
   en System.Data.SqlClient.TdsParser.ThrowExceptionAndWarning(TdsParserStateObject stateObj, Boolean callerHasConnectionLock, Boolean asyncClose)
   en System.Data.SqlClient.TdsParser.TryRun(RunBehavior runBehavior, SqlCommand cmdHandler, SqlDataReader dataStream, BulkCopySimpleResultSet bulkCopyHandler, TdsParserStateObject stateObj, Boolean& dataReady)
   en System.Data.SqlClient.SqlDataReader.TryConsumeMetaData()
   en System.Data.SqlClient.SqlDataReader.get_MetaData()
   en System.Data.SqlClient.SqlCommand.FinishExecuteReader(SqlDataReader ds, RunBehavior runBehavior, String resetOptionsString, Boolean isInternal, Boolean forDescribeParameterEncryption, Boolean shouldCacheForAlwaysEncrypted)
   en System.Data.SqlClient.SqlCommand.RunExecuteReaderTds(CommandBehavior cmdBehavior, RunBehavior runBehavior, Boolean returnStream, Boolean async, Int32 timeout, Task& task, Boolean asyncWrite, Boolean inRetry, SqlDataReader ds, Boolean describeParameterEncryptionRequest)
   en System.Data.SqlClient.SqlCommand.RunExecuteReader(CommandBehavior cmdBehavior, RunBehavior runBehavior, Boolean returnStream, String method, TaskCompletionSource`1 completion, Int32 timeout, Task& task, Boolean& usedCache, Boolean asyncWrite, Boolean inRetry)
   en System.Data.SqlClient.SqlCommand.RunExecuteReader(CommandBehavior cmdBehavior, RunBehavior runBehavior, Boolean returnStream, String method)
   en System.Data.SqlClient.SqlCommand.ExecuteReader(CommandBehavior behavior, String method)
   en System.Data.SqlClient.SqlCommand.ExecuteReader()
   en Mantenimiento.DataAccess.AuxilioMecanicoData.SelectAuxilioMecanico(Int32 ID_Tb_AuxilioMecanico) en D:\JELAF\MANTENIMIENTO\Template.DataAccess\AuxilioMecanicoData.cs:línea 73
   en Mantenimiento.BusinessLayer.AuxilioMecanicoLogic.SelectAuxilioMecanico(Int32 ID_Tb_AuxilioMecanico) en D:\JELAF\MANTENIMIENTO\Template.BusinessLayer\AuxilioMecanicoLogic.cs:línea 60
ClientConnectionId:bfa157d0-22de-4d27-8e0e-8dc5d0fda2ff
Error Number:206,State:2,Class:16
2020-01-10 23:50:20,857 [56] ERROR [en JBLV.Log.Log.RegistrarLog(NivelLog nivel, Exception ex)] 
System.Exception: Error al convertir el valor del parámetro de String a Int16.
   en Mantenimiento.DataAccess.AuxilioMecanicoData.<UpdateAuxilioMecanico>d__3.MoveNext() en D:\JELAF\MANTENIMIENTO\Template.DataAccess\AuxilioMecanicoData.cs:línea 210
--- Fin del seguimiento de la pila de la ubicación anterior donde se produjo la excepción ---
   en System.Runtime.CompilerServices.TaskAwaiter.ThrowForNonSuccess(Task task)
   en System.Runtime.CompilerServices.TaskAwaiter.HandleNonSuccessAndDebuggerNotification(Task task)
   en System.Runtime.CompilerServices.TaskAwaiter`1.GetResult()
   en Mantenimiento.BusinessLayer.AuxilioMecanicoLogic.<UpdateAuxilioMecanico>d__4.MoveNext() en D:\JELAF\MANTENIMIENTO\Template.BusinessLayer\AuxilioMecanicoLogic.cs:línea 156
2020-01-10 23:54:12,699 [33] ERROR [en JBLV.Log.Log.RegistrarLog(NivelLog nivel, Exception ex)] 
System.Exception: Error al convertir el valor del parámetro de String a Int16.
   en Mantenimiento.DataAccess.AuxilioMecanicoData.<UpdateAuxilioMecanico>d__3.MoveNext() en D:\JELAF\MANTENIMIENTO\Template.DataAccess\AuxilioMecanicoData.cs:línea 208
--- Fin del seguimiento de la pila de la ubicación anterior donde se produjo la excepción ---
   en System.Runtime.CompilerServices.TaskAwaiter.ThrowForNonSuccess(Task task)
   en System.Runtime.CompilerServices.TaskAwaiter.HandleNonSuccessAndDebuggerNotification(Task task)
   en System.Runtime.CompilerServices.TaskAwaiter`1.GetResult()
   en Mantenimiento.BusinessLayer.AuxilioMecanicoLogic.<UpdateAuxilioMecanico>d__4.MoveNext() en D:\JELAF\MANTENIMIENTO\Template.BusinessLayer\AuxilioMecanicoLogic.cs:línea 156
