2020-02-18 20:37:53,121 [7] ERROR [en JBLV.Log.Log.RegistrarLog(NivelLog nivel, Exception ex)] 
System.FormatException: No se puede reconocer la cadena como valor DateTime válido.
   en System.DateTimeParse.Parse(String s, DateTimeFormatInfo dtfi, DateTimeStyles styles)
   en System.Convert.ToDateTime(String value)
   en Mantenimiento.DataAccess.InformeData.ListInformeAdmin(InformeFilter objFiltro) en D:\Proyectos\_Mantenimiento\MantenimientoJelaf\Template.DataAccess\InformeData.cs:línea 29
   en Mantenimiento.BusinessLayer.InformeLogic.ListInforme(InformeRequest request) en D:\Proyectos\_Mantenimiento\MantenimientoJelaf\Template.BusinessLayer\InformeLogic.cs:línea 39
2020-02-18 20:38:17,377 [17] ERROR [en JBLV.Log.Log.RegistrarLog(NivelLog nivel, Exception ex)] 
System.ServiceModel.FaultException`1[Mantenimiento.Entities.Peticiones.Responses.ServiceErrorResponse]: Advertencia del lado del servidor El detalle del error es igual a Mantenimiento.Entities.Peticiones.Responses.ServiceErrorResponse.
2020-02-18 20:39:09,859 [18] ERROR [en JBLV.Log.Log.RegistrarLog(NivelLog nivel, Exception ex)] 
System.ServiceModel.FaultException`1[Mantenimiento.Entities.Peticiones.Responses.ServiceErrorResponse]: Advertencia del lado del servidor El detalle del error es igual a Mantenimiento.Entities.Peticiones.Responses.ServiceErrorResponse.
2020-02-18 20:42:33,694 [18] ERROR [en JBLV.Log.Log.RegistrarLog(NivelLog nivel, Exception ex)] 
System.ServiceModel.FaultException`1[Mantenimiento.Entities.Peticiones.Responses.ServiceErrorResponse]: Advertencia del lado del servidor El detalle del error es igual a Mantenimiento.Entities.Peticiones.Responses.ServiceErrorResponse.
2020-02-18 20:43:07,590 [18] ERROR [en JBLV.Log.Log.RegistrarLog(NivelLog nivel, Exception ex)] 
System.ServiceModel.FaultException`1[Mantenimiento.Entities.Peticiones.Responses.ServiceErrorResponse]: Advertencia del lado del servidor El detalle del error es igual a Mantenimiento.Entities.Peticiones.Responses.ServiceErrorResponse.
2020-02-18 20:43:43,591 [26] ERROR [en JBLV.Log.Log.RegistrarLog(NivelLog nivel, Exception ex)] 
System.FormatException: No se puede reconocer la cadena como valor DateTime válido.
   en System.DateTimeParse.Parse(String s, DateTimeFormatInfo dtfi, DateTimeStyles styles)
   en System.Convert.ToDateTime(String value)
   en Mantenimiento.DataAccess.InformeData.ListInformeAdmin(InformeFilter objFiltro) en D:\Proyectos\_Mantenimiento\MantenimientoJelaf\Template.DataAccess\InformeData.cs:línea 29
   en Mantenimiento.BusinessLayer.InformeLogic.ListInforme(InformeRequest request) en D:\Proyectos\_Mantenimiento\MantenimientoJelaf\Template.BusinessLayer\InformeLogic.cs:línea 39
2020-02-18 20:44:07,625 [25] ERROR [en JBLV.Log.Log.RegistrarLog(NivelLog nivel, Exception ex)] 
System.ServiceModel.FaultException`1[Mantenimiento.Entities.Peticiones.Responses.ServiceErrorResponse]: Este registro ya existe El detalle del error es igual a Mantenimiento.Entities.Peticiones.Responses.ServiceErrorResponse.
2020-02-18 20:46:12,570 [24] ERROR [en JBLV.Log.Log.RegistrarLog(NivelLog nivel, Exception ex)] 
System.FormatException: No se puede reconocer la cadena como valor DateTime válido.
   en System.DateTimeParse.Parse(String s, DateTimeFormatInfo dtfi, DateTimeStyles styles)
   en System.Convert.ToDateTime(String value)
   en Mantenimiento.DataAccess.InformeData.ListInformeAdmin(InformeFilter objFiltro) en D:\Proyectos\_Mantenimiento\MantenimientoJelaf\Template.DataAccess\InformeData.cs:línea 29
   en Mantenimiento.BusinessLayer.InformeLogic.ListInforme(InformeRequest request) en D:\Proyectos\_Mantenimiento\MantenimientoJelaf\Template.BusinessLayer\InformeLogic.cs:línea 39
2020-02-18 20:46:34,667 [25] ERROR [en JBLV.Log.Log.RegistrarLog(NivelLog nivel, Exception ex)] 
System.ServiceModel.FaultException`1[Mantenimiento.Entities.Peticiones.Responses.ServiceErrorResponse]: Este registro ya existe El detalle del error es igual a Mantenimiento.Entities.Peticiones.Responses.ServiceErrorResponse.
2020-02-18 20:47:35,121 [35] ERROR [en JBLV.Log.Log.RegistrarLog(NivelLog nivel, Exception ex)] 
System.FormatException: No se puede reconocer la cadena como valor DateTime válido.
   en System.DateTimeParse.Parse(String s, DateTimeFormatInfo dtfi, DateTimeStyles styles)
   en System.Convert.ToDateTime(String value)
   en Mantenimiento.DataAccess.InformeData.ListInformeAdmin(InformeFilter objFiltro) en D:\Proyectos\_Mantenimiento\MantenimientoJelaf\Template.DataAccess\InformeData.cs:línea 29
   en Mantenimiento.BusinessLayer.InformeLogic.ListInforme(InformeRequest request) en D:\Proyectos\_Mantenimiento\MantenimientoJelaf\Template.BusinessLayer\InformeLogic.cs:línea 39
2020-02-18 20:47:52,033 [25] ERROR [en JBLV.Log.Log.RegistrarLog(NivelLog nivel, Exception ex)] 
System.ServiceModel.FaultException`1[Mantenimiento.Entities.Peticiones.Responses.ServiceErrorResponse]: Este registro ya existe El detalle del error es igual a Mantenimiento.Entities.Peticiones.Responses.ServiceErrorResponse.
2020-02-18 20:48:09,560 [25] ERROR [en JBLV.Log.Log.RegistrarLog(NivelLog nivel, Exception ex)] 
System.ServiceModel.FaultException`1[Mantenimiento.Entities.Peticiones.Responses.ServiceErrorResponse]: Este registro ya existe El detalle del error es igual a Mantenimiento.Entities.Peticiones.Responses.ServiceErrorResponse.
2020-02-18 20:48:50,151 [13] ERROR [en JBLV.Log.Log.RegistrarLog(NivelLog nivel, Exception ex)] 
System.FormatException: No se reconoce la cadena como un valor de DateTime válido. Hay una palabra desconocida a partir del índice 0.
   en System.DateTimeParse.Parse(String s, DateTimeFormatInfo dtfi, DateTimeStyles styles)
   en System.Convert.ToDateTime(String value)
   en Mantenimiento.BusinessLayer.InformeLogic.<InsertTareaMecanico>d__14.MoveNext() en D:\Proyectos\_Mantenimiento\MantenimientoJelaf\Template.BusinessLayer\InformeLogic.cs:línea 499
2020-02-18 21:00:33,996 [44] ERROR [en JBLV.Log.Log.RegistrarLog(NivelLog nivel, Exception ex)] 
System.ServiceModel.FaultException`1[Mantenimiento.Entities.Peticiones.Responses.ServiceErrorResponse]: La clave ingresada es incorrecta El detalle del error es igual a Mantenimiento.Entities.Peticiones.Responses.ServiceErrorResponse.
2020-02-18 21:00:42,807 [52] ERROR [en JBLV.Log.Log.RegistrarLog(NivelLog nivel, Exception ex)] 
System.FormatException: No se puede reconocer la cadena como valor DateTime válido.
   en System.DateTimeParse.Parse(String s, DateTimeFormatInfo dtfi, DateTimeStyles styles)
   en System.Convert.ToDateTime(String value)
   en Mantenimiento.DataAccess.InformeData.ListInformeAdmin(InformeFilter objFiltro) en D:\Proyectos\_Mantenimiento\MantenimientoJelaf\Template.DataAccess\InformeData.cs:línea 29
   en Mantenimiento.BusinessLayer.InformeLogic.ListInforme(InformeRequest request) en D:\Proyectos\_Mantenimiento\MantenimientoJelaf\Template.BusinessLayer\InformeLogic.cs:línea 39
2020-02-18 21:01:05,071 [52] ERROR [en JBLV.Log.Log.RegistrarLog(NivelLog nivel, Exception ex)] 
System.ServiceModel.FaultException`1[Mantenimiento.Entities.Peticiones.Responses.ServiceErrorResponse]: Este registro ya existe El detalle del error es igual a Mantenimiento.Entities.Peticiones.Responses.ServiceErrorResponse.
2020-02-18 23:21:27,659 [17] ERROR [en JBLV.Log.Log.RegistrarLog(NivelLog nivel, Exception ex)] 
System.FormatException: No se puede reconocer la cadena como valor DateTime válido.
   en System.DateTimeParse.Parse(String s, DateTimeFormatInfo dtfi, DateTimeStyles styles)
   en System.Convert.ToDateTime(String value)
   en Mantenimiento.DataAccess.InformeData.ListInformeAdmin(InformeFilter objFiltro) en D:\Proyectos\_Mantenimiento\MantenimientoJelaf\Template.DataAccess\InformeData.cs:línea 29
   en Mantenimiento.BusinessLayer.InformeLogic.ListInforme(InformeRequest request) en D:\Proyectos\_Mantenimiento\MantenimientoJelaf\Template.BusinessLayer\InformeLogic.cs:línea 39
2020-02-18 23:23:09,954 [7] ERROR [en JBLV.Log.Log.RegistrarLog(NivelLog nivel, Exception ex)] 
System.FormatException: No se puede reconocer la cadena como valor DateTime válido.
   en System.DateTimeParse.Parse(String s, DateTimeFormatInfo dtfi, DateTimeStyles styles)
   en System.Convert.ToDateTime(String value)
   en Mantenimiento.DataAccess.InformeData.ListInformeAdmin(InformeFilter objFiltro) en D:\Proyectos\_Mantenimiento\MantenimientoJelaf\Template.DataAccess\InformeData.cs:línea 29
   en Mantenimiento.BusinessLayer.InformeLogic.ListInforme(InformeRequest request) en D:\Proyectos\_Mantenimiento\MantenimientoJelaf\Template.BusinessLayer\InformeLogic.cs:línea 39
2020-02-18 23:23:42,043 [7] ERROR [en JBLV.Log.Log.RegistrarLog(NivelLog nivel, Exception ex)] 
System.InvalidOperationException: El objeto que acepta valores Null debe tener un valor.
   en System.ThrowHelper.ThrowInvalidOperationException(ExceptionResource resource)
   en System.Nullable`1.get_Value()
   en Mantenimiento.DataAccess.InformeTareasData.ListInformeTareasBackLogCorrectivo(String IdUnidad) en D:\Proyectos\_Mantenimiento\MantenimientoJelaf\Template.DataAccess\InformeTareasData.cs:línea 78
   en Mantenimiento.BusinessLayer.InformeLogic.ListInformeTareasBackLog(String IdUnidad, String Tipo) en D:\Proyectos\_Mantenimiento\MantenimientoJelaf\Template.BusinessLayer\InformeLogic.cs:línea 225
2020-02-18 23:24:51,246 [7] ERROR [en JBLV.Log.Log.RegistrarLog(NivelLog nivel, Exception ex)] 
System.FormatException: No se puede reconocer la cadena como valor DateTime válido.
   en System.DateTimeParse.Parse(String s, DateTimeFormatInfo dtfi, DateTimeStyles styles)
   en System.Convert.ToDateTime(String value)
   en Mantenimiento.DataAccess.InformeData.ListInformeAdmin(InformeFilter objFiltro) en D:\Proyectos\_Mantenimiento\MantenimientoJelaf\Template.DataAccess\InformeData.cs:línea 29
   en Mantenimiento.BusinessLayer.InformeLogic.ListInforme(InformeRequest request) en D:\Proyectos\_Mantenimiento\MantenimientoJelaf\Template.BusinessLayer\InformeLogic.cs:línea 39
2020-02-18 23:25:12,581 [7] ERROR [en JBLV.Log.Log.RegistrarLog(NivelLog nivel, Exception ex)] 
System.InvalidOperationException: El objeto que acepta valores Null debe tener un valor.
   en System.ThrowHelper.ThrowInvalidOperationException(ExceptionResource resource)
   en System.Nullable`1.get_Value()
   en Mantenimiento.DataAccess.InformeTareasData.ListInformeTareasBackLogCorrectivo(String IdUnidad) en D:\Proyectos\_Mantenimiento\MantenimientoJelaf\Template.DataAccess\InformeTareasData.cs:línea 78
   en Mantenimiento.BusinessLayer.InformeLogic.ListInformeTareasBackLog(String IdUnidad, String Tipo) en D:\Proyectos\_Mantenimiento\MantenimientoJelaf\Template.BusinessLayer\InformeLogic.cs:línea 225
2020-02-18 23:25:52,844 [7] ERROR [en JBLV.Log.Log.RegistrarLog(NivelLog nivel, Exception ex)] 
System.InvalidOperationException: El objeto que acepta valores Null debe tener un valor.
   en System.ThrowHelper.ThrowInvalidOperationException(ExceptionResource resource)
   en System.Nullable`1.get_Value()
   en Mantenimiento.DataAccess.InformeTareasData.ListInformeTareasBackLogCorrectivo(String IdUnidad) en D:\Proyectos\_Mantenimiento\MantenimientoJelaf\Template.DataAccess\InformeTareasData.cs:línea 78
   en Mantenimiento.BusinessLayer.InformeLogic.ListInformeTareasBackLog(String IdUnidad, String Tipo) en D:\Proyectos\_Mantenimiento\MantenimientoJelaf\Template.BusinessLayer\InformeLogic.cs:línea 225
2020-02-18 23:27:44,395 [37] ERROR [en JBLV.Log.Log.RegistrarLog(NivelLog nivel, Exception ex)] 
System.FormatException: No se puede reconocer la cadena como valor DateTime válido.
   en System.DateTimeParse.Parse(String s, DateTimeFormatInfo dtfi, DateTimeStyles styles)
   en System.Convert.ToDateTime(String value)
   en Mantenimiento.DataAccess.InformeData.ListInformeAdmin(InformeFilter objFiltro) en D:\Proyectos\_Mantenimiento\MantenimientoJelaf\Template.DataAccess\InformeData.cs:línea 29
   en Mantenimiento.BusinessLayer.InformeLogic.ListInforme(InformeRequest request) en D:\Proyectos\_Mantenimiento\MantenimientoJelaf\Template.BusinessLayer\InformeLogic.cs:línea 39
2020-02-18 23:29:52,948 [37] ERROR [en JBLV.Log.Log.RegistrarLog(NivelLog nivel, Exception ex)] 
System.FormatException: No se puede reconocer la cadena como valor DateTime válido.
   en System.DateTimeParse.Parse(String s, DateTimeFormatInfo dtfi, DateTimeStyles styles)
   en System.Convert.ToDateTime(String value)
   en Mantenimiento.DataAccess.InformeData.ListInformeAdmin(InformeFilter objFiltro) en D:\Proyectos\_Mantenimiento\MantenimientoJelaf\Template.DataAccess\InformeData.cs:línea 29
   en Mantenimiento.BusinessLayer.InformeLogic.ListInforme(InformeRequest request) en D:\Proyectos\_Mantenimiento\MantenimientoJelaf\Template.BusinessLayer\InformeLogic.cs:línea 39
2020-02-18 23:36:31,294 [45] ERROR [en JBLV.Log.Log.RegistrarLog(NivelLog nivel, Exception ex)] 
System.FormatException: No se puede reconocer la cadena como valor DateTime válido.
   en System.DateTimeParse.Parse(String s, DateTimeFormatInfo dtfi, DateTimeStyles styles)
   en System.Convert.ToDateTime(String value)
   en Mantenimiento.DataAccess.InformeData.ListInformeAdmin(InformeFilter objFiltro) en D:\Proyectos\_Mantenimiento\MantenimientoJelaf\Template.DataAccess\InformeData.cs:línea 29
   en Mantenimiento.BusinessLayer.InformeLogic.ListInforme(InformeRequest request) en D:\Proyectos\_Mantenimiento\MantenimientoJelaf\Template.BusinessLayer\InformeLogic.cs:línea 39
2020-02-18 23:42:49,328 [6] ERROR [en JBLV.Log.Log.RegistrarLog(NivelLog nivel, Exception ex)] 
System.FormatException: No se puede reconocer la cadena como valor DateTime válido.
   en System.DateTimeParse.Parse(String s, DateTimeFormatInfo dtfi, DateTimeStyles styles)
   en System.Convert.ToDateTime(String value)
   en Mantenimiento.DataAccess.InformeData.ListInformeAdmin(InformeFilter objFiltro) en D:\Proyectos\_Mantenimiento\MantenimientoJelaf\Template.DataAccess\InformeData.cs:línea 29
   en Mantenimiento.BusinessLayer.InformeLogic.ListInforme(InformeRequest request) en D:\Proyectos\_Mantenimiento\MantenimientoJelaf\Template.BusinessLayer\InformeLogic.cs:línea 39
2020-02-18 23:45:01,870 [21] ERROR [en JBLV.Log.Log.RegistrarLog(NivelLog nivel, Exception ex)] 
System.FormatException: No se puede reconocer la cadena como valor DateTime válido.
   en System.DateTimeParse.Parse(String s, DateTimeFormatInfo dtfi, DateTimeStyles styles)
   en System.Convert.ToDateTime(String value)
   en Mantenimiento.DataAccess.InformeData.ListInformeAdmin(InformeFilter objFiltro) en D:\Proyectos\_Mantenimiento\MantenimientoJelaf\Template.DataAccess\InformeData.cs:línea 29
   en Mantenimiento.BusinessLayer.InformeLogic.ListInforme(InformeRequest request) en D:\Proyectos\_Mantenimiento\MantenimientoJelaf\Template.BusinessLayer\InformeLogic.cs:línea 39
