2020-01-18 00:17:35,345 [51] ERROR [en JBLV.Log.Log.RegistrarLog(NivelLog nivel, Exception ex)] 
System.InvalidCastException: Error al convertir el valor del parámetro de Int16 a DateTime. ---> System.InvalidCastException: Conversión no válida desde 'Int16' hasta 'DateTime'.
   en System.Int16.System.IConvertible.ToDateTime(IFormatProvider provider)
   en System.Convert.ChangeType(Object value, Type conversionType, IFormatProvider provider)
   en System.Data.SqlClient.SqlParameter.CoerceValue(Object value, MetaType destinationType, Boolean& coercedToDataFeed, Boolean& typeChanged, Boolean allowStreaming)
   --- Fin del seguimiento de la pila de la excepción interna ---
   en System.Data.SqlClient.SqlParameter.CoerceValue(Object value, MetaType destinationType, Boolean& coercedToDataFeed, Boolean& typeChanged, Boolean allowStreaming)
   en System.Data.SqlClient.SqlParameter.GetCoercedValue()
   en System.Data.SqlClient.SqlParameter.Validate(Int32 index, Boolean isCommandProc)
   en System.Data.SqlClient.SqlCommand.SetUpRPCParameters(_SqlRPC rpc, Int32 startCount, Boolean inSchema, SqlParameterCollection parameters)
   en System.Data.SqlClient.SqlCommand.BuildRPC(Boolean inSchema, SqlParameterCollection parameters, _SqlRPC& rpc)
   en System.Data.SqlClient.SqlCommand.RunExecuteReaderTds(CommandBehavior cmdBehavior, RunBehavior runBehavior, Boolean returnStream, Boolean async, Int32 timeout, Task& task, Boolean asyncWrite, Boolean inRetry, SqlDataReader ds, Boolean describeParameterEncryptionRequest)
   en System.Data.SqlClient.SqlCommand.RunExecuteReader(CommandBehavior cmdBehavior, RunBehavior runBehavior, Boolean returnStream, String method, TaskCompletionSource`1 completion, Int32 timeout, Task& task, Boolean& usedCache, Boolean asyncWrite, Boolean inRetry)
   en System.Data.SqlClient.SqlCommand.RunExecuteReader(CommandBehavior cmdBehavior, RunBehavior runBehavior, Boolean returnStream, String method)
   en System.Data.SqlClient.SqlCommand.ExecuteReader(CommandBehavior behavior, String method)
   en System.Data.SqlClient.SqlCommand.ExecuteReader()
   en Mantenimiento.DataAccess.MtbfData.ListMTBF(Int16 anio) en D:\JELAF\MANTENIMIENTO\Template.DataAccess\MtbfData.cs:línea 31
   en Mantenimiento.BusinessLayer.MtbfLogic.ListMtbf(Int16 anio) en D:\JELAF\MANTENIMIENTO\Template.BusinessLayer\MtbfLogic.cs:línea 27
2020-01-18 00:18:12,766 [83] ERROR [en JBLV.Log.Log.RegistrarLog(NivelLog nivel, Exception ex)] 
System.InvalidCastException: Error al convertir el valor del parámetro de Int16 a DateTime. ---> System.InvalidCastException: Conversión no válida desde 'Int16' hasta 'DateTime'.
   en System.Int16.System.IConvertible.ToDateTime(IFormatProvider provider)
   en System.Convert.ChangeType(Object value, Type conversionType, IFormatProvider provider)
   en System.Data.SqlClient.SqlParameter.CoerceValue(Object value, MetaType destinationType, Boolean& coercedToDataFeed, Boolean& typeChanged, Boolean allowStreaming)
   --- Fin del seguimiento de la pila de la excepción interna ---
   en System.Data.SqlClient.SqlParameter.CoerceValue(Object value, MetaType destinationType, Boolean& coercedToDataFeed, Boolean& typeChanged, Boolean allowStreaming)
   en System.Data.SqlClient.SqlParameter.GetCoercedValue()
   en System.Data.SqlClient.SqlParameter.Validate(Int32 index, Boolean isCommandProc)
   en System.Data.SqlClient.SqlCommand.SetUpRPCParameters(_SqlRPC rpc, Int32 startCount, Boolean inSchema, SqlParameterCollection parameters)
   en System.Data.SqlClient.SqlCommand.BuildRPC(Boolean inSchema, SqlParameterCollection parameters, _SqlRPC& rpc)
   en System.Data.SqlClient.SqlCommand.RunExecuteReaderTds(CommandBehavior cmdBehavior, RunBehavior runBehavior, Boolean returnStream, Boolean async, Int32 timeout, Task& task, Boolean asyncWrite, Boolean inRetry, SqlDataReader ds, Boolean describeParameterEncryptionRequest)
   en System.Data.SqlClient.SqlCommand.RunExecuteReader(CommandBehavior cmdBehavior, RunBehavior runBehavior, Boolean returnStream, String method, TaskCompletionSource`1 completion, Int32 timeout, Task& task, Boolean& usedCache, Boolean asyncWrite, Boolean inRetry)
   en System.Data.SqlClient.SqlCommand.RunExecuteReader(CommandBehavior cmdBehavior, RunBehavior runBehavior, Boolean returnStream, String method)
   en System.Data.SqlClient.SqlCommand.ExecuteReader(CommandBehavior behavior, String method)
   en System.Data.SqlClient.SqlCommand.ExecuteReader()
   en Mantenimiento.DataAccess.MtbfData.ListMTBF(Int16 anio) en D:\JELAF\MANTENIMIENTO\Template.DataAccess\MtbfData.cs:línea 31
   en Mantenimiento.BusinessLayer.MtbfLogic.ListMtbf(Int16 anio) en D:\JELAF\MANTENIMIENTO\Template.BusinessLayer\MtbfLogic.cs:línea 27
2020-01-18 00:20:13,025 [83] ERROR [en JBLV.Log.Log.RegistrarLog(NivelLog nivel, Exception ex)] 
System.InvalidCastException: Error al convertir el valor del parámetro de Int16 a DateTime. ---> System.InvalidCastException: Conversión no válida desde 'Int16' hasta 'DateTime'.
   en System.Int16.System.IConvertible.ToDateTime(IFormatProvider provider)
   en System.Convert.ChangeType(Object value, Type conversionType, IFormatProvider provider)
   en System.Data.SqlClient.SqlParameter.CoerceValue(Object value, MetaType destinationType, Boolean& coercedToDataFeed, Boolean& typeChanged, Boolean allowStreaming)
   --- Fin del seguimiento de la pila de la excepción interna ---
   en System.Data.SqlClient.SqlParameter.CoerceValue(Object value, MetaType destinationType, Boolean& coercedToDataFeed, Boolean& typeChanged, Boolean allowStreaming)
   en System.Data.SqlClient.SqlParameter.GetCoercedValue()
   en System.Data.SqlClient.SqlParameter.Validate(Int32 index, Boolean isCommandProc)
   en System.Data.SqlClient.SqlCommand.SetUpRPCParameters(_SqlRPC rpc, Int32 startCount, Boolean inSchema, SqlParameterCollection parameters)
   en System.Data.SqlClient.SqlCommand.BuildRPC(Boolean inSchema, SqlParameterCollection parameters, _SqlRPC& rpc)
   en System.Data.SqlClient.SqlCommand.RunExecuteReaderTds(CommandBehavior cmdBehavior, RunBehavior runBehavior, Boolean returnStream, Boolean async, Int32 timeout, Task& task, Boolean asyncWrite, Boolean inRetry, SqlDataReader ds, Boolean describeParameterEncryptionRequest)
   en System.Data.SqlClient.SqlCommand.RunExecuteReader(CommandBehavior cmdBehavior, RunBehavior runBehavior, Boolean returnStream, String method, TaskCompletionSource`1 completion, Int32 timeout, Task& task, Boolean& usedCache, Boolean asyncWrite, Boolean inRetry)
   en System.Data.SqlClient.SqlCommand.RunExecuteReader(CommandBehavior cmdBehavior, RunBehavior runBehavior, Boolean returnStream, String method)
   en System.Data.SqlClient.SqlCommand.ExecuteReader(CommandBehavior behavior, String method)
   en System.Data.SqlClient.SqlCommand.ExecuteReader()
   en Mantenimiento.DataAccess.MtbfData.ListMTBF(Int16 anio) en D:\JELAF\MANTENIMIENTO\Template.DataAccess\MtbfData.cs:línea 31
   en Mantenimiento.BusinessLayer.MtbfLogic.ListMtbf(Int16 anio) en D:\JELAF\MANTENIMIENTO\Template.BusinessLayer\MtbfLogic.cs:línea 27
2020-01-18 16:11:13,533 [77] ERROR [en JBLV.Log.Log.RegistrarLog(NivelLog nivel, Exception ex)] 
System.IndexOutOfRangeException: Índice fuera de los límites de la matriz.
   en Mantenimiento.BusinessLayer.MtbfLogic.convertHoraDecimalToString(Double hora) en D:\JELAF\MANTENIMIENTO\Template.BusinessLayer\MtbfLogic.cs:línea 71
   en Mantenimiento.BusinessLayer.MtbfLogic.ListMtbf_AuxilioMecanico(Int16 anio) en D:\JELAF\MANTENIMIENTO\Template.BusinessLayer\MtbfLogic.cs:línea 92
2020-01-18 16:24:08,204 [7] ERROR [en JBLV.Log.Log.RegistrarLog(NivelLog nivel, Exception ex)] 
System.IndexOutOfRangeException: Índice fuera de los límites de la matriz.
   en Mantenimiento.BusinessLayer.MtbfLogic.convertHoraDecimalToString(Double hora) en D:\JELAF\MANTENIMIENTO\Template.BusinessLayer\MtbfLogic.cs:línea 71
   en Mantenimiento.BusinessLayer.MtbfLogic.ListMtbf_AuxilioMecanico(Int16 anio) en D:\JELAF\MANTENIMIENTO\Template.BusinessLayer\MtbfLogic.cs:línea 92
2020-01-18 16:32:00,519 [13] ERROR [en JBLV.Log.Log.RegistrarLog(NivelLog nivel, Exception ex)] 
System.IndexOutOfRangeException: Índice fuera de los límites de la matriz.
   en Mantenimiento.BusinessLayer.MtbfLogic.convertHoraDecimalToString(Double hora) en D:\JELAF\MANTENIMIENTO\Template.BusinessLayer\MtbfLogic.cs:línea 71
   en Mantenimiento.BusinessLayer.MtbfLogic.ListMtbf_AuxilioMecanico(Int16 anio) en D:\JELAF\MANTENIMIENTO\Template.BusinessLayer\MtbfLogic.cs:línea 95
2020-01-18 16:35:37,494 [32] ERROR [en JBLV.Log.Log.RegistrarLog(NivelLog nivel, Exception ex)] 
System.FormatException: La cadena de entrada no tiene el formato correcto.
   en System.Number.StringToNumber(String str, NumberStyles options, NumberBuffer& number, NumberFormatInfo info, Boolean parseDecimal)
   en System.Number.ParseInt32(String s, NumberStyles style, NumberFormatInfo info)
   en System.Convert.ToInt32(String value)
   en Mantenimiento.BusinessLayer.MtbfLogic.convertHoraDecimalToString(Double hora) en D:\JELAF\MANTENIMIENTO\Template.BusinessLayer\MtbfLogic.cs:línea 74
   en Mantenimiento.BusinessLayer.MtbfLogic.ListMtbf_AuxilioMecanico(Int16 anio) en D:\JELAF\MANTENIMIENTO\Template.BusinessLayer\MtbfLogic.cs:línea 97
2020-01-18 16:38:26,519 [12] ERROR [en JBLV.Log.Log.RegistrarLog(NivelLog nivel, Exception ex)] 
System.FormatException: La cadena de entrada no tiene el formato correcto.
   en System.Number.StringToNumber(String str, NumberStyles options, NumberBuffer& number, NumberFormatInfo info, Boolean parseDecimal)
   en System.Number.ParseInt32(String s, NumberStyles style, NumberFormatInfo info)
   en System.Convert.ToInt32(String value)
   en Mantenimiento.BusinessLayer.MtbfLogic.convertHoraDecimalToString(Double hora) en D:\JELAF\MANTENIMIENTO\Template.BusinessLayer\MtbfLogic.cs:línea 74
   en Mantenimiento.BusinessLayer.MtbfLogic.ListMtbf_AuxilioMecanico(Int16 anio) en D:\JELAF\MANTENIMIENTO\Template.BusinessLayer\MtbfLogic.cs:línea 97
2020-01-18 19:43:13,085 [80] ERROR [en JBLV.Log.Log.RegistrarLog(NivelLog nivel, Exception ex)] 
System.OverflowException: Valor demasiado grande o demasiado pequeño para Int32.
   en System.Number.ParseInt32(String s, NumberStyles style, NumberFormatInfo info)
   en System.Convert.ToInt32(String value)
   en Mantenimiento.BusinessLayer.MtbfLogic.convertHoraDecimalToString(Double hora) en D:\JELAF\MANTENIMIENTO\Template.BusinessLayer\MtbfLogic.cs:línea 74
   en Mantenimiento.BusinessLayer.MtbfLogic.ListMtbf_AuxilioMecanico(Int16 anio) en D:\JELAF\MANTENIMIENTO\Template.BusinessLayer\MtbfLogic.cs:línea 97
2020-01-18 19:43:38,203 [80] ERROR [en JBLV.Log.Log.RegistrarLog(NivelLog nivel, Exception ex)] 
System.OverflowException: Valor demasiado grande o demasiado pequeño para Int32.
   en System.Number.ParseInt32(String s, NumberStyles style, NumberFormatInfo info)
   en System.Convert.ToInt32(String value)
   en Mantenimiento.BusinessLayer.MtbfLogic.convertHoraDecimalToString(Double hora) en D:\JELAF\MANTENIMIENTO\Template.BusinessLayer\MtbfLogic.cs:línea 74
   en Mantenimiento.BusinessLayer.MtbfLogic.ListMtbf_AuxilioMecanico(Int16 anio) en D:\JELAF\MANTENIMIENTO\Template.BusinessLayer\MtbfLogic.cs:línea 97
2020-01-18 19:45:05,518 [80] ERROR [en JBLV.Log.Log.RegistrarLog(NivelLog nivel, Exception ex)] 
System.OverflowException: Valor demasiado grande o demasiado pequeño para Int32.
   en System.Number.ParseInt32(String s, NumberStyles style, NumberFormatInfo info)
   en System.Convert.ToInt32(String value)
   en Mantenimiento.BusinessLayer.MtbfLogic.convertHoraDecimalToString(Double hora) en D:\JELAF\MANTENIMIENTO\Template.BusinessLayer\MtbfLogic.cs:línea 74
   en Mantenimiento.BusinessLayer.MtbfLogic.ListMtbf_AuxilioMecanico(Int16 anio) en D:\JELAF\MANTENIMIENTO\Template.BusinessLayer\MtbfLogic.cs:línea 97
2020-01-18 19:48:39,224 [80] ERROR [en JBLV.Log.Log.RegistrarLog(NivelLog nivel, Exception ex)] 
System.OverflowException: Valor demasiado grande o demasiado pequeño para Int32.
   en System.Number.ParseInt32(String s, NumberStyles style, NumberFormatInfo info)
   en System.Convert.ToInt32(String value)
   en Mantenimiento.BusinessLayer.MtbfLogic.convertHoraDecimalToString(Double hora) en D:\JELAF\MANTENIMIENTO\Template.BusinessLayer\MtbfLogic.cs:línea 74
   en Mantenimiento.BusinessLayer.MtbfLogic.ListMtbf_AuxilioMecanico(Int16 anio) en D:\JELAF\MANTENIMIENTO\Template.BusinessLayer\MtbfLogic.cs:línea 97
2020-01-18 19:49:26,415 [80] ERROR [en JBLV.Log.Log.RegistrarLog(NivelLog nivel, Exception ex)] 
System.OverflowException: Valor demasiado grande o demasiado pequeño para Int32.
   en System.Number.ParseInt32(String s, NumberStyles style, NumberFormatInfo info)
   en System.Convert.ToInt32(String value)
   en Mantenimiento.BusinessLayer.MtbfLogic.convertHoraDecimalToString(Double hora) en D:\JELAF\MANTENIMIENTO\Template.BusinessLayer\MtbfLogic.cs:línea 74
   en Mantenimiento.BusinessLayer.MtbfLogic.ListMtbf_AuxilioMecanico(Int16 anio) en D:\JELAF\MANTENIMIENTO\Template.BusinessLayer\MtbfLogic.cs:línea 97
