2019-11-23 13:52:13,625 [5] ERROR [en JBLV.Log.Log.RegistrarLog(NivelLog nivel, Exception ex)] 
System.Exception: Conflicto de tipos de operandos: text es incompatible con smalldatetime
   en Mantenimiento.DataAccess.TipoMData.<InsertTipoM>d__3.MoveNext() en D:\PROYECTOS A IMPLEMENTAR\MANTENIMIENTO NUEVO\Template\Template.DataAccess\TipoMData.cs:línea 171
--- Fin del seguimiento de la pila de la ubicación anterior donde se produjo la excepción ---
   en System.Runtime.CompilerServices.TaskAwaiter.ThrowForNonSuccess(Task task)
   en System.Runtime.CompilerServices.TaskAwaiter.HandleNonSuccessAndDebuggerNotification(Task task)
   en System.Runtime.CompilerServices.TaskAwaiter`1.GetResult()
   en Mantenimiento.BusinessLayer.TipoMLogic.<InsertTipoM>d__4.MoveNext() en D:\PROYECTOS A IMPLEMENTAR\MANTENIMIENTO NUEVO\Template\Template.BusinessLayer\TipoMLogic.cs:línea 136
2019-11-23 13:56:19,953 [8] ERROR [en JBLV.Log.Log.RegistrarLog(NivelLog nivel, Exception ex)] 
System.Exception: Conflicto de tipos de operandos: text es incompatible con smalldatetime
   en Mantenimiento.DataAccess.TipoMData.<InsertTipoM>d__3.MoveNext() en D:\PROYECTOS A IMPLEMENTAR\MANTENIMIENTO NUEVO\Template\Template.DataAccess\TipoMData.cs:línea 172
--- Fin del seguimiento de la pila de la ubicación anterior donde se produjo la excepción ---
   en System.Runtime.CompilerServices.TaskAwaiter.ThrowForNonSuccess(Task task)
   en System.Runtime.CompilerServices.TaskAwaiter.HandleNonSuccessAndDebuggerNotification(Task task)
   en System.Runtime.CompilerServices.TaskAwaiter`1.GetResult()
   en Mantenimiento.BusinessLayer.TipoMLogic.<InsertTipoM>d__4.MoveNext() en D:\PROYECTOS A IMPLEMENTAR\MANTENIMIENTO NUEVO\Template\Template.BusinessLayer\TipoMLogic.cs:línea 136
2019-11-23 14:06:52,950 [13] ERROR [en JBLV.Log.Log.RegistrarLog(NivelLog nivel, Exception ex)] 
System.Exception: Conflicto de tipos de operandos: text es incompatible con smalldatetime
   en Mantenimiento.DataAccess.TipoMData.<InsertTipoM>d__3.MoveNext() en D:\PROYECTOS A IMPLEMENTAR\MANTENIMIENTO NUEVO\Template\Template.DataAccess\TipoMData.cs:línea 172
--- Fin del seguimiento de la pila de la ubicación anterior donde se produjo la excepción ---
   en System.Runtime.CompilerServices.TaskAwaiter.ThrowForNonSuccess(Task task)
   en System.Runtime.CompilerServices.TaskAwaiter.HandleNonSuccessAndDebuggerNotification(Task task)
   en System.Runtime.CompilerServices.TaskAwaiter`1.GetResult()
   en Mantenimiento.BusinessLayer.TipoMLogic.<InsertTipoM>d__4.MoveNext() en D:\PROYECTOS A IMPLEMENTAR\MANTENIMIENTO NUEVO\Template\Template.BusinessLayer\TipoMLogic.cs:línea 136
