2020-01-09 22:59:15,424 [57] ERROR [en JBLV.Log.Log.RegistrarLog(NivelLog nivel, Exception ex)] 
System.FormatException: No se puede reconocer la cadena como valor DateTime válido.
   en System.DateTimeParse.Parse(String s, DateTimeFormatInfo dtfi, DateTimeStyles styles)
   en System.DateTime.Parse(String s)
   en Mantenimiento.BusinessLayer.AuxilioMecanicoLogic.ListAuxilioMecanico(AuxilioMecanicoRequest request) en D:\JELAF\MANTENIMIENTO\Template.BusinessLayer\AuxilioMecanicoLogic.cs:línea 29
2020-01-09 23:10:35,933 [76] ERROR [en JBLV.Log.Log.RegistrarLog(NivelLog nivel, Exception ex)] 
System.FormatException: No se puede reconocer la cadena como valor DateTime válido.
   en System.DateTimeParse.Parse(String s, DateTimeFormatInfo dtfi, DateTimeStyles styles)
   en System.DateTime.Parse(String s)
   en Mantenimiento.BusinessLayer.AuxilioMecanicoLogic.ListAuxilioMecanico(AuxilioMecanicoRequest request) en D:\JELAF\MANTENIMIENTO\Template.BusinessLayer\AuxilioMecanicoLogic.cs:línea 29
2020-01-09 23:12:10,593 [76] ERROR [en JBLV.Log.Log.RegistrarLog(NivelLog nivel, Exception ex)] 
System.FormatException: No se puede reconocer la cadena como valor DateTime válido.
   en System.DateTimeParse.Parse(String s, DateTimeFormatInfo dtfi, DateTimeStyles styles)
   en System.DateTime.Parse(String s)
   en Mantenimiento.BusinessLayer.AuxilioMecanicoLogic.ListAuxilioMecanico(AuxilioMecanicoRequest request) en D:\JELAF\MANTENIMIENTO\Template.BusinessLayer\AuxilioMecanicoLogic.cs:línea 29
2020-01-09 23:13:12,599 [22] ERROR [en JBLV.Log.Log.RegistrarLog(NivelLog nivel, Exception ex)] 
System.FormatException: No se puede reconocer la cadena como valor DateTime válido.
   en System.DateTimeParse.Parse(String s, DateTimeFormatInfo dtfi, DateTimeStyles styles)
   en System.DateTime.Parse(String s)
   en Mantenimiento.BusinessLayer.AuxilioMecanicoLogic.ListAuxilioMecanico(AuxilioMecanicoRequest request) en D:\JELAF\MANTENIMIENTO\Template.BusinessLayer\AuxilioMecanicoLogic.cs:línea 29
2020-01-09 23:16:08,500 [77] ERROR [en JBLV.Log.Log.RegistrarLog(NivelLog nivel, Exception ex)] 
System.FormatException: No se puede reconocer la cadena como valor DateTime válido.
   en System.DateTimeParse.Parse(String s, DateTimeFormatInfo dtfi, DateTimeStyles styles)
   en System.DateTime.Parse(String s)
   en Mantenimiento.BusinessLayer.AuxilioMecanicoLogic.ListAuxilioMecanico(AuxilioMecanicoRequest request) en D:\JELAF\MANTENIMIENTO\Template.BusinessLayer\AuxilioMecanicoLogic.cs:línea 29
2020-01-09 23:27:29,760 [82] ERROR [en JBLV.Log.Log.RegistrarLog(NivelLog nivel, Exception ex)] 
System.Data.SqlClient.SqlException (0x80131904): El procedimiento o la función 'usp_LIS_Tb_AuxilioMecanico' esperaba el parámetro '@pAre_Codigo', que no se ha especificado.
   en System.Data.SqlClient.SqlConnection.OnError(SqlException exception, Boolean breakConnection, Action`1 wrapCloseInAction)
   en System.Data.SqlClient.SqlInternalConnection.OnError(SqlException exception, Boolean breakConnection, Action`1 wrapCloseInAction)
   en System.Data.SqlClient.TdsParser.ThrowExceptionAndWarning(TdsParserStateObject stateObj, Boolean callerHasConnectionLock, Boolean asyncClose)
   en System.Data.SqlClient.TdsParser.TryRun(RunBehavior runBehavior, SqlCommand cmdHandler, SqlDataReader dataStream, BulkCopySimpleResultSet bulkCopyHandler, TdsParserStateObject stateObj, Boolean& dataReady)
   en System.Data.SqlClient.SqlDataReader.TryConsumeMetaData()
   en System.Data.SqlClient.SqlDataReader.get_MetaData()
   en System.Data.SqlClient.SqlCommand.FinishExecuteReader(SqlDataReader ds, RunBehavior runBehavior, String resetOptionsString, Boolean isInternal, Boolean forDescribeParameterEncryption, Boolean shouldCacheForAlwaysEncrypted)
   en System.Data.SqlClient.SqlCommand.RunExecuteReaderTds(CommandBehavior cmdBehavior, RunBehavior runBehavior, Boolean returnStream, Boolean async, Int32 timeout, Task& task, Boolean asyncWrite, Boolean inRetry, SqlDataReader ds, Boolean describeParameterEncryptionRequest)
   en System.Data.SqlClient.SqlCommand.RunExecuteReader(CommandBehavior cmdBehavior, RunBehavior runBehavior, Boolean returnStream, String method, TaskCompletionSource`1 completion, Int32 timeout, Task& task, Boolean& usedCache, Boolean asyncWrite, Boolean inRetry)
   en System.Data.SqlClient.SqlCommand.RunExecuteReader(CommandBehavior cmdBehavior, RunBehavior runBehavior, Boolean returnStream, String method)
   en System.Data.SqlClient.SqlCommand.ExecuteReader(CommandBehavior behavior, String method)
   en System.Data.SqlClient.SqlCommand.ExecuteReader()
   en Mantenimiento.DataAccess.AuxilioMecanicoData.ListAuxilioMecanico(DateTime fechahora_ini, DateTime fechahora_fin, String Are_Codigo, String Ben_Codigo) en D:\JELAF\MANTENIMIENTO\Template.DataAccess\AuxilioMecanicoData.cs:línea 33
   en Mantenimiento.BusinessLayer.AuxilioMecanicoLogic.ListAuxilioMecanico(AuxilioMecanicoRequest request) en D:\JELAF\MANTENIMIENTO\Template.BusinessLayer\AuxilioMecanicoLogic.cs:línea 37
ClientConnectionId:523bb00f-79c6-4a1f-877d-3e29c5ccdeff
Error Number:201,State:4,Class:16
2020-01-09 23:27:52,510 [82] ERROR [en JBLV.Log.Log.RegistrarLog(NivelLog nivel, Exception ex)] 
System.Data.SqlClient.SqlException (0x80131904): El procedimiento o la función 'usp_LIS_Tb_AuxilioMecanico' esperaba el parámetro '@pAre_Codigo', que no se ha especificado.
   en System.Data.SqlClient.SqlConnection.OnError(SqlException exception, Boolean breakConnection, Action`1 wrapCloseInAction)
   en System.Data.SqlClient.SqlInternalConnection.OnError(SqlException exception, Boolean breakConnection, Action`1 wrapCloseInAction)
   en System.Data.SqlClient.TdsParser.ThrowExceptionAndWarning(TdsParserStateObject stateObj, Boolean callerHasConnectionLock, Boolean asyncClose)
   en System.Data.SqlClient.TdsParser.TryRun(RunBehavior runBehavior, SqlCommand cmdHandler, SqlDataReader dataStream, BulkCopySimpleResultSet bulkCopyHandler, TdsParserStateObject stateObj, Boolean& dataReady)
   en System.Data.SqlClient.SqlDataReader.TryConsumeMetaData()
   en System.Data.SqlClient.SqlDataReader.get_MetaData()
   en System.Data.SqlClient.SqlCommand.FinishExecuteReader(SqlDataReader ds, RunBehavior runBehavior, String resetOptionsString, Boolean isInternal, Boolean forDescribeParameterEncryption, Boolean shouldCacheForAlwaysEncrypted)
   en System.Data.SqlClient.SqlCommand.RunExecuteReaderTds(CommandBehavior cmdBehavior, RunBehavior runBehavior, Boolean returnStream, Boolean async, Int32 timeout, Task& task, Boolean asyncWrite, Boolean inRetry, SqlDataReader ds, Boolean describeParameterEncryptionRequest)
   en System.Data.SqlClient.SqlCommand.RunExecuteReader(CommandBehavior cmdBehavior, RunBehavior runBehavior, Boolean returnStream, String method, TaskCompletionSource`1 completion, Int32 timeout, Task& task, Boolean& usedCache, Boolean asyncWrite, Boolean inRetry)
   en System.Data.SqlClient.SqlCommand.RunExecuteReader(CommandBehavior cmdBehavior, RunBehavior runBehavior, Boolean returnStream, String method)
   en System.Data.SqlClient.SqlCommand.ExecuteReader(CommandBehavior behavior, String method)
   en System.Data.SqlClient.SqlCommand.ExecuteReader()
   en Mantenimiento.DataAccess.AuxilioMecanicoData.ListAuxilioMecanico(DateTime fechahora_ini, DateTime fechahora_fin, String Are_Codigo, String Ben_Codigo) en D:\JELAF\MANTENIMIENTO\Template.DataAccess\AuxilioMecanicoData.cs:línea 33
   en Mantenimiento.BusinessLayer.AuxilioMecanicoLogic.ListAuxilioMecanico(AuxilioMecanicoRequest request) en D:\JELAF\MANTENIMIENTO\Template.BusinessLayer\AuxilioMecanicoLogic.cs:línea 37
ClientConnectionId:523bb00f-79c6-4a1f-877d-3e29c5ccdeff
Error Number:201,State:4,Class:16
