2020-02-03 18:25:35,198 [32] ERROR [en JBLV.Log.Log.RegistrarLog(NivelLog nivel, Exception ex)] 
System.FormatException: Error al convertir el valor del parámetro de String a Int32. ---> System.FormatException: La cadena de entrada no tiene el formato correcto.
   en System.Number.StringToNumber(String str, NumberStyles options, NumberBuffer& number, NumberFormatInfo info, Boolean parseDecimal)
   en System.Number.ParseInt32(String s, NumberStyles style, NumberFormatInfo info)
   en System.String.System.IConvertible.ToInt32(IFormatProvider provider)
   en System.Convert.ChangeType(Object value, Type conversionType, IFormatProvider provider)
   en System.Data.SqlClient.SqlParameter.CoerceValue(Object value, MetaType destinationType, Boolean& coercedToDataFeed, Boolean& typeChanged, Boolean allowStreaming)
   --- Fin del seguimiento de la pila de la excepción interna ---
   en System.Data.SqlClient.SqlParameter.CoerceValue(Object value, MetaType destinationType, Boolean& coercedToDataFeed, Boolean& typeChanged, Boolean allowStreaming)
   en System.Data.SqlClient.SqlParameter.GetCoercedValue()
   en System.Data.SqlClient.SqlParameter.Validate(Int32 index, Boolean isCommandProc)
   en System.Data.SqlClient.SqlCommand.SetUpRPCParameters(_SqlRPC rpc, Int32 startCount, Boolean inSchema, SqlParameterCollection parameters)
   en System.Data.SqlClient.SqlCommand.BuildRPC(Boolean inSchema, SqlParameterCollection parameters, _SqlRPC& rpc)
   en System.Data.SqlClient.SqlCommand.RunExecuteReaderTds(CommandBehavior cmdBehavior, RunBehavior runBehavior, Boolean returnStream, Boolean async, Int32 timeout, Task& task, Boolean asyncWrite, Boolean inRetry, SqlDataReader ds, Boolean describeParameterEncryptionRequest)
   en System.Data.SqlClient.SqlCommand.RunExecuteReader(CommandBehavior cmdBehavior, RunBehavior runBehavior, Boolean returnStream, String method, TaskCompletionSource`1 completion, Int32 timeout, Task& task, Boolean& usedCache, Boolean asyncWrite, Boolean inRetry)
   en System.Data.SqlClient.SqlCommand.RunExecuteReader(CommandBehavior cmdBehavior, RunBehavior runBehavior, Boolean returnStream, String method)
   en System.Data.SqlClient.SqlCommand.ExecuteReader(CommandBehavior behavior, String method)
   en System.Data.SqlClient.SqlCommand.ExecuteReader()
   en Mantenimiento.DataAccess.ODMdData.ListInformeTareas(Decimal IdInforme, String Ben_Codigo) en D:\Proyectos\_Mantenimiento\MantenimientoJelaf\Template.DataAccess\ODMdData.cs:línea 114
   en Mantenimiento.BusinessLayer.InformeLogic.ListBolsas(Decimal IdInforme, String Ben_Codigo) en D:\Proyectos\_Mantenimiento\MantenimientoJelaf\Template.BusinessLayer\InformeLogic.cs:línea 556
2020-02-03 18:27:43,864 [26] ERROR [en JBLV.Log.Log.RegistrarLog(NivelLog nivel, Exception ex)] 
System.FormatException: Error al convertir el valor del parámetro de String a Int32. ---> System.FormatException: La cadena de entrada no tiene el formato correcto.
   en System.Number.StringToNumber(String str, NumberStyles options, NumberBuffer& number, NumberFormatInfo info, Boolean parseDecimal)
   en System.Number.ParseInt32(String s, NumberStyles style, NumberFormatInfo info)
   en System.String.System.IConvertible.ToInt32(IFormatProvider provider)
   en System.Convert.ChangeType(Object value, Type conversionType, IFormatProvider provider)
   en System.Data.SqlClient.SqlParameter.CoerceValue(Object value, MetaType destinationType, Boolean& coercedToDataFeed, Boolean& typeChanged, Boolean allowStreaming)
   --- Fin del seguimiento de la pila de la excepción interna ---
   en System.Data.SqlClient.SqlParameter.CoerceValue(Object value, MetaType destinationType, Boolean& coercedToDataFeed, Boolean& typeChanged, Boolean allowStreaming)
   en System.Data.SqlClient.SqlParameter.GetCoercedValue()
   en System.Data.SqlClient.SqlParameter.Validate(Int32 index, Boolean isCommandProc)
   en System.Data.SqlClient.SqlCommand.SetUpRPCParameters(_SqlRPC rpc, Int32 startCount, Boolean inSchema, SqlParameterCollection parameters)
   en System.Data.SqlClient.SqlCommand.BuildRPC(Boolean inSchema, SqlParameterCollection parameters, _SqlRPC& rpc)
   en System.Data.SqlClient.SqlCommand.RunExecuteReaderTds(CommandBehavior cmdBehavior, RunBehavior runBehavior, Boolean returnStream, Boolean async, Int32 timeout, Task& task, Boolean asyncWrite, Boolean inRetry, SqlDataReader ds, Boolean describeParameterEncryptionRequest)
   en System.Data.SqlClient.SqlCommand.RunExecuteReader(CommandBehavior cmdBehavior, RunBehavior runBehavior, Boolean returnStream, String method, TaskCompletionSource`1 completion, Int32 timeout, Task& task, Boolean& usedCache, Boolean asyncWrite, Boolean inRetry)
   en System.Data.SqlClient.SqlCommand.RunExecuteReader(CommandBehavior cmdBehavior, RunBehavior runBehavior, Boolean returnStream, String method)
   en System.Data.SqlClient.SqlCommand.ExecuteReader(CommandBehavior behavior, String method)
   en System.Data.SqlClient.SqlCommand.ExecuteReader()
   en Mantenimiento.DataAccess.ODMdData.ListInformeTareas(Decimal IdInforme, String Ben_Codigo) en D:\Proyectos\_Mantenimiento\MantenimientoJelaf\Template.DataAccess\ODMdData.cs:línea 114
   en Mantenimiento.BusinessLayer.InformeLogic.ListBolsas(Decimal IdInforme, String Ben_Codigo) en D:\Proyectos\_Mantenimiento\MantenimientoJelaf\Template.BusinessLayer\InformeLogic.cs:línea 556
2020-02-03 18:27:52,692 [21] ERROR [en JBLV.Log.Log.RegistrarLog(NivelLog nivel, Exception ex)] 
System.FormatException: Error al convertir el valor del parámetro de String a Int32. ---> System.FormatException: La cadena de entrada no tiene el formato correcto.
   en System.Number.StringToNumber(String str, NumberStyles options, NumberBuffer& number, NumberFormatInfo info, Boolean parseDecimal)
   en System.Number.ParseInt32(String s, NumberStyles style, NumberFormatInfo info)
   en System.String.System.IConvertible.ToInt32(IFormatProvider provider)
   en System.Convert.ChangeType(Object value, Type conversionType, IFormatProvider provider)
   en System.Data.SqlClient.SqlParameter.CoerceValue(Object value, MetaType destinationType, Boolean& coercedToDataFeed, Boolean& typeChanged, Boolean allowStreaming)
   --- Fin del seguimiento de la pila de la excepción interna ---
   en System.Data.SqlClient.SqlParameter.CoerceValue(Object value, MetaType destinationType, Boolean& coercedToDataFeed, Boolean& typeChanged, Boolean allowStreaming)
   en System.Data.SqlClient.SqlParameter.GetCoercedValue()
   en System.Data.SqlClient.SqlParameter.Validate(Int32 index, Boolean isCommandProc)
   en System.Data.SqlClient.SqlCommand.SetUpRPCParameters(_SqlRPC rpc, Int32 startCount, Boolean inSchema, SqlParameterCollection parameters)
   en System.Data.SqlClient.SqlCommand.BuildRPC(Boolean inSchema, SqlParameterCollection parameters, _SqlRPC& rpc)
   en System.Data.SqlClient.SqlCommand.RunExecuteReaderTds(CommandBehavior cmdBehavior, RunBehavior runBehavior, Boolean returnStream, Boolean async, Int32 timeout, Task& task, Boolean asyncWrite, Boolean inRetry, SqlDataReader ds, Boolean describeParameterEncryptionRequest)
   en System.Data.SqlClient.SqlCommand.RunExecuteReader(CommandBehavior cmdBehavior, RunBehavior runBehavior, Boolean returnStream, String method, TaskCompletionSource`1 completion, Int32 timeout, Task& task, Boolean& usedCache, Boolean asyncWrite, Boolean inRetry)
   en System.Data.SqlClient.SqlCommand.RunExecuteReader(CommandBehavior cmdBehavior, RunBehavior runBehavior, Boolean returnStream, String method)
   en System.Data.SqlClient.SqlCommand.ExecuteReader(CommandBehavior behavior, String method)
   en System.Data.SqlClient.SqlCommand.ExecuteReader()
   en Mantenimiento.DataAccess.ODMdData.ListInformeTareas(Decimal IdInforme, String Ben_Codigo) en D:\Proyectos\_Mantenimiento\MantenimientoJelaf\Template.DataAccess\ODMdData.cs:línea 114
   en Mantenimiento.BusinessLayer.InformeLogic.ListBolsas(Decimal IdInforme, String Ben_Codigo) en D:\Proyectos\_Mantenimiento\MantenimientoJelaf\Template.BusinessLayer\InformeLogic.cs:línea 556
2020-02-03 18:27:57,167 [21] ERROR [en JBLV.Log.Log.RegistrarLog(NivelLog nivel, Exception ex)] 
System.FormatException: Error al convertir el valor del parámetro de String a Int32. ---> System.FormatException: La cadena de entrada no tiene el formato correcto.
   en System.Number.StringToNumber(String str, NumberStyles options, NumberBuffer& number, NumberFormatInfo info, Boolean parseDecimal)
   en System.Number.ParseInt32(String s, NumberStyles style, NumberFormatInfo info)
   en System.String.System.IConvertible.ToInt32(IFormatProvider provider)
   en System.Convert.ChangeType(Object value, Type conversionType, IFormatProvider provider)
   en System.Data.SqlClient.SqlParameter.CoerceValue(Object value, MetaType destinationType, Boolean& coercedToDataFeed, Boolean& typeChanged, Boolean allowStreaming)
   --- Fin del seguimiento de la pila de la excepción interna ---
   en System.Data.SqlClient.SqlParameter.CoerceValue(Object value, MetaType destinationType, Boolean& coercedToDataFeed, Boolean& typeChanged, Boolean allowStreaming)
   en System.Data.SqlClient.SqlParameter.GetCoercedValue()
   en System.Data.SqlClient.SqlParameter.Validate(Int32 index, Boolean isCommandProc)
   en System.Data.SqlClient.SqlCommand.SetUpRPCParameters(_SqlRPC rpc, Int32 startCount, Boolean inSchema, SqlParameterCollection parameters)
   en System.Data.SqlClient.SqlCommand.BuildRPC(Boolean inSchema, SqlParameterCollection parameters, _SqlRPC& rpc)
   en System.Data.SqlClient.SqlCommand.RunExecuteReaderTds(CommandBehavior cmdBehavior, RunBehavior runBehavior, Boolean returnStream, Boolean async, Int32 timeout, Task& task, Boolean asyncWrite, Boolean inRetry, SqlDataReader ds, Boolean describeParameterEncryptionRequest)
   en System.Data.SqlClient.SqlCommand.RunExecuteReader(CommandBehavior cmdBehavior, RunBehavior runBehavior, Boolean returnStream, String method, TaskCompletionSource`1 completion, Int32 timeout, Task& task, Boolean& usedCache, Boolean asyncWrite, Boolean inRetry)
   en System.Data.SqlClient.SqlCommand.RunExecuteReader(CommandBehavior cmdBehavior, RunBehavior runBehavior, Boolean returnStream, String method)
   en System.Data.SqlClient.SqlCommand.ExecuteReader(CommandBehavior behavior, String method)
   en System.Data.SqlClient.SqlCommand.ExecuteReader()
   en Mantenimiento.DataAccess.ODMdData.ListInformeTareas(Decimal IdInforme, String Ben_Codigo) en D:\Proyectos\_Mantenimiento\MantenimientoJelaf\Template.DataAccess\ODMdData.cs:línea 114
   en Mantenimiento.BusinessLayer.InformeLogic.ListBolsas(Decimal IdInforme, String Ben_Codigo) en D:\Proyectos\_Mantenimiento\MantenimientoJelaf\Template.BusinessLayer\InformeLogic.cs:línea 556
2020-02-03 18:28:48,845 [21] ERROR [en JBLV.Log.Log.RegistrarLog(NivelLog nivel, Exception ex)] 
System.FormatException: Error al convertir el valor del parámetro de String a Int32. ---> System.FormatException: La cadena de entrada no tiene el formato correcto.
   en System.Number.StringToNumber(String str, NumberStyles options, NumberBuffer& number, NumberFormatInfo info, Boolean parseDecimal)
   en System.Number.ParseInt32(String s, NumberStyles style, NumberFormatInfo info)
   en System.String.System.IConvertible.ToInt32(IFormatProvider provider)
   en System.Convert.ChangeType(Object value, Type conversionType, IFormatProvider provider)
   en System.Data.SqlClient.SqlParameter.CoerceValue(Object value, MetaType destinationType, Boolean& coercedToDataFeed, Boolean& typeChanged, Boolean allowStreaming)
   --- Fin del seguimiento de la pila de la excepción interna ---
   en System.Data.SqlClient.SqlParameter.CoerceValue(Object value, MetaType destinationType, Boolean& coercedToDataFeed, Boolean& typeChanged, Boolean allowStreaming)
   en System.Data.SqlClient.SqlParameter.GetCoercedValue()
   en System.Data.SqlClient.SqlParameter.Validate(Int32 index, Boolean isCommandProc)
   en System.Data.SqlClient.SqlCommand.SetUpRPCParameters(_SqlRPC rpc, Int32 startCount, Boolean inSchema, SqlParameterCollection parameters)
   en System.Data.SqlClient.SqlCommand.BuildRPC(Boolean inSchema, SqlParameterCollection parameters, _SqlRPC& rpc)
   en System.Data.SqlClient.SqlCommand.RunExecuteReaderTds(CommandBehavior cmdBehavior, RunBehavior runBehavior, Boolean returnStream, Boolean async, Int32 timeout, Task& task, Boolean asyncWrite, Boolean inRetry, SqlDataReader ds, Boolean describeParameterEncryptionRequest)
   en System.Data.SqlClient.SqlCommand.RunExecuteReader(CommandBehavior cmdBehavior, RunBehavior runBehavior, Boolean returnStream, String method, TaskCompletionSource`1 completion, Int32 timeout, Task& task, Boolean& usedCache, Boolean asyncWrite, Boolean inRetry)
   en System.Data.SqlClient.SqlCommand.RunExecuteReader(CommandBehavior cmdBehavior, RunBehavior runBehavior, Boolean returnStream, String method)
   en System.Data.SqlClient.SqlCommand.ExecuteReader(CommandBehavior behavior, String method)
   en System.Data.SqlClient.SqlCommand.ExecuteReader()
   en Mantenimiento.DataAccess.ODMdData.ListInformeTareas(Decimal IdInforme, String Ben_Codigo) en D:\Proyectos\_Mantenimiento\MantenimientoJelaf\Template.DataAccess\ODMdData.cs:línea 114
   en Mantenimiento.BusinessLayer.InformeLogic.ListBolsas(Decimal IdInforme, String Ben_Codigo) en D:\Proyectos\_Mantenimiento\MantenimientoJelaf\Template.BusinessLayer\InformeLogic.cs:línea 556
2020-02-03 18:39:01,045 [21] ERROR [en JBLV.Log.Log.RegistrarLog(NivelLog nivel, Exception ex)] 
System.FormatException: Error al convertir el valor del parámetro de String a Int32. ---> System.FormatException: La cadena de entrada no tiene el formato correcto.
   en System.Number.StringToNumber(String str, NumberStyles options, NumberBuffer& number, NumberFormatInfo info, Boolean parseDecimal)
   en System.Number.ParseInt32(String s, NumberStyles style, NumberFormatInfo info)
   en System.String.System.IConvertible.ToInt32(IFormatProvider provider)
   en System.Convert.ChangeType(Object value, Type conversionType, IFormatProvider provider)
   en System.Data.SqlClient.SqlParameter.CoerceValue(Object value, MetaType destinationType, Boolean& coercedToDataFeed, Boolean& typeChanged, Boolean allowStreaming)
   --- Fin del seguimiento de la pila de la excepción interna ---
   en System.Data.SqlClient.SqlParameter.CoerceValue(Object value, MetaType destinationType, Boolean& coercedToDataFeed, Boolean& typeChanged, Boolean allowStreaming)
   en System.Data.SqlClient.SqlParameter.GetCoercedValue()
   en System.Data.SqlClient.SqlParameter.Validate(Int32 index, Boolean isCommandProc)
   en System.Data.SqlClient.SqlCommand.SetUpRPCParameters(_SqlRPC rpc, Int32 startCount, Boolean inSchema, SqlParameterCollection parameters)
   en System.Data.SqlClient.SqlCommand.BuildRPC(Boolean inSchema, SqlParameterCollection parameters, _SqlRPC& rpc)
   en System.Data.SqlClient.SqlCommand.RunExecuteReaderTds(CommandBehavior cmdBehavior, RunBehavior runBehavior, Boolean returnStream, Boolean async, Int32 timeout, Task& task, Boolean asyncWrite, Boolean inRetry, SqlDataReader ds, Boolean describeParameterEncryptionRequest)
   en System.Data.SqlClient.SqlCommand.RunExecuteReader(CommandBehavior cmdBehavior, RunBehavior runBehavior, Boolean returnStream, String method, TaskCompletionSource`1 completion, Int32 timeout, Task& task, Boolean& usedCache, Boolean asyncWrite, Boolean inRetry)
   en System.Data.SqlClient.SqlCommand.RunExecuteReader(CommandBehavior cmdBehavior, RunBehavior runBehavior, Boolean returnStream, String method)
   en System.Data.SqlClient.SqlCommand.ExecuteReader(CommandBehavior behavior, String method)
   en System.Data.SqlClient.SqlCommand.ExecuteReader()
   en Mantenimiento.DataAccess.ODMdData.ListInformeTareas(Decimal IdInforme, String Ben_Codigo) en D:\Proyectos\_Mantenimiento\MantenimientoJelaf\Template.DataAccess\ODMdData.cs:línea 114
   en Mantenimiento.BusinessLayer.InformeLogic.ListBolsas(Decimal IdInforme, String Ben_Codigo) en D:\Proyectos\_Mantenimiento\MantenimientoJelaf\Template.BusinessLayer\InformeLogic.cs:línea 556
2020-02-03 18:39:42,133 [21] ERROR [en JBLV.Log.Log.RegistrarLog(NivelLog nivel, Exception ex)] 
System.FormatException: Error al convertir el valor del parámetro de String a Int32. ---> System.FormatException: La cadena de entrada no tiene el formato correcto.
   en System.Number.StringToNumber(String str, NumberStyles options, NumberBuffer& number, NumberFormatInfo info, Boolean parseDecimal)
   en System.Number.ParseInt32(String s, NumberStyles style, NumberFormatInfo info)
   en System.String.System.IConvertible.ToInt32(IFormatProvider provider)
   en System.Convert.ChangeType(Object value, Type conversionType, IFormatProvider provider)
   en System.Data.SqlClient.SqlParameter.CoerceValue(Object value, MetaType destinationType, Boolean& coercedToDataFeed, Boolean& typeChanged, Boolean allowStreaming)
   --- Fin del seguimiento de la pila de la excepción interna ---
   en System.Data.SqlClient.SqlParameter.CoerceValue(Object value, MetaType destinationType, Boolean& coercedToDataFeed, Boolean& typeChanged, Boolean allowStreaming)
   en System.Data.SqlClient.SqlParameter.GetCoercedValue()
   en System.Data.SqlClient.SqlParameter.Validate(Int32 index, Boolean isCommandProc)
   en System.Data.SqlClient.SqlCommand.SetUpRPCParameters(_SqlRPC rpc, Int32 startCount, Boolean inSchema, SqlParameterCollection parameters)
   en System.Data.SqlClient.SqlCommand.BuildRPC(Boolean inSchema, SqlParameterCollection parameters, _SqlRPC& rpc)
   en System.Data.SqlClient.SqlCommand.RunExecuteReaderTds(CommandBehavior cmdBehavior, RunBehavior runBehavior, Boolean returnStream, Boolean async, Int32 timeout, Task& task, Boolean asyncWrite, Boolean inRetry, SqlDataReader ds, Boolean describeParameterEncryptionRequest)
   en System.Data.SqlClient.SqlCommand.RunExecuteReader(CommandBehavior cmdBehavior, RunBehavior runBehavior, Boolean returnStream, String method, TaskCompletionSource`1 completion, Int32 timeout, Task& task, Boolean& usedCache, Boolean asyncWrite, Boolean inRetry)
   en System.Data.SqlClient.SqlCommand.RunExecuteReader(CommandBehavior cmdBehavior, RunBehavior runBehavior, Boolean returnStream, String method)
   en System.Data.SqlClient.SqlCommand.ExecuteReader(CommandBehavior behavior, String method)
   en System.Data.SqlClient.SqlCommand.ExecuteReader()
   en Mantenimiento.DataAccess.ODMdData.ListInformeTareas(Decimal IdInforme, String Ben_Codigo) en D:\Proyectos\_Mantenimiento\MantenimientoJelaf\Template.DataAccess\ODMdData.cs:línea 114
   en Mantenimiento.BusinessLayer.InformeLogic.ListBolsas(Decimal IdInforme, String Ben_Codigo) en D:\Proyectos\_Mantenimiento\MantenimientoJelaf\Template.BusinessLayer\InformeLogic.cs:línea 556
2020-02-03 23:49:20,195 [108] ERROR [en JBLV.Log.Log.RegistrarLog(NivelLog nivel, Exception ex)] 
System.FormatException: No se puede reconocer la cadena como valor DateTime válido.
   en System.DateTimeParse.Parse(String s, DateTimeFormatInfo dtfi, DateTimeStyles styles)
   en System.Convert.ToDateTime(String value)
   en Mantenimiento.DataAccess.InformeData.ListInformeAdmin(InformeFilter objFiltro) en D:\Proyectos\_Mantenimiento\MantenimientoJelaf\Template.DataAccess\InformeData.cs:línea 30
   en Mantenimiento.BusinessLayer.InformeLogic.ListInforme(InformeRequest request) en D:\Proyectos\_Mantenimiento\MantenimientoJelaf\Template.BusinessLayer\InformeLogic.cs:línea 39
