2019-10-24 16:06:34,804 [14] ERROR [en JBLV.Log.Log.RegistrarLog(NivelLog nivel, Exception ex)] 
System.Data.SqlClient.SqlException (0x80131904): El procedimiento o la función 'usp_SEL_tb_SubSistema_Mant' esperaba el parámetro '@ID_tb_SubSistema_Mant', que no se ha especificado.
   en System.Data.SqlClient.SqlConnection.OnError(SqlException exception, Boolean breakConnection, Action`1 wrapCloseInAction)
   en System.Data.SqlClient.SqlInternalConnection.OnError(SqlException exception, Boolean breakConnection, Action`1 wrapCloseInAction)
   en System.Data.SqlClient.TdsParser.ThrowExceptionAndWarning(TdsParserStateObject stateObj, Boolean callerHasConnectionLock, Boolean asyncClose)
   en System.Data.SqlClient.TdsParser.TryRun(RunBehavior runBehavior, SqlCommand cmdHandler, SqlDataReader dataStream, BulkCopySimpleResultSet bulkCopyHandler, TdsParserStateObject stateObj, Boolean& dataReady)
   en System.Data.SqlClient.SqlDataReader.TryConsumeMetaData()
   en System.Data.SqlClient.SqlDataReader.get_MetaData()
   en System.Data.SqlClient.SqlCommand.FinishExecuteReader(SqlDataReader ds, RunBehavior runBehavior, String resetOptionsString, Boolean isInternal, Boolean forDescribeParameterEncryption, Boolean shouldCacheForAlwaysEncrypted)
   en System.Data.SqlClient.SqlCommand.RunExecuteReaderTds(CommandBehavior cmdBehavior, RunBehavior runBehavior, Boolean returnStream, Boolean async, Int32 timeout, Task& task, Boolean asyncWrite, Boolean inRetry, SqlDataReader ds, Boolean describeParameterEncryptionRequest)
   en System.Data.SqlClient.SqlCommand.RunExecuteReader(CommandBehavior cmdBehavior, RunBehavior runBehavior, Boolean returnStream, String method, TaskCompletionSource`1 completion, Int32 timeout, Task& task, Boolean& usedCache, Boolean asyncWrite, Boolean inRetry)
   en System.Data.SqlClient.SqlCommand.RunExecuteReader(CommandBehavior cmdBehavior, RunBehavior runBehavior, Boolean returnStream, String method)
   en System.Data.SqlClient.SqlCommand.ExecuteReader(CommandBehavior behavior, String method)
   en System.Data.SqlClient.SqlCommand.ExecuteReader()
   en Mantenimiento.DataAccess.SubSistemasData.SelectSubSistemas(String ID_tb_SubSistema_Mant) en D:\PROYECTOS A IMPLEMENTAR\MANTENIMIENTO NUEVO\Template\Template.DataAccess\SubSistemasData.cs:línea 102
   en Mantenimiento.BusinessLayer.SubSistemasLogic.SelectSubSistemas(String ID_tb_SubSistema_Mant) en D:\PROYECTOS A IMPLEMENTAR\MANTENIMIENTO NUEVO\Template\Template.BusinessLayer\SubSistemasLogic.cs:línea 72
ClientConnectionId:f4e5ab2c-0bfc-4fcc-94c7-51a9e659f393
Error Number:201,State:4,Class:16
2019-10-24 16:08:59,570 [14] ERROR [en JBLV.Log.Log.RegistrarLog(NivelLog nivel, Exception ex)] 
System.Data.SqlClient.SqlException (0x80131904): El procedimiento o la función 'usp_SEL_tb_SubSistema_Mant' esperaba el parámetro '@ID_tb_SubSistema_Mant', que no se ha especificado.
   en System.Data.SqlClient.SqlConnection.OnError(SqlException exception, Boolean breakConnection, Action`1 wrapCloseInAction)
   en System.Data.SqlClient.SqlInternalConnection.OnError(SqlException exception, Boolean breakConnection, Action`1 wrapCloseInAction)
   en System.Data.SqlClient.TdsParser.ThrowExceptionAndWarning(TdsParserStateObject stateObj, Boolean callerHasConnectionLock, Boolean asyncClose)
   en System.Data.SqlClient.TdsParser.TryRun(RunBehavior runBehavior, SqlCommand cmdHandler, SqlDataReader dataStream, BulkCopySimpleResultSet bulkCopyHandler, TdsParserStateObject stateObj, Boolean& dataReady)
   en System.Data.SqlClient.SqlDataReader.TryConsumeMetaData()
   en System.Data.SqlClient.SqlDataReader.get_MetaData()
   en System.Data.SqlClient.SqlCommand.FinishExecuteReader(SqlDataReader ds, RunBehavior runBehavior, String resetOptionsString, Boolean isInternal, Boolean forDescribeParameterEncryption, Boolean shouldCacheForAlwaysEncrypted)
   en System.Data.SqlClient.SqlCommand.RunExecuteReaderTds(CommandBehavior cmdBehavior, RunBehavior runBehavior, Boolean returnStream, Boolean async, Int32 timeout, Task& task, Boolean asyncWrite, Boolean inRetry, SqlDataReader ds, Boolean describeParameterEncryptionRequest)
   en System.Data.SqlClient.SqlCommand.RunExecuteReader(CommandBehavior cmdBehavior, RunBehavior runBehavior, Boolean returnStream, String method, TaskCompletionSource`1 completion, Int32 timeout, Task& task, Boolean& usedCache, Boolean asyncWrite, Boolean inRetry)
   en System.Data.SqlClient.SqlCommand.RunExecuteReader(CommandBehavior cmdBehavior, RunBehavior runBehavior, Boolean returnStream, String method)
   en System.Data.SqlClient.SqlCommand.ExecuteReader(CommandBehavior behavior, String method)
   en System.Data.SqlClient.SqlCommand.ExecuteReader()
   en Mantenimiento.DataAccess.SubSistemasData.SelectSubSistemas(String ID_tb_SubSistema_Mant) en D:\PROYECTOS A IMPLEMENTAR\MANTENIMIENTO NUEVO\Template\Template.DataAccess\SubSistemasData.cs:línea 102
   en Mantenimiento.BusinessLayer.SubSistemasLogic.SelectSubSistemas(String ID_tb_SubSistema_Mant) en D:\PROYECTOS A IMPLEMENTAR\MANTENIMIENTO NUEVO\Template\Template.BusinessLayer\SubSistemasLogic.cs:línea 72
ClientConnectionId:f4e5ab2c-0bfc-4fcc-94c7-51a9e659f393
Error Number:201,State:4,Class:16
2019-10-24 16:10:55,862 [14] ERROR [en JBLV.Log.Log.RegistrarLog(NivelLog nivel, Exception ex)] 
System.Data.SqlClient.SqlException (0x80131904): El procedimiento o la función 'usp_SEL_tb_SubSistema_Mant' esperaba el parámetro '@ID_tb_SubSistema_Mant', que no se ha especificado.
   en System.Data.SqlClient.SqlConnection.OnError(SqlException exception, Boolean breakConnection, Action`1 wrapCloseInAction)
   en System.Data.SqlClient.SqlInternalConnection.OnError(SqlException exception, Boolean breakConnection, Action`1 wrapCloseInAction)
   en System.Data.SqlClient.TdsParser.ThrowExceptionAndWarning(TdsParserStateObject stateObj, Boolean callerHasConnectionLock, Boolean asyncClose)
   en System.Data.SqlClient.TdsParser.TryRun(RunBehavior runBehavior, SqlCommand cmdHandler, SqlDataReader dataStream, BulkCopySimpleResultSet bulkCopyHandler, TdsParserStateObject stateObj, Boolean& dataReady)
   en System.Data.SqlClient.SqlDataReader.TryConsumeMetaData()
   en System.Data.SqlClient.SqlDataReader.get_MetaData()
   en System.Data.SqlClient.SqlCommand.FinishExecuteReader(SqlDataReader ds, RunBehavior runBehavior, String resetOptionsString, Boolean isInternal, Boolean forDescribeParameterEncryption, Boolean shouldCacheForAlwaysEncrypted)
   en System.Data.SqlClient.SqlCommand.RunExecuteReaderTds(CommandBehavior cmdBehavior, RunBehavior runBehavior, Boolean returnStream, Boolean async, Int32 timeout, Task& task, Boolean asyncWrite, Boolean inRetry, SqlDataReader ds, Boolean describeParameterEncryptionRequest)
   en System.Data.SqlClient.SqlCommand.RunExecuteReader(CommandBehavior cmdBehavior, RunBehavior runBehavior, Boolean returnStream, String method, TaskCompletionSource`1 completion, Int32 timeout, Task& task, Boolean& usedCache, Boolean asyncWrite, Boolean inRetry)
   en System.Data.SqlClient.SqlCommand.RunExecuteReader(CommandBehavior cmdBehavior, RunBehavior runBehavior, Boolean returnStream, String method)
   en System.Data.SqlClient.SqlCommand.ExecuteReader(CommandBehavior behavior, String method)
   en System.Data.SqlClient.SqlCommand.ExecuteReader()
   en Mantenimiento.DataAccess.SubSistemasData.SelectSubSistemas(String ID_tb_SubSistema_Mant) en D:\PROYECTOS A IMPLEMENTAR\MANTENIMIENTO NUEVO\Template\Template.DataAccess\SubSistemasData.cs:línea 102
   en Mantenimiento.BusinessLayer.SubSistemasLogic.SelectSubSistemas(String ID_tb_SubSistema_Mant) en D:\PROYECTOS A IMPLEMENTAR\MANTENIMIENTO NUEVO\Template\Template.BusinessLayer\SubSistemasLogic.cs:línea 72
ClientConnectionId:f4e5ab2c-0bfc-4fcc-94c7-51a9e659f393
Error Number:201,State:4,Class:16
2019-10-24 16:13:50,724 [14] ERROR [en JBLV.Log.Log.RegistrarLog(NivelLog nivel, Exception ex)] 
System.Data.SqlClient.SqlException (0x80131904): El procedimiento o la función 'usp_SEL_tb_SubSistema_Mant' esperaba el parámetro '@ID_tb_SubSistema_Mant', que no se ha especificado.
   en System.Data.SqlClient.SqlConnection.OnError(SqlException exception, Boolean breakConnection, Action`1 wrapCloseInAction)
   en System.Data.SqlClient.SqlInternalConnection.OnError(SqlException exception, Boolean breakConnection, Action`1 wrapCloseInAction)
   en System.Data.SqlClient.TdsParser.ThrowExceptionAndWarning(TdsParserStateObject stateObj, Boolean callerHasConnectionLock, Boolean asyncClose)
   en System.Data.SqlClient.TdsParser.TryRun(RunBehavior runBehavior, SqlCommand cmdHandler, SqlDataReader dataStream, BulkCopySimpleResultSet bulkCopyHandler, TdsParserStateObject stateObj, Boolean& dataReady)
   en System.Data.SqlClient.SqlDataReader.TryConsumeMetaData()
   en System.Data.SqlClient.SqlDataReader.get_MetaData()
   en System.Data.SqlClient.SqlCommand.FinishExecuteReader(SqlDataReader ds, RunBehavior runBehavior, String resetOptionsString, Boolean isInternal, Boolean forDescribeParameterEncryption, Boolean shouldCacheForAlwaysEncrypted)
   en System.Data.SqlClient.SqlCommand.RunExecuteReaderTds(CommandBehavior cmdBehavior, RunBehavior runBehavior, Boolean returnStream, Boolean async, Int32 timeout, Task& task, Boolean asyncWrite, Boolean inRetry, SqlDataReader ds, Boolean describeParameterEncryptionRequest)
   en System.Data.SqlClient.SqlCommand.RunExecuteReader(CommandBehavior cmdBehavior, RunBehavior runBehavior, Boolean returnStream, String method, TaskCompletionSource`1 completion, Int32 timeout, Task& task, Boolean& usedCache, Boolean asyncWrite, Boolean inRetry)
   en System.Data.SqlClient.SqlCommand.RunExecuteReader(CommandBehavior cmdBehavior, RunBehavior runBehavior, Boolean returnStream, String method)
   en System.Data.SqlClient.SqlCommand.ExecuteReader(CommandBehavior behavior, String method)
   en System.Data.SqlClient.SqlCommand.ExecuteReader()
   en Mantenimiento.DataAccess.SubSistemasData.SelectSubSistemas(String ID_tb_SubSistema_Mant) en D:\PROYECTOS A IMPLEMENTAR\MANTENIMIENTO NUEVO\Template\Template.DataAccess\SubSistemasData.cs:línea 102
   en Mantenimiento.BusinessLayer.SubSistemasLogic.SelectSubSistemas(String ID_tb_SubSistema_Mant) en D:\PROYECTOS A IMPLEMENTAR\MANTENIMIENTO NUEVO\Template\Template.BusinessLayer\SubSistemasLogic.cs:línea 72
ClientConnectionId:f4e5ab2c-0bfc-4fcc-94c7-51a9e659f393
Error Number:201,State:4,Class:16
2019-10-24 16:13:56,135 [14] ERROR [en JBLV.Log.Log.RegistrarLog(NivelLog nivel, Exception ex)] 
System.Data.SqlClient.SqlException (0x80131904): El procedimiento o la función 'usp_SEL_tb_SubSistema_Mant' esperaba el parámetro '@ID_tb_SubSistema_Mant', que no se ha especificado.
   en System.Data.SqlClient.SqlConnection.OnError(SqlException exception, Boolean breakConnection, Action`1 wrapCloseInAction)
   en System.Data.SqlClient.SqlInternalConnection.OnError(SqlException exception, Boolean breakConnection, Action`1 wrapCloseInAction)
   en System.Data.SqlClient.TdsParser.ThrowExceptionAndWarning(TdsParserStateObject stateObj, Boolean callerHasConnectionLock, Boolean asyncClose)
   en System.Data.SqlClient.TdsParser.TryRun(RunBehavior runBehavior, SqlCommand cmdHandler, SqlDataReader dataStream, BulkCopySimpleResultSet bulkCopyHandler, TdsParserStateObject stateObj, Boolean& dataReady)
   en System.Data.SqlClient.SqlDataReader.TryConsumeMetaData()
   en System.Data.SqlClient.SqlDataReader.get_MetaData()
   en System.Data.SqlClient.SqlCommand.FinishExecuteReader(SqlDataReader ds, RunBehavior runBehavior, String resetOptionsString, Boolean isInternal, Boolean forDescribeParameterEncryption, Boolean shouldCacheForAlwaysEncrypted)
   en System.Data.SqlClient.SqlCommand.RunExecuteReaderTds(CommandBehavior cmdBehavior, RunBehavior runBehavior, Boolean returnStream, Boolean async, Int32 timeout, Task& task, Boolean asyncWrite, Boolean inRetry, SqlDataReader ds, Boolean describeParameterEncryptionRequest)
   en System.Data.SqlClient.SqlCommand.RunExecuteReader(CommandBehavior cmdBehavior, RunBehavior runBehavior, Boolean returnStream, String method, TaskCompletionSource`1 completion, Int32 timeout, Task& task, Boolean& usedCache, Boolean asyncWrite, Boolean inRetry)
   en System.Data.SqlClient.SqlCommand.RunExecuteReader(CommandBehavior cmdBehavior, RunBehavior runBehavior, Boolean returnStream, String method)
   en System.Data.SqlClient.SqlCommand.ExecuteReader(CommandBehavior behavior, String method)
   en System.Data.SqlClient.SqlCommand.ExecuteReader()
   en Mantenimiento.DataAccess.SubSistemasData.SelectSubSistemas(String ID_tb_SubSistema_Mant) en D:\PROYECTOS A IMPLEMENTAR\MANTENIMIENTO NUEVO\Template\Template.DataAccess\SubSistemasData.cs:línea 102
   en Mantenimiento.BusinessLayer.SubSistemasLogic.SelectSubSistemas(String ID_tb_SubSistema_Mant) en D:\PROYECTOS A IMPLEMENTAR\MANTENIMIENTO NUEVO\Template\Template.BusinessLayer\SubSistemasLogic.cs:línea 72
ClientConnectionId:f4e5ab2c-0bfc-4fcc-94c7-51a9e659f393
Error Number:201,State:4,Class:16
2019-10-24 16:14:16,617 [29] ERROR [en JBLV.Log.Log.RegistrarLog(NivelLog nivel, Exception ex)] 
System.Data.SqlClient.SqlException (0x80131904): El procedimiento o la función 'usp_SEL_tb_SubSistema_Mant' esperaba el parámetro '@ID_tb_SubSistema_Mant', que no se ha especificado.
   en System.Data.SqlClient.SqlConnection.OnError(SqlException exception, Boolean breakConnection, Action`1 wrapCloseInAction)
   en System.Data.SqlClient.SqlInternalConnection.OnError(SqlException exception, Boolean breakConnection, Action`1 wrapCloseInAction)
   en System.Data.SqlClient.TdsParser.ThrowExceptionAndWarning(TdsParserStateObject stateObj, Boolean callerHasConnectionLock, Boolean asyncClose)
   en System.Data.SqlClient.TdsParser.TryRun(RunBehavior runBehavior, SqlCommand cmdHandler, SqlDataReader dataStream, BulkCopySimpleResultSet bulkCopyHandler, TdsParserStateObject stateObj, Boolean& dataReady)
   en System.Data.SqlClient.SqlDataReader.TryConsumeMetaData()
   en System.Data.SqlClient.SqlDataReader.get_MetaData()
   en System.Data.SqlClient.SqlCommand.FinishExecuteReader(SqlDataReader ds, RunBehavior runBehavior, String resetOptionsString, Boolean isInternal, Boolean forDescribeParameterEncryption, Boolean shouldCacheForAlwaysEncrypted)
   en System.Data.SqlClient.SqlCommand.RunExecuteReaderTds(CommandBehavior cmdBehavior, RunBehavior runBehavior, Boolean returnStream, Boolean async, Int32 timeout, Task& task, Boolean asyncWrite, Boolean inRetry, SqlDataReader ds, Boolean describeParameterEncryptionRequest)
   en System.Data.SqlClient.SqlCommand.RunExecuteReader(CommandBehavior cmdBehavior, RunBehavior runBehavior, Boolean returnStream, String method, TaskCompletionSource`1 completion, Int32 timeout, Task& task, Boolean& usedCache, Boolean asyncWrite, Boolean inRetry)
   en System.Data.SqlClient.SqlCommand.RunExecuteReader(CommandBehavior cmdBehavior, RunBehavior runBehavior, Boolean returnStream, String method)
   en System.Data.SqlClient.SqlCommand.ExecuteReader(CommandBehavior behavior, String method)
   en System.Data.SqlClient.SqlCommand.ExecuteReader()
   en Mantenimiento.DataAccess.SubSistemasData.SelectSubSistemas(String ID_tb_SubSistema_Mant) en D:\PROYECTOS A IMPLEMENTAR\MANTENIMIENTO NUEVO\Template\Template.DataAccess\SubSistemasData.cs:línea 102
   en Mantenimiento.BusinessLayer.SubSistemasLogic.SelectSubSistemas(String ID_tb_SubSistema_Mant) en D:\PROYECTOS A IMPLEMENTAR\MANTENIMIENTO NUEVO\Template\Template.BusinessLayer\SubSistemasLogic.cs:línea 72
ClientConnectionId:f4e5ab2c-0bfc-4fcc-94c7-51a9e659f393
Error Number:201,State:4,Class:16
2019-10-24 16:14:34,123 [31] ERROR [en JBLV.Log.Log.RegistrarLog(NivelLog nivel, Exception ex)] 
System.Data.SqlClient.SqlException (0x80131904): El procedimiento o la función 'usp_SEL_tb_SubSistema_Mant' esperaba el parámetro '@ID_tb_SubSistema_Mant', que no se ha especificado.
   en System.Data.SqlClient.SqlConnection.OnError(SqlException exception, Boolean breakConnection, Action`1 wrapCloseInAction)
   en System.Data.SqlClient.SqlInternalConnection.OnError(SqlException exception, Boolean breakConnection, Action`1 wrapCloseInAction)
   en System.Data.SqlClient.TdsParser.ThrowExceptionAndWarning(TdsParserStateObject stateObj, Boolean callerHasConnectionLock, Boolean asyncClose)
   en System.Data.SqlClient.TdsParser.TryRun(RunBehavior runBehavior, SqlCommand cmdHandler, SqlDataReader dataStream, BulkCopySimpleResultSet bulkCopyHandler, TdsParserStateObject stateObj, Boolean& dataReady)
   en System.Data.SqlClient.SqlDataReader.TryConsumeMetaData()
   en System.Data.SqlClient.SqlDataReader.get_MetaData()
   en System.Data.SqlClient.SqlCommand.FinishExecuteReader(SqlDataReader ds, RunBehavior runBehavior, String resetOptionsString, Boolean isInternal, Boolean forDescribeParameterEncryption, Boolean shouldCacheForAlwaysEncrypted)
   en System.Data.SqlClient.SqlCommand.RunExecuteReaderTds(CommandBehavior cmdBehavior, RunBehavior runBehavior, Boolean returnStream, Boolean async, Int32 timeout, Task& task, Boolean asyncWrite, Boolean inRetry, SqlDataReader ds, Boolean describeParameterEncryptionRequest)
   en System.Data.SqlClient.SqlCommand.RunExecuteReader(CommandBehavior cmdBehavior, RunBehavior runBehavior, Boolean returnStream, String method, TaskCompletionSource`1 completion, Int32 timeout, Task& task, Boolean& usedCache, Boolean asyncWrite, Boolean inRetry)
   en System.Data.SqlClient.SqlCommand.RunExecuteReader(CommandBehavior cmdBehavior, RunBehavior runBehavior, Boolean returnStream, String method)
   en System.Data.SqlClient.SqlCommand.ExecuteReader(CommandBehavior behavior, String method)
   en System.Data.SqlClient.SqlCommand.ExecuteReader()
   en Mantenimiento.DataAccess.SubSistemasData.SelectSubSistemas(String ID_tb_SubSistema_Mant) en D:\PROYECTOS A IMPLEMENTAR\MANTENIMIENTO NUEVO\Template\Template.DataAccess\SubSistemasData.cs:línea 102
   en Mantenimiento.BusinessLayer.SubSistemasLogic.SelectSubSistemas(String ID_tb_SubSistema_Mant) en D:\PROYECTOS A IMPLEMENTAR\MANTENIMIENTO NUEVO\Template\Template.BusinessLayer\SubSistemasLogic.cs:línea 72
ClientConnectionId:f4e5ab2c-0bfc-4fcc-94c7-51a9e659f393
Error Number:201,State:4,Class:16
2019-10-24 16:15:03,113 [14] ERROR [en JBLV.Log.Log.RegistrarLog(NivelLog nivel, Exception ex)] 
System.Data.SqlClient.SqlException (0x80131904): El procedimiento o la función 'usp_SEL_tb_SubSistema_Mant' esperaba el parámetro '@ID_tb_SubSistema_Mant', que no se ha especificado.
   en System.Data.SqlClient.SqlConnection.OnError(SqlException exception, Boolean breakConnection, Action`1 wrapCloseInAction)
   en System.Data.SqlClient.SqlInternalConnection.OnError(SqlException exception, Boolean breakConnection, Action`1 wrapCloseInAction)
   en System.Data.SqlClient.TdsParser.ThrowExceptionAndWarning(TdsParserStateObject stateObj, Boolean callerHasConnectionLock, Boolean asyncClose)
   en System.Data.SqlClient.TdsParser.TryRun(RunBehavior runBehavior, SqlCommand cmdHandler, SqlDataReader dataStream, BulkCopySimpleResultSet bulkCopyHandler, TdsParserStateObject stateObj, Boolean& dataReady)
   en System.Data.SqlClient.SqlDataReader.TryConsumeMetaData()
   en System.Data.SqlClient.SqlDataReader.get_MetaData()
   en System.Data.SqlClient.SqlCommand.FinishExecuteReader(SqlDataReader ds, RunBehavior runBehavior, String resetOptionsString, Boolean isInternal, Boolean forDescribeParameterEncryption, Boolean shouldCacheForAlwaysEncrypted)
   en System.Data.SqlClient.SqlCommand.RunExecuteReaderTds(CommandBehavior cmdBehavior, RunBehavior runBehavior, Boolean returnStream, Boolean async, Int32 timeout, Task& task, Boolean asyncWrite, Boolean inRetry, SqlDataReader ds, Boolean describeParameterEncryptionRequest)
   en System.Data.SqlClient.SqlCommand.RunExecuteReader(CommandBehavior cmdBehavior, RunBehavior runBehavior, Boolean returnStream, String method, TaskCompletionSource`1 completion, Int32 timeout, Task& task, Boolean& usedCache, Boolean asyncWrite, Boolean inRetry)
   en System.Data.SqlClient.SqlCommand.RunExecuteReader(CommandBehavior cmdBehavior, RunBehavior runBehavior, Boolean returnStream, String method)
   en System.Data.SqlClient.SqlCommand.ExecuteReader(CommandBehavior behavior, String method)
   en System.Data.SqlClient.SqlCommand.ExecuteReader()
   en Mantenimiento.DataAccess.SubSistemasData.SelectSubSistemas(String ID_tb_SubSistema_Mant) en D:\PROYECTOS A IMPLEMENTAR\MANTENIMIENTO NUEVO\Template\Template.DataAccess\SubSistemasData.cs:línea 102
   en Mantenimiento.BusinessLayer.SubSistemasLogic.SelectSubSistemas(String ID_tb_SubSistema_Mant) en D:\PROYECTOS A IMPLEMENTAR\MANTENIMIENTO NUEVO\Template\Template.BusinessLayer\SubSistemasLogic.cs:línea 72
ClientConnectionId:f4e5ab2c-0bfc-4fcc-94c7-51a9e659f393
Error Number:201,State:4,Class:16
2019-10-24 16:15:05,386 [14] ERROR [en JBLV.Log.Log.RegistrarLog(NivelLog nivel, Exception ex)] 
System.Data.SqlClient.SqlException (0x80131904): El procedimiento o la función 'usp_SEL_tb_SubSistema_Mant' esperaba el parámetro '@ID_tb_SubSistema_Mant', que no se ha especificado.
   en System.Data.SqlClient.SqlConnection.OnError(SqlException exception, Boolean breakConnection, Action`1 wrapCloseInAction)
   en System.Data.SqlClient.SqlInternalConnection.OnError(SqlException exception, Boolean breakConnection, Action`1 wrapCloseInAction)
   en System.Data.SqlClient.TdsParser.ThrowExceptionAndWarning(TdsParserStateObject stateObj, Boolean callerHasConnectionLock, Boolean asyncClose)
   en System.Data.SqlClient.TdsParser.TryRun(RunBehavior runBehavior, SqlCommand cmdHandler, SqlDataReader dataStream, BulkCopySimpleResultSet bulkCopyHandler, TdsParserStateObject stateObj, Boolean& dataReady)
   en System.Data.SqlClient.SqlDataReader.TryConsumeMetaData()
   en System.Data.SqlClient.SqlDataReader.get_MetaData()
   en System.Data.SqlClient.SqlCommand.FinishExecuteReader(SqlDataReader ds, RunBehavior runBehavior, String resetOptionsString, Boolean isInternal, Boolean forDescribeParameterEncryption, Boolean shouldCacheForAlwaysEncrypted)
   en System.Data.SqlClient.SqlCommand.RunExecuteReaderTds(CommandBehavior cmdBehavior, RunBehavior runBehavior, Boolean returnStream, Boolean async, Int32 timeout, Task& task, Boolean asyncWrite, Boolean inRetry, SqlDataReader ds, Boolean describeParameterEncryptionRequest)
   en System.Data.SqlClient.SqlCommand.RunExecuteReader(CommandBehavior cmdBehavior, RunBehavior runBehavior, Boolean returnStream, String method, TaskCompletionSource`1 completion, Int32 timeout, Task& task, Boolean& usedCache, Boolean asyncWrite, Boolean inRetry)
   en System.Data.SqlClient.SqlCommand.RunExecuteReader(CommandBehavior cmdBehavior, RunBehavior runBehavior, Boolean returnStream, String method)
   en System.Data.SqlClient.SqlCommand.ExecuteReader(CommandBehavior behavior, String method)
   en System.Data.SqlClient.SqlCommand.ExecuteReader()
   en Mantenimiento.DataAccess.SubSistemasData.SelectSubSistemas(String ID_tb_SubSistema_Mant) en D:\PROYECTOS A IMPLEMENTAR\MANTENIMIENTO NUEVO\Template\Template.DataAccess\SubSistemasData.cs:línea 102
   en Mantenimiento.BusinessLayer.SubSistemasLogic.SelectSubSistemas(String ID_tb_SubSistema_Mant) en D:\PROYECTOS A IMPLEMENTAR\MANTENIMIENTO NUEVO\Template\Template.BusinessLayer\SubSistemasLogic.cs:línea 72
ClientConnectionId:f4e5ab2c-0bfc-4fcc-94c7-51a9e659f393
Error Number:201,State:4,Class:16
2019-10-24 16:16:31,838 [14] ERROR [en JBLV.Log.Log.RegistrarLog(NivelLog nivel, Exception ex)] 
System.Data.SqlClient.SqlException (0x80131904): El procedimiento o la función 'usp_SEL_tb_SubSistema_Mant' esperaba el parámetro '@ID_tb_SubSistema_Mant', que no se ha especificado.
   en System.Data.SqlClient.SqlConnection.OnError(SqlException exception, Boolean breakConnection, Action`1 wrapCloseInAction)
   en System.Data.SqlClient.SqlInternalConnection.OnError(SqlException exception, Boolean breakConnection, Action`1 wrapCloseInAction)
   en System.Data.SqlClient.TdsParser.ThrowExceptionAndWarning(TdsParserStateObject stateObj, Boolean callerHasConnectionLock, Boolean asyncClose)
   en System.Data.SqlClient.TdsParser.TryRun(RunBehavior runBehavior, SqlCommand cmdHandler, SqlDataReader dataStream, BulkCopySimpleResultSet bulkCopyHandler, TdsParserStateObject stateObj, Boolean& dataReady)
   en System.Data.SqlClient.SqlDataReader.TryConsumeMetaData()
   en System.Data.SqlClient.SqlDataReader.get_MetaData()
   en System.Data.SqlClient.SqlCommand.FinishExecuteReader(SqlDataReader ds, RunBehavior runBehavior, String resetOptionsString, Boolean isInternal, Boolean forDescribeParameterEncryption, Boolean shouldCacheForAlwaysEncrypted)
   en System.Data.SqlClient.SqlCommand.RunExecuteReaderTds(CommandBehavior cmdBehavior, RunBehavior runBehavior, Boolean returnStream, Boolean async, Int32 timeout, Task& task, Boolean asyncWrite, Boolean inRetry, SqlDataReader ds, Boolean describeParameterEncryptionRequest)
   en System.Data.SqlClient.SqlCommand.RunExecuteReader(CommandBehavior cmdBehavior, RunBehavior runBehavior, Boolean returnStream, String method, TaskCompletionSource`1 completion, Int32 timeout, Task& task, Boolean& usedCache, Boolean asyncWrite, Boolean inRetry)
   en System.Data.SqlClient.SqlCommand.RunExecuteReader(CommandBehavior cmdBehavior, RunBehavior runBehavior, Boolean returnStream, String method)
   en System.Data.SqlClient.SqlCommand.ExecuteReader(CommandBehavior behavior, String method)
   en System.Data.SqlClient.SqlCommand.ExecuteReader()
   en Mantenimiento.DataAccess.SubSistemasData.SelectSubSistemas(String ID_tb_SubSistema_Mant) en D:\PROYECTOS A IMPLEMENTAR\MANTENIMIENTO NUEVO\Template\Template.DataAccess\SubSistemasData.cs:línea 102
   en Mantenimiento.BusinessLayer.SubSistemasLogic.SelectSubSistemas(String ID_tb_SubSistema_Mant) en D:\PROYECTOS A IMPLEMENTAR\MANTENIMIENTO NUEVO\Template\Template.BusinessLayer\SubSistemasLogic.cs:línea 72
ClientConnectionId:f4e5ab2c-0bfc-4fcc-94c7-51a9e659f393
Error Number:201,State:4,Class:16
2019-10-24 16:17:42,365 [33] ERROR [en JBLV.Log.Log.RegistrarLog(NivelLog nivel, Exception ex)] 
System.Data.SqlClient.SqlException (0x80131904): El procedimiento o la función 'usp_SEL_tb_SubSistema_Mant' esperaba el parámetro '@ID_tb_SubSistema_Mant', que no se ha especificado.
   en System.Data.SqlClient.SqlConnection.OnError(SqlException exception, Boolean breakConnection, Action`1 wrapCloseInAction)
   en System.Data.SqlClient.SqlInternalConnection.OnError(SqlException exception, Boolean breakConnection, Action`1 wrapCloseInAction)
   en System.Data.SqlClient.TdsParser.ThrowExceptionAndWarning(TdsParserStateObject stateObj, Boolean callerHasConnectionLock, Boolean asyncClose)
   en System.Data.SqlClient.TdsParser.TryRun(RunBehavior runBehavior, SqlCommand cmdHandler, SqlDataReader dataStream, BulkCopySimpleResultSet bulkCopyHandler, TdsParserStateObject stateObj, Boolean& dataReady)
   en System.Data.SqlClient.SqlDataReader.TryConsumeMetaData()
   en System.Data.SqlClient.SqlDataReader.get_MetaData()
   en System.Data.SqlClient.SqlCommand.FinishExecuteReader(SqlDataReader ds, RunBehavior runBehavior, String resetOptionsString, Boolean isInternal, Boolean forDescribeParameterEncryption, Boolean shouldCacheForAlwaysEncrypted)
   en System.Data.SqlClient.SqlCommand.RunExecuteReaderTds(CommandBehavior cmdBehavior, RunBehavior runBehavior, Boolean returnStream, Boolean async, Int32 timeout, Task& task, Boolean asyncWrite, Boolean inRetry, SqlDataReader ds, Boolean describeParameterEncryptionRequest)
   en System.Data.SqlClient.SqlCommand.RunExecuteReader(CommandBehavior cmdBehavior, RunBehavior runBehavior, Boolean returnStream, String method, TaskCompletionSource`1 completion, Int32 timeout, Task& task, Boolean& usedCache, Boolean asyncWrite, Boolean inRetry)
   en System.Data.SqlClient.SqlCommand.RunExecuteReader(CommandBehavior cmdBehavior, RunBehavior runBehavior, Boolean returnStream, String method)
   en System.Data.SqlClient.SqlCommand.ExecuteReader(CommandBehavior behavior, String method)
   en System.Data.SqlClient.SqlCommand.ExecuteReader()
   en Mantenimiento.DataAccess.SubSistemasData.SelectSubSistemas(String ID_tb_SubSistema_Mant) en D:\PROYECTOS A IMPLEMENTAR\MANTENIMIENTO NUEVO\Template\Template.DataAccess\SubSistemasData.cs:línea 102
   en Mantenimiento.BusinessLayer.SubSistemasLogic.SelectSubSistemas(String ID_tb_SubSistema_Mant) en D:\PROYECTOS A IMPLEMENTAR\MANTENIMIENTO NUEVO\Template\Template.BusinessLayer\SubSistemasLogic.cs:línea 72
ClientConnectionId:f4e5ab2c-0bfc-4fcc-94c7-51a9e659f393
Error Number:201,State:4,Class:16
2019-10-24 16:17:43,547 [25] ERROR [en JBLV.Log.Log.RegistrarLog(NivelLog nivel, Exception ex)] 
System.Exception: El procedimiento o la función 'usp_INS_tb_SubSistema_Mant' esperaba el parámetro '@ID_tb_SubSistema_Mant', que no se ha especificado.
   en Mantenimiento.DataAccess.SubSistemasData.<InsertSubSistemas>d__3.MoveNext() en D:\PROYECTOS A IMPLEMENTAR\MANTENIMIENTO NUEVO\Template\Template.DataAccess\SubSistemasData.cs:línea 154
--- Fin del seguimiento de la pila de la ubicación anterior donde se produjo la excepción ---
   en System.Runtime.CompilerServices.TaskAwaiter.ThrowForNonSuccess(Task task)
   en System.Runtime.CompilerServices.TaskAwaiter.HandleNonSuccessAndDebuggerNotification(Task task)
   en System.Runtime.CompilerServices.TaskAwaiter`1.GetResult()
   en Mantenimiento.BusinessLayer.SubSistemasLogic.<InsertSubSistemas>d__4.MoveNext() en D:\PROYECTOS A IMPLEMENTAR\MANTENIMIENTO NUEVO\Template\Template.BusinessLayer\SubSistemasLogic.cs:línea 136
2019-10-24 16:17:45,975 [34] ERROR [en JBLV.Log.Log.RegistrarLog(NivelLog nivel, Exception ex)] 
System.Data.SqlClient.SqlException (0x80131904): El procedimiento o la función 'usp_SEL_tb_SubSistema_Mant' esperaba el parámetro '@ID_tb_SubSistema_Mant', que no se ha especificado.
   en System.Data.SqlClient.SqlConnection.OnError(SqlException exception, Boolean breakConnection, Action`1 wrapCloseInAction)
   en System.Data.SqlClient.SqlInternalConnection.OnError(SqlException exception, Boolean breakConnection, Action`1 wrapCloseInAction)
   en System.Data.SqlClient.TdsParser.ThrowExceptionAndWarning(TdsParserStateObject stateObj, Boolean callerHasConnectionLock, Boolean asyncClose)
   en System.Data.SqlClient.TdsParser.TryRun(RunBehavior runBehavior, SqlCommand cmdHandler, SqlDataReader dataStream, BulkCopySimpleResultSet bulkCopyHandler, TdsParserStateObject stateObj, Boolean& dataReady)
   en System.Data.SqlClient.SqlDataReader.TryConsumeMetaData()
   en System.Data.SqlClient.SqlDataReader.get_MetaData()
   en System.Data.SqlClient.SqlCommand.FinishExecuteReader(SqlDataReader ds, RunBehavior runBehavior, String resetOptionsString, Boolean isInternal, Boolean forDescribeParameterEncryption, Boolean shouldCacheForAlwaysEncrypted)
   en System.Data.SqlClient.SqlCommand.RunExecuteReaderTds(CommandBehavior cmdBehavior, RunBehavior runBehavior, Boolean returnStream, Boolean async, Int32 timeout, Task& task, Boolean asyncWrite, Boolean inRetry, SqlDataReader ds, Boolean describeParameterEncryptionRequest)
   en System.Data.SqlClient.SqlCommand.RunExecuteReader(CommandBehavior cmdBehavior, RunBehavior runBehavior, Boolean returnStream, String method, TaskCompletionSource`1 completion, Int32 timeout, Task& task, Boolean& usedCache, Boolean asyncWrite, Boolean inRetry)
   en System.Data.SqlClient.SqlCommand.RunExecuteReader(CommandBehavior cmdBehavior, RunBehavior runBehavior, Boolean returnStream, String method)
   en System.Data.SqlClient.SqlCommand.ExecuteReader(CommandBehavior behavior, String method)
   en System.Data.SqlClient.SqlCommand.ExecuteReader()
   en Mantenimiento.DataAccess.SubSistemasData.SelectSubSistemas(String ID_tb_SubSistema_Mant) en D:\PROYECTOS A IMPLEMENTAR\MANTENIMIENTO NUEVO\Template\Template.DataAccess\SubSistemasData.cs:línea 102
   en Mantenimiento.BusinessLayer.SubSistemasLogic.SelectSubSistemas(String ID_tb_SubSistema_Mant) en D:\PROYECTOS A IMPLEMENTAR\MANTENIMIENTO NUEVO\Template\Template.BusinessLayer\SubSistemasLogic.cs:línea 72
ClientConnectionId:f4e5ab2c-0bfc-4fcc-94c7-51a9e659f393
Error Number:201,State:4,Class:16
2019-10-24 16:17:46,751 [23] ERROR [en JBLV.Log.Log.RegistrarLog(NivelLog nivel, Exception ex)] 
System.Exception: El procedimiento o la función 'usp_INS_tb_SubSistema_Mant' esperaba el parámetro '@ID_tb_SubSistema_Mant', que no se ha especificado.
   en Mantenimiento.DataAccess.SubSistemasData.<InsertSubSistemas>d__3.MoveNext() en D:\PROYECTOS A IMPLEMENTAR\MANTENIMIENTO NUEVO\Template\Template.DataAccess\SubSistemasData.cs:línea 154
--- Fin del seguimiento de la pila de la ubicación anterior donde se produjo la excepción ---
   en System.Runtime.CompilerServices.TaskAwaiter.ThrowForNonSuccess(Task task)
   en System.Runtime.CompilerServices.TaskAwaiter.HandleNonSuccessAndDebuggerNotification(Task task)
   en System.Runtime.CompilerServices.TaskAwaiter`1.GetResult()
   en Mantenimiento.BusinessLayer.SubSistemasLogic.<InsertSubSistemas>d__4.MoveNext() en D:\PROYECTOS A IMPLEMENTAR\MANTENIMIENTO NUEVO\Template\Template.BusinessLayer\SubSistemasLogic.cs:línea 136
2019-10-24 16:18:02,375 [14] ERROR [en JBLV.Log.Log.RegistrarLog(NivelLog nivel, Exception ex)] 
System.Data.SqlClient.SqlException (0x80131904): El procedimiento o la función 'usp_SEL_tb_SubSistema_Mant' esperaba el parámetro '@ID_tb_SubSistema_Mant', que no se ha especificado.
   en System.Data.SqlClient.SqlConnection.OnError(SqlException exception, Boolean breakConnection, Action`1 wrapCloseInAction)
   en System.Data.SqlClient.SqlInternalConnection.OnError(SqlException exception, Boolean breakConnection, Action`1 wrapCloseInAction)
   en System.Data.SqlClient.TdsParser.ThrowExceptionAndWarning(TdsParserStateObject stateObj, Boolean callerHasConnectionLock, Boolean asyncClose)
   en System.Data.SqlClient.TdsParser.TryRun(RunBehavior runBehavior, SqlCommand cmdHandler, SqlDataReader dataStream, BulkCopySimpleResultSet bulkCopyHandler, TdsParserStateObject stateObj, Boolean& dataReady)
   en System.Data.SqlClient.SqlDataReader.TryConsumeMetaData()
   en System.Data.SqlClient.SqlDataReader.get_MetaData()
   en System.Data.SqlClient.SqlCommand.FinishExecuteReader(SqlDataReader ds, RunBehavior runBehavior, String resetOptionsString, Boolean isInternal, Boolean forDescribeParameterEncryption, Boolean shouldCacheForAlwaysEncrypted)
   en System.Data.SqlClient.SqlCommand.RunExecuteReaderTds(CommandBehavior cmdBehavior, RunBehavior runBehavior, Boolean returnStream, Boolean async, Int32 timeout, Task& task, Boolean asyncWrite, Boolean inRetry, SqlDataReader ds, Boolean describeParameterEncryptionRequest)
   en System.Data.SqlClient.SqlCommand.RunExecuteReader(CommandBehavior cmdBehavior, RunBehavior runBehavior, Boolean returnStream, String method, TaskCompletionSource`1 completion, Int32 timeout, Task& task, Boolean& usedCache, Boolean asyncWrite, Boolean inRetry)
   en System.Data.SqlClient.SqlCommand.RunExecuteReader(CommandBehavior cmdBehavior, RunBehavior runBehavior, Boolean returnStream, String method)
   en System.Data.SqlClient.SqlCommand.ExecuteReader(CommandBehavior behavior, String method)
   en System.Data.SqlClient.SqlCommand.ExecuteReader()
   en Mantenimiento.DataAccess.SubSistemasData.SelectSubSistemas(String ID_tb_SubSistema_Mant) en D:\PROYECTOS A IMPLEMENTAR\MANTENIMIENTO NUEVO\Template\Template.DataAccess\SubSistemasData.cs:línea 102
   en Mantenimiento.BusinessLayer.SubSistemasLogic.SelectSubSistemas(String ID_tb_SubSistema_Mant) en D:\PROYECTOS A IMPLEMENTAR\MANTENIMIENTO NUEVO\Template\Template.BusinessLayer\SubSistemasLogic.cs:línea 72
ClientConnectionId:f4e5ab2c-0bfc-4fcc-94c7-51a9e659f393
Error Number:201,State:4,Class:16
2019-10-24 16:18:03,250 [23] ERROR [en JBLV.Log.Log.RegistrarLog(NivelLog nivel, Exception ex)] 
System.Exception: El procedimiento o la función 'usp_INS_tb_SubSistema_Mant' esperaba el parámetro '@ID_tb_SubSistema_Mant', que no se ha especificado.
   en Mantenimiento.DataAccess.SubSistemasData.<InsertSubSistemas>d__3.MoveNext() en D:\PROYECTOS A IMPLEMENTAR\MANTENIMIENTO NUEVO\Template\Template.DataAccess\SubSistemasData.cs:línea 154
--- Fin del seguimiento de la pila de la ubicación anterior donde se produjo la excepción ---
   en System.Runtime.CompilerServices.TaskAwaiter.ThrowForNonSuccess(Task task)
   en System.Runtime.CompilerServices.TaskAwaiter.HandleNonSuccessAndDebuggerNotification(Task task)
   en System.Runtime.CompilerServices.TaskAwaiter`1.GetResult()
   en Mantenimiento.BusinessLayer.SubSistemasLogic.<InsertSubSistemas>d__4.MoveNext() en D:\PROYECTOS A IMPLEMENTAR\MANTENIMIENTO NUEVO\Template\Template.BusinessLayer\SubSistemasLogic.cs:línea 136
2019-10-24 16:18:23,722 [32] ERROR [en JBLV.Log.Log.RegistrarLog(NivelLog nivel, Exception ex)] 
System.Data.SqlClient.SqlException (0x80131904): El procedimiento o la función 'usp_SEL_tb_SubSistema_Mant' esperaba el parámetro '@ID_tb_SubSistema_Mant', que no se ha especificado.
   en System.Data.SqlClient.SqlConnection.OnError(SqlException exception, Boolean breakConnection, Action`1 wrapCloseInAction)
   en System.Data.SqlClient.SqlInternalConnection.OnError(SqlException exception, Boolean breakConnection, Action`1 wrapCloseInAction)
   en System.Data.SqlClient.TdsParser.ThrowExceptionAndWarning(TdsParserStateObject stateObj, Boolean callerHasConnectionLock, Boolean asyncClose)
   en System.Data.SqlClient.TdsParser.TryRun(RunBehavior runBehavior, SqlCommand cmdHandler, SqlDataReader dataStream, BulkCopySimpleResultSet bulkCopyHandler, TdsParserStateObject stateObj, Boolean& dataReady)
   en System.Data.SqlClient.SqlDataReader.TryConsumeMetaData()
   en System.Data.SqlClient.SqlDataReader.get_MetaData()
   en System.Data.SqlClient.SqlCommand.FinishExecuteReader(SqlDataReader ds, RunBehavior runBehavior, String resetOptionsString, Boolean isInternal, Boolean forDescribeParameterEncryption, Boolean shouldCacheForAlwaysEncrypted)
   en System.Data.SqlClient.SqlCommand.RunExecuteReaderTds(CommandBehavior cmdBehavior, RunBehavior runBehavior, Boolean returnStream, Boolean async, Int32 timeout, Task& task, Boolean asyncWrite, Boolean inRetry, SqlDataReader ds, Boolean describeParameterEncryptionRequest)
   en System.Data.SqlClient.SqlCommand.RunExecuteReader(CommandBehavior cmdBehavior, RunBehavior runBehavior, Boolean returnStream, String method, TaskCompletionSource`1 completion, Int32 timeout, Task& task, Boolean& usedCache, Boolean asyncWrite, Boolean inRetry)
   en System.Data.SqlClient.SqlCommand.RunExecuteReader(CommandBehavior cmdBehavior, RunBehavior runBehavior, Boolean returnStream, String method)
   en System.Data.SqlClient.SqlCommand.ExecuteReader(CommandBehavior behavior, String method)
   en System.Data.SqlClient.SqlCommand.ExecuteReader()
   en Mantenimiento.DataAccess.SubSistemasData.SelectSubSistemas(String ID_tb_SubSistema_Mant) en D:\PROYECTOS A IMPLEMENTAR\MANTENIMIENTO NUEVO\Template\Template.DataAccess\SubSistemasData.cs:línea 102
   en Mantenimiento.BusinessLayer.SubSistemasLogic.SelectSubSistemas(String ID_tb_SubSistema_Mant) en D:\PROYECTOS A IMPLEMENTAR\MANTENIMIENTO NUEVO\Template\Template.BusinessLayer\SubSistemasLogic.cs:línea 72
ClientConnectionId:f4e5ab2c-0bfc-4fcc-94c7-51a9e659f393
Error Number:201,State:4,Class:16
2019-10-24 16:19:24,458 [32] ERROR [en JBLV.Log.Log.RegistrarLog(NivelLog nivel, Exception ex)] 
System.Data.SqlClient.SqlException (0x80131904): El procedimiento o la función 'usp_SEL_tb_SubSistema_Mant' esperaba el parámetro '@ID_tb_SubSistema_Mant', que no se ha especificado.
   en System.Data.SqlClient.SqlConnection.OnError(SqlException exception, Boolean breakConnection, Action`1 wrapCloseInAction)
   en System.Data.SqlClient.SqlInternalConnection.OnError(SqlException exception, Boolean breakConnection, Action`1 wrapCloseInAction)
   en System.Data.SqlClient.TdsParser.ThrowExceptionAndWarning(TdsParserStateObject stateObj, Boolean callerHasConnectionLock, Boolean asyncClose)
   en System.Data.SqlClient.TdsParser.TryRun(RunBehavior runBehavior, SqlCommand cmdHandler, SqlDataReader dataStream, BulkCopySimpleResultSet bulkCopyHandler, TdsParserStateObject stateObj, Boolean& dataReady)
   en System.Data.SqlClient.SqlDataReader.TryConsumeMetaData()
   en System.Data.SqlClient.SqlDataReader.get_MetaData()
   en System.Data.SqlClient.SqlCommand.FinishExecuteReader(SqlDataReader ds, RunBehavior runBehavior, String resetOptionsString, Boolean isInternal, Boolean forDescribeParameterEncryption, Boolean shouldCacheForAlwaysEncrypted)
   en System.Data.SqlClient.SqlCommand.RunExecuteReaderTds(CommandBehavior cmdBehavior, RunBehavior runBehavior, Boolean returnStream, Boolean async, Int32 timeout, Task& task, Boolean asyncWrite, Boolean inRetry, SqlDataReader ds, Boolean describeParameterEncryptionRequest)
   en System.Data.SqlClient.SqlCommand.RunExecuteReader(CommandBehavior cmdBehavior, RunBehavior runBehavior, Boolean returnStream, String method, TaskCompletionSource`1 completion, Int32 timeout, Task& task, Boolean& usedCache, Boolean asyncWrite, Boolean inRetry)
   en System.Data.SqlClient.SqlCommand.RunExecuteReader(CommandBehavior cmdBehavior, RunBehavior runBehavior, Boolean returnStream, String method)
   en System.Data.SqlClient.SqlCommand.ExecuteReader(CommandBehavior behavior, String method)
   en System.Data.SqlClient.SqlCommand.ExecuteReader()
   en Mantenimiento.DataAccess.SubSistemasData.SelectSubSistemas(String ID_tb_SubSistema_Mant) en D:\PROYECTOS A IMPLEMENTAR\MANTENIMIENTO NUEVO\Template\Template.DataAccess\SubSistemasData.cs:línea 102
   en Mantenimiento.BusinessLayer.SubSistemasLogic.SelectSubSistemas(String ID_tb_SubSistema_Mant) en D:\PROYECTOS A IMPLEMENTAR\MANTENIMIENTO NUEVO\Template\Template.BusinessLayer\SubSistemasLogic.cs:línea 72
ClientConnectionId:f4e5ab2c-0bfc-4fcc-94c7-51a9e659f393
Error Number:201,State:4,Class:16
2019-10-24 16:21:31,026 [32] ERROR [en JBLV.Log.Log.RegistrarLog(NivelLog nivel, Exception ex)] 
System.Data.SqlClient.SqlException (0x80131904): El procedimiento o la función 'usp_SEL_tb_SubSistema_Mant' esperaba el parámetro '@ID_tb_SubSistema_Mant', que no se ha especificado.
   en System.Data.SqlClient.SqlConnection.OnError(SqlException exception, Boolean breakConnection, Action`1 wrapCloseInAction)
   en System.Data.SqlClient.SqlInternalConnection.OnError(SqlException exception, Boolean breakConnection, Action`1 wrapCloseInAction)
   en System.Data.SqlClient.TdsParser.ThrowExceptionAndWarning(TdsParserStateObject stateObj, Boolean callerHasConnectionLock, Boolean asyncClose)
   en System.Data.SqlClient.TdsParser.TryRun(RunBehavior runBehavior, SqlCommand cmdHandler, SqlDataReader dataStream, BulkCopySimpleResultSet bulkCopyHandler, TdsParserStateObject stateObj, Boolean& dataReady)
   en System.Data.SqlClient.SqlDataReader.TryConsumeMetaData()
   en System.Data.SqlClient.SqlDataReader.get_MetaData()
   en System.Data.SqlClient.SqlCommand.FinishExecuteReader(SqlDataReader ds, RunBehavior runBehavior, String resetOptionsString, Boolean isInternal, Boolean forDescribeParameterEncryption, Boolean shouldCacheForAlwaysEncrypted)
   en System.Data.SqlClient.SqlCommand.RunExecuteReaderTds(CommandBehavior cmdBehavior, RunBehavior runBehavior, Boolean returnStream, Boolean async, Int32 timeout, Task& task, Boolean asyncWrite, Boolean inRetry, SqlDataReader ds, Boolean describeParameterEncryptionRequest)
   en System.Data.SqlClient.SqlCommand.RunExecuteReader(CommandBehavior cmdBehavior, RunBehavior runBehavior, Boolean returnStream, String method, TaskCompletionSource`1 completion, Int32 timeout, Task& task, Boolean& usedCache, Boolean asyncWrite, Boolean inRetry)
   en System.Data.SqlClient.SqlCommand.RunExecuteReader(CommandBehavior cmdBehavior, RunBehavior runBehavior, Boolean returnStream, String method)
   en System.Data.SqlClient.SqlCommand.ExecuteReader(CommandBehavior behavior, String method)
   en System.Data.SqlClient.SqlCommand.ExecuteReader()
   en Mantenimiento.DataAccess.SubSistemasData.SelectSubSistemas(String ID_tb_SubSistema_Mant) en D:\PROYECTOS A IMPLEMENTAR\MANTENIMIENTO NUEVO\Template\Template.DataAccess\SubSistemasData.cs:línea 102
   en Mantenimiento.BusinessLayer.SubSistemasLogic.SelectSubSistemas(String ID_tb_SubSistema_Mant) en D:\PROYECTOS A IMPLEMENTAR\MANTENIMIENTO NUEVO\Template\Template.BusinessLayer\SubSistemasLogic.cs:línea 72
ClientConnectionId:f4e5ab2c-0bfc-4fcc-94c7-51a9e659f393
Error Number:201,State:4,Class:16
