2019-10-17 16:11:27,261 [38] ERROR [en JBLV.Log.Log.RegistrarLog(NivelLog nivel, Exception ex)] 
System.Exception: Instrucción DELETE en conflicto con la restricción REFERENCE "FK_ID_tb_Sistema_Mant". El conflicto ha aparecido en la base de datos "BDALM2019_ME", tabla "dbo.tb_SubSistema_Mant", column 'ID_tb_Sistema_Mant'.
Se terminó la instrucción.
   en Mantenimiento.DataAccess.SistemasData.<DeleteSistemas>d__4.MoveNext() en D:\PROYECTOS A IMPLEMENTAR\MANTENIMIENTO NUEVO\Template\Template.DataAccess\SistemasData.cs:línea 177
--- Fin del seguimiento de la pila de la ubicación anterior donde se produjo la excepción ---
   en System.Runtime.CompilerServices.TaskAwaiter.ThrowForNonSuccess(Task task)
   en System.Runtime.CompilerServices.TaskAwaiter.HandleNonSuccessAndDebuggerNotification(Task task)
   en System.Runtime.CompilerServices.TaskAwaiter`1.GetResult()
   en Mantenimiento.BusinessLayer.SistemasLogic.<DeleteSistemas>d__1.MoveNext() en D:\PROYECTOS A IMPLEMENTAR\MANTENIMIENTO NUEVO\Template\Template.BusinessLayer\SistemasLogic.cs:línea 63
2019-10-17 16:11:27,563 [34] ERROR [en JBLV.Log.Log.RegistrarLog(NivelLog nivel, Exception ex)] 
System.Exception: Instrucción DELETE en conflicto con la restricción REFERENCE "FK_ID_tb_Sistema_Mant". El conflicto ha aparecido en la base de datos "BDALM2019_ME", tabla "dbo.tb_SubSistema_Mant", column 'ID_tb_Sistema_Mant'.
Se terminó la instrucción.
   en Mantenimiento.DataAccess.SistemasData.<DeleteSistemas>d__4.MoveNext() en D:\PROYECTOS A IMPLEMENTAR\MANTENIMIENTO NUEVO\Template\Template.DataAccess\SistemasData.cs:línea 177
--- Fin del seguimiento de la pila de la ubicación anterior donde se produjo la excepción ---
   en System.Runtime.CompilerServices.TaskAwaiter.ThrowForNonSuccess(Task task)
   en System.Runtime.CompilerServices.TaskAwaiter.HandleNonSuccessAndDebuggerNotification(Task task)
   en System.Runtime.CompilerServices.TaskAwaiter`1.GetResult()
   en Mantenimiento.BusinessLayer.SistemasLogic.<DeleteSistemas>d__1.MoveNext() en D:\PROYECTOS A IMPLEMENTAR\MANTENIMIENTO NUEVO\Template\Template.BusinessLayer\SistemasLogic.cs:línea 63
2019-10-17 16:11:30,460 [34] ERROR [en JBLV.Log.Log.RegistrarLog(NivelLog nivel, Exception ex)] 
System.Exception: Instrucción DELETE en conflicto con la restricción REFERENCE "FK_ID_tb_Sistema_Mant". El conflicto ha aparecido en la base de datos "BDALM2019_ME", tabla "dbo.tb_SubSistema_Mant", column 'ID_tb_Sistema_Mant'.
Se terminó la instrucción.
   en Mantenimiento.DataAccess.SistemasData.<DeleteSistemas>d__4.MoveNext() en D:\PROYECTOS A IMPLEMENTAR\MANTENIMIENTO NUEVO\Template\Template.DataAccess\SistemasData.cs:línea 177
--- Fin del seguimiento de la pila de la ubicación anterior donde se produjo la excepción ---
   en System.Runtime.CompilerServices.TaskAwaiter.ThrowForNonSuccess(Task task)
   en System.Runtime.CompilerServices.TaskAwaiter.HandleNonSuccessAndDebuggerNotification(Task task)
   en System.Runtime.CompilerServices.TaskAwaiter`1.GetResult()
   en Mantenimiento.BusinessLayer.SistemasLogic.<DeleteSistemas>d__1.MoveNext() en D:\PROYECTOS A IMPLEMENTAR\MANTENIMIENTO NUEVO\Template\Template.BusinessLayer\SistemasLogic.cs:línea 63
2019-10-17 16:11:31,178 [26] ERROR [en JBLV.Log.Log.RegistrarLog(NivelLog nivel, Exception ex)] 
System.Exception: Instrucción DELETE en conflicto con la restricción REFERENCE "FK_ID_tb_Sistema_Mant". El conflicto ha aparecido en la base de datos "BDALM2019_ME", tabla "dbo.tb_SubSistema_Mant", column 'ID_tb_Sistema_Mant'.
Se terminó la instrucción.
   en Mantenimiento.DataAccess.SistemasData.<DeleteSistemas>d__4.MoveNext() en D:\PROYECTOS A IMPLEMENTAR\MANTENIMIENTO NUEVO\Template\Template.DataAccess\SistemasData.cs:línea 177
--- Fin del seguimiento de la pila de la ubicación anterior donde se produjo la excepción ---
   en System.Runtime.CompilerServices.TaskAwaiter.ThrowForNonSuccess(Task task)
   en System.Runtime.CompilerServices.TaskAwaiter.HandleNonSuccessAndDebuggerNotification(Task task)
   en System.Runtime.CompilerServices.TaskAwaiter`1.GetResult()
   en Mantenimiento.BusinessLayer.SistemasLogic.<DeleteSistemas>d__1.MoveNext() en D:\PROYECTOS A IMPLEMENTAR\MANTENIMIENTO NUEVO\Template\Template.BusinessLayer\SistemasLogic.cs:línea 63
2019-10-17 16:11:33,898 [34] ERROR [en JBLV.Log.Log.RegistrarLog(NivelLog nivel, Exception ex)] 
System.Exception: Instrucción DELETE en conflicto con la restricción REFERENCE "FK_ID_tb_Sistema_Mant". El conflicto ha aparecido en la base de datos "BDALM2019_ME", tabla "dbo.tb_SubSistema_Mant", column 'ID_tb_Sistema_Mant'.
Se terminó la instrucción.
   en Mantenimiento.DataAccess.SistemasData.<DeleteSistemas>d__4.MoveNext() en D:\PROYECTOS A IMPLEMENTAR\MANTENIMIENTO NUEVO\Template\Template.DataAccess\SistemasData.cs:línea 177
--- Fin del seguimiento de la pila de la ubicación anterior donde se produjo la excepción ---
   en System.Runtime.CompilerServices.TaskAwaiter.ThrowForNonSuccess(Task task)
   en System.Runtime.CompilerServices.TaskAwaiter.HandleNonSuccessAndDebuggerNotification(Task task)
   en System.Runtime.CompilerServices.TaskAwaiter`1.GetResult()
   en Mantenimiento.BusinessLayer.SistemasLogic.<DeleteSistemas>d__1.MoveNext() en D:\PROYECTOS A IMPLEMENTAR\MANTENIMIENTO NUEVO\Template\Template.BusinessLayer\SistemasLogic.cs:línea 63
2019-10-17 16:11:34,068 [37] ERROR [en JBLV.Log.Log.RegistrarLog(NivelLog nivel, Exception ex)] 
System.Exception: Instrucción DELETE en conflicto con la restricción REFERENCE "FK_ID_tb_Sistema_Mant". El conflicto ha aparecido en la base de datos "BDALM2019_ME", tabla "dbo.tb_SubSistema_Mant", column 'ID_tb_Sistema_Mant'.
Se terminó la instrucción.
   en Mantenimiento.DataAccess.SistemasData.<DeleteSistemas>d__4.MoveNext() en D:\PROYECTOS A IMPLEMENTAR\MANTENIMIENTO NUEVO\Template\Template.DataAccess\SistemasData.cs:línea 177
--- Fin del seguimiento de la pila de la ubicación anterior donde se produjo la excepción ---
   en System.Runtime.CompilerServices.TaskAwaiter.ThrowForNonSuccess(Task task)
   en System.Runtime.CompilerServices.TaskAwaiter.HandleNonSuccessAndDebuggerNotification(Task task)
   en System.Runtime.CompilerServices.TaskAwaiter`1.GetResult()
   en Mantenimiento.BusinessLayer.SistemasLogic.<DeleteSistemas>d__1.MoveNext() en D:\PROYECTOS A IMPLEMENTAR\MANTENIMIENTO NUEVO\Template\Template.BusinessLayer\SistemasLogic.cs:línea 63
2019-10-17 16:11:34,207 [37] ERROR [en JBLV.Log.Log.RegistrarLog(NivelLog nivel, Exception ex)] 
System.Exception: Instrucción DELETE en conflicto con la restricción REFERENCE "FK_ID_tb_Sistema_Mant". El conflicto ha aparecido en la base de datos "BDALM2019_ME", tabla "dbo.tb_SubSistema_Mant", column 'ID_tb_Sistema_Mant'.
Se terminó la instrucción.
   en Mantenimiento.DataAccess.SistemasData.<DeleteSistemas>d__4.MoveNext() en D:\PROYECTOS A IMPLEMENTAR\MANTENIMIENTO NUEVO\Template\Template.DataAccess\SistemasData.cs:línea 177
--- Fin del seguimiento de la pila de la ubicación anterior donde se produjo la excepción ---
   en System.Runtime.CompilerServices.TaskAwaiter.ThrowForNonSuccess(Task task)
   en System.Runtime.CompilerServices.TaskAwaiter.HandleNonSuccessAndDebuggerNotification(Task task)
   en System.Runtime.CompilerServices.TaskAwaiter`1.GetResult()
   en Mantenimiento.BusinessLayer.SistemasLogic.<DeleteSistemas>d__1.MoveNext() en D:\PROYECTOS A IMPLEMENTAR\MANTENIMIENTO NUEVO\Template\Template.BusinessLayer\SistemasLogic.cs:línea 63
2019-10-17 16:11:34,366 [34] ERROR [en JBLV.Log.Log.RegistrarLog(NivelLog nivel, Exception ex)] 
System.Exception: Instrucción DELETE en conflicto con la restricción REFERENCE "FK_ID_tb_Sistema_Mant". El conflicto ha aparecido en la base de datos "BDALM2019_ME", tabla "dbo.tb_SubSistema_Mant", column 'ID_tb_Sistema_Mant'.
Se terminó la instrucción.
   en Mantenimiento.DataAccess.SistemasData.<DeleteSistemas>d__4.MoveNext() en D:\PROYECTOS A IMPLEMENTAR\MANTENIMIENTO NUEVO\Template\Template.DataAccess\SistemasData.cs:línea 177
--- Fin del seguimiento de la pila de la ubicación anterior donde se produjo la excepción ---
   en System.Runtime.CompilerServices.TaskAwaiter.ThrowForNonSuccess(Task task)
   en System.Runtime.CompilerServices.TaskAwaiter.HandleNonSuccessAndDebuggerNotification(Task task)
   en System.Runtime.CompilerServices.TaskAwaiter`1.GetResult()
   en Mantenimiento.BusinessLayer.SistemasLogic.<DeleteSistemas>d__1.MoveNext() en D:\PROYECTOS A IMPLEMENTAR\MANTENIMIENTO NUEVO\Template\Template.BusinessLayer\SistemasLogic.cs:línea 63
2019-10-17 16:11:34,500 [37] ERROR [en JBLV.Log.Log.RegistrarLog(NivelLog nivel, Exception ex)] 
System.Exception: Instrucción DELETE en conflicto con la restricción REFERENCE "FK_ID_tb_Sistema_Mant". El conflicto ha aparecido en la base de datos "BDALM2019_ME", tabla "dbo.tb_SubSistema_Mant", column 'ID_tb_Sistema_Mant'.
Se terminó la instrucción.
   en Mantenimiento.DataAccess.SistemasData.<DeleteSistemas>d__4.MoveNext() en D:\PROYECTOS A IMPLEMENTAR\MANTENIMIENTO NUEVO\Template\Template.DataAccess\SistemasData.cs:línea 177
--- Fin del seguimiento de la pila de la ubicación anterior donde se produjo la excepción ---
   en System.Runtime.CompilerServices.TaskAwaiter.ThrowForNonSuccess(Task task)
   en System.Runtime.CompilerServices.TaskAwaiter.HandleNonSuccessAndDebuggerNotification(Task task)
   en System.Runtime.CompilerServices.TaskAwaiter`1.GetResult()
   en Mantenimiento.BusinessLayer.SistemasLogic.<DeleteSistemas>d__1.MoveNext() en D:\PROYECTOS A IMPLEMENTAR\MANTENIMIENTO NUEVO\Template\Template.BusinessLayer\SistemasLogic.cs:línea 63
2019-10-17 16:11:34,896 [26] ERROR [en JBLV.Log.Log.RegistrarLog(NivelLog nivel, Exception ex)] 
System.Exception: Instrucción DELETE en conflicto con la restricción REFERENCE "FK_ID_tb_Sistema_Mant". El conflicto ha aparecido en la base de datos "BDALM2019_ME", tabla "dbo.tb_SubSistema_Mant", column 'ID_tb_Sistema_Mant'.
Se terminó la instrucción.
   en Mantenimiento.DataAccess.SistemasData.<DeleteSistemas>d__4.MoveNext() en D:\PROYECTOS A IMPLEMENTAR\MANTENIMIENTO NUEVO\Template\Template.DataAccess\SistemasData.cs:línea 177
--- Fin del seguimiento de la pila de la ubicación anterior donde se produjo la excepción ---
   en System.Runtime.CompilerServices.TaskAwaiter.ThrowForNonSuccess(Task task)
   en System.Runtime.CompilerServices.TaskAwaiter.HandleNonSuccessAndDebuggerNotification(Task task)
   en System.Runtime.CompilerServices.TaskAwaiter`1.GetResult()
   en Mantenimiento.BusinessLayer.SistemasLogic.<DeleteSistemas>d__1.MoveNext() en D:\PROYECTOS A IMPLEMENTAR\MANTENIMIENTO NUEVO\Template\Template.BusinessLayer\SistemasLogic.cs:línea 63
2019-10-17 16:11:35,155 [26] ERROR [en JBLV.Log.Log.RegistrarLog(NivelLog nivel, Exception ex)] 
System.Exception: Instrucción DELETE en conflicto con la restricción REFERENCE "FK_ID_tb_Sistema_Mant". El conflicto ha aparecido en la base de datos "BDALM2019_ME", tabla "dbo.tb_SubSistema_Mant", column 'ID_tb_Sistema_Mant'.
Se terminó la instrucción.
   en Mantenimiento.DataAccess.SistemasData.<DeleteSistemas>d__4.MoveNext() en D:\PROYECTOS A IMPLEMENTAR\MANTENIMIENTO NUEVO\Template\Template.DataAccess\SistemasData.cs:línea 177
--- Fin del seguimiento de la pila de la ubicación anterior donde se produjo la excepción ---
   en System.Runtime.CompilerServices.TaskAwaiter.ThrowForNonSuccess(Task task)
   en System.Runtime.CompilerServices.TaskAwaiter.HandleNonSuccessAndDebuggerNotification(Task task)
   en System.Runtime.CompilerServices.TaskAwaiter`1.GetResult()
   en Mantenimiento.BusinessLayer.SistemasLogic.<DeleteSistemas>d__1.MoveNext() en D:\PROYECTOS A IMPLEMENTAR\MANTENIMIENTO NUEVO\Template\Template.BusinessLayer\SistemasLogic.cs:línea 63
2019-10-17 16:11:35,312 [37] ERROR [en JBLV.Log.Log.RegistrarLog(NivelLog nivel, Exception ex)] 
System.Exception: Instrucción DELETE en conflicto con la restricción REFERENCE "FK_ID_tb_Sistema_Mant". El conflicto ha aparecido en la base de datos "BDALM2019_ME", tabla "dbo.tb_SubSistema_Mant", column 'ID_tb_Sistema_Mant'.
Se terminó la instrucción.
   en Mantenimiento.DataAccess.SistemasData.<DeleteSistemas>d__4.MoveNext() en D:\PROYECTOS A IMPLEMENTAR\MANTENIMIENTO NUEVO\Template\Template.DataAccess\SistemasData.cs:línea 177
--- Fin del seguimiento de la pila de la ubicación anterior donde se produjo la excepción ---
   en System.Runtime.CompilerServices.TaskAwaiter.ThrowForNonSuccess(Task task)
   en System.Runtime.CompilerServices.TaskAwaiter.HandleNonSuccessAndDebuggerNotification(Task task)
   en System.Runtime.CompilerServices.TaskAwaiter`1.GetResult()
   en Mantenimiento.BusinessLayer.SistemasLogic.<DeleteSistemas>d__1.MoveNext() en D:\PROYECTOS A IMPLEMENTAR\MANTENIMIENTO NUEVO\Template\Template.BusinessLayer\SistemasLogic.cs:línea 63
2019-10-17 16:11:35,450 [26] ERROR [en JBLV.Log.Log.RegistrarLog(NivelLog nivel, Exception ex)] 
System.Exception: Instrucción DELETE en conflicto con la restricción REFERENCE "FK_ID_tb_Sistema_Mant". El conflicto ha aparecido en la base de datos "BDALM2019_ME", tabla "dbo.tb_SubSistema_Mant", column 'ID_tb_Sistema_Mant'.
Se terminó la instrucción.
   en Mantenimiento.DataAccess.SistemasData.<DeleteSistemas>d__4.MoveNext() en D:\PROYECTOS A IMPLEMENTAR\MANTENIMIENTO NUEVO\Template\Template.DataAccess\SistemasData.cs:línea 177
--- Fin del seguimiento de la pila de la ubicación anterior donde se produjo la excepción ---
   en System.Runtime.CompilerServices.TaskAwaiter.ThrowForNonSuccess(Task task)
   en System.Runtime.CompilerServices.TaskAwaiter.HandleNonSuccessAndDebuggerNotification(Task task)
   en System.Runtime.CompilerServices.TaskAwaiter`1.GetResult()
   en Mantenimiento.BusinessLayer.SistemasLogic.<DeleteSistemas>d__1.MoveNext() en D:\PROYECTOS A IMPLEMENTAR\MANTENIMIENTO NUEVO\Template\Template.BusinessLayer\SistemasLogic.cs:línea 63
2019-10-17 16:11:35,935 [37] ERROR [en JBLV.Log.Log.RegistrarLog(NivelLog nivel, Exception ex)] 
System.Exception: Instrucción DELETE en conflicto con la restricción REFERENCE "FK_ID_tb_Sistema_Mant". El conflicto ha aparecido en la base de datos "BDALM2019_ME", tabla "dbo.tb_SubSistema_Mant", column 'ID_tb_Sistema_Mant'.
Se terminó la instrucción.
   en Mantenimiento.DataAccess.SistemasData.<DeleteSistemas>d__4.MoveNext() en D:\PROYECTOS A IMPLEMENTAR\MANTENIMIENTO NUEVO\Template\Template.DataAccess\SistemasData.cs:línea 177
--- Fin del seguimiento de la pila de la ubicación anterior donde se produjo la excepción ---
   en System.Runtime.CompilerServices.TaskAwaiter.ThrowForNonSuccess(Task task)
   en System.Runtime.CompilerServices.TaskAwaiter.HandleNonSuccessAndDebuggerNotification(Task task)
   en System.Runtime.CompilerServices.TaskAwaiter`1.GetResult()
   en Mantenimiento.BusinessLayer.SistemasLogic.<DeleteSistemas>d__1.MoveNext() en D:\PROYECTOS A IMPLEMENTAR\MANTENIMIENTO NUEVO\Template\Template.BusinessLayer\SistemasLogic.cs:línea 63
2019-10-17 16:11:36,116 [34] ERROR [en JBLV.Log.Log.RegistrarLog(NivelLog nivel, Exception ex)] 
System.Exception: Instrucción DELETE en conflicto con la restricción REFERENCE "FK_ID_tb_Sistema_Mant". El conflicto ha aparecido en la base de datos "BDALM2019_ME", tabla "dbo.tb_SubSistema_Mant", column 'ID_tb_Sistema_Mant'.
Se terminó la instrucción.
   en Mantenimiento.DataAccess.SistemasData.<DeleteSistemas>d__4.MoveNext() en D:\PROYECTOS A IMPLEMENTAR\MANTENIMIENTO NUEVO\Template\Template.DataAccess\SistemasData.cs:línea 177
--- Fin del seguimiento de la pila de la ubicación anterior donde se produjo la excepción ---
   en System.Runtime.CompilerServices.TaskAwaiter.ThrowForNonSuccess(Task task)
   en System.Runtime.CompilerServices.TaskAwaiter.HandleNonSuccessAndDebuggerNotification(Task task)
   en System.Runtime.CompilerServices.TaskAwaiter`1.GetResult()
   en Mantenimiento.BusinessLayer.SistemasLogic.<DeleteSistemas>d__1.MoveNext() en D:\PROYECTOS A IMPLEMENTAR\MANTENIMIENTO NUEVO\Template\Template.BusinessLayer\SistemasLogic.cs:línea 63
2019-10-17 16:11:36,594 [37] ERROR [en JBLV.Log.Log.RegistrarLog(NivelLog nivel, Exception ex)] 
System.Exception: Instrucción DELETE en conflicto con la restricción REFERENCE "FK_ID_tb_Sistema_Mant". El conflicto ha aparecido en la base de datos "BDALM2019_ME", tabla "dbo.tb_SubSistema_Mant", column 'ID_tb_Sistema_Mant'.
Se terminó la instrucción.
   en Mantenimiento.DataAccess.SistemasData.<DeleteSistemas>d__4.MoveNext() en D:\PROYECTOS A IMPLEMENTAR\MANTENIMIENTO NUEVO\Template\Template.DataAccess\SistemasData.cs:línea 177
--- Fin del seguimiento de la pila de la ubicación anterior donde se produjo la excepción ---
   en System.Runtime.CompilerServices.TaskAwaiter.ThrowForNonSuccess(Task task)
   en System.Runtime.CompilerServices.TaskAwaiter.HandleNonSuccessAndDebuggerNotification(Task task)
   en System.Runtime.CompilerServices.TaskAwaiter`1.GetResult()
   en Mantenimiento.BusinessLayer.SistemasLogic.<DeleteSistemas>d__1.MoveNext() en D:\PROYECTOS A IMPLEMENTAR\MANTENIMIENTO NUEVO\Template\Template.BusinessLayer\SistemasLogic.cs:línea 63
2019-10-17 19:29:09,337 [9] ERROR [en JBLV.Log.Log.RegistrarLog(NivelLog nivel, Exception ex)] 
System.Exception: Instrucción DELETE en conflicto con la restricción REFERENCE "FK_ID_tb_Sistema_Mant". El conflicto ha aparecido en la base de datos "BDALM2019_ME", tabla "dbo.tb_SubSistema_Mant", column 'ID_tb_Sistema_Mant'.
Se terminó la instrucción.
   en Mantenimiento.DataAccess.SistemasData.<DeleteSistemas>d__5.MoveNext() en D:\PROYECTOS A IMPLEMENTAR\MANTENIMIENTO NUEVO\Template\Template.DataAccess\SistemasData.cs:línea 212
--- Fin del seguimiento de la pila de la ubicación anterior donde se produjo la excepción ---
   en System.Runtime.CompilerServices.TaskAwaiter.ThrowForNonSuccess(Task task)
   en System.Runtime.CompilerServices.TaskAwaiter.HandleNonSuccessAndDebuggerNotification(Task task)
   en System.Runtime.CompilerServices.TaskAwaiter`1.GetResult()
   en Mantenimiento.BusinessLayer.SistemasLogic.<DeleteSistemas>d__1.MoveNext() en D:\PROYECTOS A IMPLEMENTAR\MANTENIMIENTO NUEVO\Template\Template.BusinessLayer\SistemasLogic.cs:línea 63
2019-10-17 19:29:16,217 [24] ERROR [en JBLV.Log.Log.RegistrarLog(NivelLog nivel, Exception ex)] 
System.Exception: Instrucción DELETE en conflicto con la restricción REFERENCE "FK_ID_tb_Sistema_Mant". El conflicto ha aparecido en la base de datos "BDALM2019_ME", tabla "dbo.tb_SubSistema_Mant", column 'ID_tb_Sistema_Mant'.
Se terminó la instrucción.
   en Mantenimiento.DataAccess.SistemasData.<DeleteSistemas>d__5.MoveNext() en D:\PROYECTOS A IMPLEMENTAR\MANTENIMIENTO NUEVO\Template\Template.DataAccess\SistemasData.cs:línea 212
--- Fin del seguimiento de la pila de la ubicación anterior donde se produjo la excepción ---
   en System.Runtime.CompilerServices.TaskAwaiter.ThrowForNonSuccess(Task task)
   en System.Runtime.CompilerServices.TaskAwaiter.HandleNonSuccessAndDebuggerNotification(Task task)
   en System.Runtime.CompilerServices.TaskAwaiter`1.GetResult()
   en Mantenimiento.BusinessLayer.SistemasLogic.<DeleteSistemas>d__1.MoveNext() en D:\PROYECTOS A IMPLEMENTAR\MANTENIMIENTO NUEVO\Template\Template.BusinessLayer\SistemasLogic.cs:línea 63
2019-10-17 19:29:19,377 [12] ERROR [en JBLV.Log.Log.RegistrarLog(NivelLog nivel, Exception ex)] 
System.Exception: Instrucción DELETE en conflicto con la restricción REFERENCE "FK_ID_tb_Sistema_Mant". El conflicto ha aparecido en la base de datos "BDALM2019_ME", tabla "dbo.tb_SubSistema_Mant", column 'ID_tb_Sistema_Mant'.
Se terminó la instrucción.
   en Mantenimiento.DataAccess.SistemasData.<DeleteSistemas>d__5.MoveNext() en D:\PROYECTOS A IMPLEMENTAR\MANTENIMIENTO NUEVO\Template\Template.DataAccess\SistemasData.cs:línea 212
--- Fin del seguimiento de la pila de la ubicación anterior donde se produjo la excepción ---
   en System.Runtime.CompilerServices.TaskAwaiter.ThrowForNonSuccess(Task task)
   en System.Runtime.CompilerServices.TaskAwaiter.HandleNonSuccessAndDebuggerNotification(Task task)
   en System.Runtime.CompilerServices.TaskAwaiter`1.GetResult()
   en Mantenimiento.BusinessLayer.SistemasLogic.<DeleteSistemas>d__1.MoveNext() en D:\PROYECTOS A IMPLEMENTAR\MANTENIMIENTO NUEVO\Template\Template.BusinessLayer\SistemasLogic.cs:línea 63
2019-10-17 19:41:50,200 [6] ERROR [en JBLV.Log.Log.RegistrarLog(NivelLog nivel, Exception ex)] 
System.Exception: Instrucción DELETE en conflicto con la restricción REFERENCE "FK_ID_tb_Sistema_Mant". El conflicto ha aparecido en la base de datos "BDALM2019_ME", tabla "dbo.tb_SubSistema_Mant", column 'ID_tb_Sistema_Mant'.
Se terminó la instrucción.
   en Mantenimiento.DataAccess.SistemasData.<DeleteSistemas>d__5.MoveNext() en D:\PROYECTOS A IMPLEMENTAR\MANTENIMIENTO NUEVO\Template\Template.DataAccess\SistemasData.cs:línea 212
--- Fin del seguimiento de la pila de la ubicación anterior donde se produjo la excepción ---
   en System.Runtime.CompilerServices.TaskAwaiter.ThrowForNonSuccess(Task task)
   en System.Runtime.CompilerServices.TaskAwaiter.HandleNonSuccessAndDebuggerNotification(Task task)
   en System.Runtime.CompilerServices.TaskAwaiter`1.GetResult()
   en Mantenimiento.BusinessLayer.SistemasLogic.<DeleteSistemas>d__1.MoveNext() en D:\PROYECTOS A IMPLEMENTAR\MANTENIMIENTO NUEVO\Template\Template.BusinessLayer\SistemasLogic.cs:línea 63
2019-10-17 19:44:28,384 [6] ERROR [en JBLV.Log.Log.RegistrarLog(NivelLog nivel, Exception ex)] 
System.Exception: Instrucción DELETE en conflicto con la restricción REFERENCE "FK_ID_tb_Sistema_Mant". El conflicto ha aparecido en la base de datos "BDALM2019_ME", tabla "dbo.tb_SubSistema_Mant", column 'ID_tb_Sistema_Mant'.
Se terminó la instrucción.
   en Mantenimiento.DataAccess.SistemasData.<DeleteSistemas>d__5.MoveNext() en D:\PROYECTOS A IMPLEMENTAR\MANTENIMIENTO NUEVO\Template\Template.DataAccess\SistemasData.cs:línea 212
--- Fin del seguimiento de la pila de la ubicación anterior donde se produjo la excepción ---
   en System.Runtime.CompilerServices.TaskAwaiter.ThrowForNonSuccess(Task task)
   en System.Runtime.CompilerServices.TaskAwaiter.HandleNonSuccessAndDebuggerNotification(Task task)
   en System.Runtime.CompilerServices.TaskAwaiter`1.GetResult()
   en Mantenimiento.BusinessLayer.SistemasLogic.<DeleteSistemas>d__1.MoveNext() en D:\PROYECTOS A IMPLEMENTAR\MANTENIMIENTO NUEVO\Template\Template.BusinessLayer\SistemasLogic.cs:línea 63
2019-10-17 19:44:56,301 [15] ERROR [en JBLV.Log.Log.RegistrarLog(NivelLog nivel, Exception ex)] 
System.Exception: Instrucción DELETE en conflicto con la restricción REFERENCE "FK_ID_tb_Sistema_Mant". El conflicto ha aparecido en la base de datos "BDALM2019_ME", tabla "dbo.tb_SubSistema_Mant", column 'ID_tb_Sistema_Mant'.
Se terminó la instrucción.
   en Mantenimiento.DataAccess.SistemasData.<DeleteSistemas>d__5.MoveNext() en D:\PROYECTOS A IMPLEMENTAR\MANTENIMIENTO NUEVO\Template\Template.DataAccess\SistemasData.cs:línea 212
--- Fin del seguimiento de la pila de la ubicación anterior donde se produjo la excepción ---
   en System.Runtime.CompilerServices.TaskAwaiter.ThrowForNonSuccess(Task task)
   en System.Runtime.CompilerServices.TaskAwaiter.HandleNonSuccessAndDebuggerNotification(Task task)
   en System.Runtime.CompilerServices.TaskAwaiter`1.GetResult()
   en Mantenimiento.BusinessLayer.SistemasLogic.<DeleteSistemas>d__1.MoveNext() en D:\PROYECTOS A IMPLEMENTAR\MANTENIMIENTO NUEVO\Template\Template.BusinessLayer\SistemasLogic.cs:línea 63
2019-10-17 19:46:34,931 [23] ERROR [en JBLV.Log.Log.RegistrarLog(NivelLog nivel, Exception ex)] 
System.Exception: Instrucción DELETE en conflicto con la restricción REFERENCE "FK_ID_tb_Sistema_Mant". El conflicto ha aparecido en la base de datos "BDALM2019_ME", tabla "dbo.tb_SubSistema_Mant", column 'ID_tb_Sistema_Mant'.
Se terminó la instrucción.
   en Mantenimiento.DataAccess.SistemasData.<DeleteSistemas>d__5.MoveNext() en D:\PROYECTOS A IMPLEMENTAR\MANTENIMIENTO NUEVO\Template\Template.DataAccess\SistemasData.cs:línea 212
--- Fin del seguimiento de la pila de la ubicación anterior donde se produjo la excepción ---
   en System.Runtime.CompilerServices.TaskAwaiter.ThrowForNonSuccess(Task task)
   en System.Runtime.CompilerServices.TaskAwaiter.HandleNonSuccessAndDebuggerNotification(Task task)
   en System.Runtime.CompilerServices.TaskAwaiter`1.GetResult()
   en Mantenimiento.BusinessLayer.SistemasLogic.<DeleteSistemas>d__1.MoveNext() en D:\PROYECTOS A IMPLEMENTAR\MANTENIMIENTO NUEVO\Template\Template.BusinessLayer\SistemasLogic.cs:línea 63
2019-10-17 19:46:50,642 [21] ERROR [en JBLV.Log.Log.RegistrarLog(NivelLog nivel, Exception ex)] 
System.Exception: Instrucción DELETE en conflicto con la restricción REFERENCE "FK_ID_tb_Sistema_Mant". El conflicto ha aparecido en la base de datos "BDALM2019_ME", tabla "dbo.tb_SubSistema_Mant", column 'ID_tb_Sistema_Mant'.
Se terminó la instrucción.
   en Mantenimiento.DataAccess.SistemasData.<DeleteSistemas>d__5.MoveNext() en D:\PROYECTOS A IMPLEMENTAR\MANTENIMIENTO NUEVO\Template\Template.DataAccess\SistemasData.cs:línea 212
--- Fin del seguimiento de la pila de la ubicación anterior donde se produjo la excepción ---
   en System.Runtime.CompilerServices.TaskAwaiter.ThrowForNonSuccess(Task task)
   en System.Runtime.CompilerServices.TaskAwaiter.HandleNonSuccessAndDebuggerNotification(Task task)
   en System.Runtime.CompilerServices.TaskAwaiter`1.GetResult()
   en Mantenimiento.BusinessLayer.SistemasLogic.<DeleteSistemas>d__1.MoveNext() en D:\PROYECTOS A IMPLEMENTAR\MANTENIMIENTO NUEVO\Template\Template.BusinessLayer\SistemasLogic.cs:línea 63
2019-10-17 19:49:00,902 [19] ERROR [en JBLV.Log.Log.RegistrarLog(NivelLog nivel, Exception ex)] 
System.Exception: Instrucción DELETE en conflicto con la restricción REFERENCE "FK_ID_tb_Sistema_Mant". El conflicto ha aparecido en la base de datos "BDALM2019_ME", tabla "dbo.tb_SubSistema_Mant", column 'ID_tb_Sistema_Mant'.
Se terminó la instrucción.
   en Mantenimiento.DataAccess.SistemasData.<DeleteSistemas>d__5.MoveNext() en D:\PROYECTOS A IMPLEMENTAR\MANTENIMIENTO NUEVO\Template\Template.DataAccess\SistemasData.cs:línea 212
--- Fin del seguimiento de la pila de la ubicación anterior donde se produjo la excepción ---
   en System.Runtime.CompilerServices.TaskAwaiter.ThrowForNonSuccess(Task task)
   en System.Runtime.CompilerServices.TaskAwaiter.HandleNonSuccessAndDebuggerNotification(Task task)
   en System.Runtime.CompilerServices.TaskAwaiter`1.GetResult()
   en Mantenimiento.BusinessLayer.SistemasLogic.<DeleteSistemas>d__1.MoveNext() en D:\PROYECTOS A IMPLEMENTAR\MANTENIMIENTO NUEVO\Template\Template.BusinessLayer\SistemasLogic.cs:línea 63
