2020-03-25 09:33:24,589 [13] ERROR [en JBLV.Log.Log.RegistrarLog(NivelLog nivel, Exception ex)] 
System.Data.SqlClient.SqlException (0x80131904): Conversion failed when converting date and/or time from character string.
   en System.Data.SqlClient.SqlConnection.OnError(SqlException exception, Boolean breakConnection, Action`1 wrapCloseInAction)
   en System.Data.SqlClient.SqlInternalConnection.OnError(SqlException exception, Boolean breakConnection, Action`1 wrapCloseInAction)
   en System.Data.SqlClient.TdsParser.ThrowExceptionAndWarning(TdsParserStateObject stateObj, Boolean callerHasConnectionLock, Boolean asyncClose)
   en System.Data.SqlClient.TdsParser.TryRun(RunBehavior runBehavior, SqlCommand cmdHandler, SqlDataReader dataStream, BulkCopySimpleResultSet bulkCopyHandler, TdsParserStateObject stateObj, Boolean& dataReady)
   en System.Data.SqlClient.SqlDataReader.TryConsumeMetaData()
   en System.Data.SqlClient.SqlDataReader.get_MetaData()
   en System.Data.SqlClient.SqlCommand.FinishExecuteReader(SqlDataReader ds, RunBehavior runBehavior, String resetOptionsString, Boolean isInternal, Boolean forDescribeParameterEncryption, Boolean shouldCacheForAlwaysEncrypted)
   en System.Data.SqlClient.SqlCommand.RunExecuteReaderTds(CommandBehavior cmdBehavior, RunBehavior runBehavior, Boolean returnStream, Boolean async, Int32 timeout, Task& task, Boolean asyncWrite, Boolean inRetry, SqlDataReader ds, Boolean describeParameterEncryptionRequest)
   en System.Data.SqlClient.SqlCommand.RunExecuteReader(CommandBehavior cmdBehavior, RunBehavior runBehavior, Boolean returnStream, String method, TaskCompletionSource`1 completion, Int32 timeout, Task& task, Boolean& usedCache, Boolean asyncWrite, Boolean inRetry)
   en System.Data.SqlClient.SqlCommand.RunExecuteReader(CommandBehavior cmdBehavior, RunBehavior runBehavior, Boolean returnStream, String method)
   en System.Data.SqlClient.SqlCommand.ExecuteReader(CommandBehavior behavior, String method)
   en System.Data.SqlClient.SqlCommand.ExecuteReader()
   en Mantenimiento.DataAccess.ProgramacionData.ListOrdenMasiva(OrdenMasivaFilter objFiltro) en D:\BRYAN\Proyectos\Template.DataAccess\ProgramacionData.cs:línea 41
   en Mantenimiento.BusinessLayer.OrdenMasivaLogic.ListOrdenMasiva(OrdenMasivaRequest request) en D:\BRYAN\Proyectos\Template.BusinessLayer\OrdenMasivaLogic.cs:línea 31
ClientConnectionId:19c399ee-a42a-4054-acba-bb297c983b1d
Error Number:241,State:1,Class:16
2020-03-25 09:33:28,105 [11] ERROR [en JBLV.Log.Log.RegistrarLog(NivelLog nivel, Exception ex)] 
System.Data.SqlClient.SqlException (0x80131904): Conversion failed when converting date and/or time from character string.
   en System.Data.SqlClient.SqlConnection.OnError(SqlException exception, Boolean breakConnection, Action`1 wrapCloseInAction)
   en System.Data.SqlClient.SqlInternalConnection.OnError(SqlException exception, Boolean breakConnection, Action`1 wrapCloseInAction)
   en System.Data.SqlClient.TdsParser.ThrowExceptionAndWarning(TdsParserStateObject stateObj, Boolean callerHasConnectionLock, Boolean asyncClose)
   en System.Data.SqlClient.TdsParser.TryRun(RunBehavior runBehavior, SqlCommand cmdHandler, SqlDataReader dataStream, BulkCopySimpleResultSet bulkCopyHandler, TdsParserStateObject stateObj, Boolean& dataReady)
   en System.Data.SqlClient.SqlDataReader.TryConsumeMetaData()
   en System.Data.SqlClient.SqlDataReader.get_MetaData()
   en System.Data.SqlClient.SqlCommand.FinishExecuteReader(SqlDataReader ds, RunBehavior runBehavior, String resetOptionsString, Boolean isInternal, Boolean forDescribeParameterEncryption, Boolean shouldCacheForAlwaysEncrypted)
   en System.Data.SqlClient.SqlCommand.RunExecuteReaderTds(CommandBehavior cmdBehavior, RunBehavior runBehavior, Boolean returnStream, Boolean async, Int32 timeout, Task& task, Boolean asyncWrite, Boolean inRetry, SqlDataReader ds, Boolean describeParameterEncryptionRequest)
   en System.Data.SqlClient.SqlCommand.RunExecuteReader(CommandBehavior cmdBehavior, RunBehavior runBehavior, Boolean returnStream, String method, TaskCompletionSource`1 completion, Int32 timeout, Task& task, Boolean& usedCache, Boolean asyncWrite, Boolean inRetry)
   en System.Data.SqlClient.SqlCommand.RunExecuteReader(CommandBehavior cmdBehavior, RunBehavior runBehavior, Boolean returnStream, String method)
   en System.Data.SqlClient.SqlCommand.ExecuteReader(CommandBehavior behavior, String method)
   en System.Data.SqlClient.SqlCommand.ExecuteReader()
   en Mantenimiento.DataAccess.ProgramacionData.ListOrdenMasiva(OrdenMasivaFilter objFiltro) en D:\BRYAN\Proyectos\Template.DataAccess\ProgramacionData.cs:línea 41
   en Mantenimiento.BusinessLayer.OrdenMasivaLogic.ListOrdenMasiva(OrdenMasivaRequest request) en D:\BRYAN\Proyectos\Template.BusinessLayer\OrdenMasivaLogic.cs:línea 31
ClientConnectionId:19c399ee-a42a-4054-acba-bb297c983b1d
Error Number:241,State:1,Class:16
2020-03-25 09:33:36,465 [13] ERROR [en JBLV.Log.Log.RegistrarLog(NivelLog nivel, Exception ex)] 
System.Data.SqlClient.SqlException (0x80131904): Conversion failed when converting date and/or time from character string.
   en System.Data.SqlClient.SqlConnection.OnError(SqlException exception, Boolean breakConnection, Action`1 wrapCloseInAction)
   en System.Data.SqlClient.SqlInternalConnection.OnError(SqlException exception, Boolean breakConnection, Action`1 wrapCloseInAction)
   en System.Data.SqlClient.TdsParser.ThrowExceptionAndWarning(TdsParserStateObject stateObj, Boolean callerHasConnectionLock, Boolean asyncClose)
   en System.Data.SqlClient.TdsParser.TryRun(RunBehavior runBehavior, SqlCommand cmdHandler, SqlDataReader dataStream, BulkCopySimpleResultSet bulkCopyHandler, TdsParserStateObject stateObj, Boolean& dataReady)
   en System.Data.SqlClient.SqlDataReader.TryConsumeMetaData()
   en System.Data.SqlClient.SqlDataReader.get_MetaData()
   en System.Data.SqlClient.SqlCommand.FinishExecuteReader(SqlDataReader ds, RunBehavior runBehavior, String resetOptionsString, Boolean isInternal, Boolean forDescribeParameterEncryption, Boolean shouldCacheForAlwaysEncrypted)
   en System.Data.SqlClient.SqlCommand.RunExecuteReaderTds(CommandBehavior cmdBehavior, RunBehavior runBehavior, Boolean returnStream, Boolean async, Int32 timeout, Task& task, Boolean asyncWrite, Boolean inRetry, SqlDataReader ds, Boolean describeParameterEncryptionRequest)
   en System.Data.SqlClient.SqlCommand.RunExecuteReader(CommandBehavior cmdBehavior, RunBehavior runBehavior, Boolean returnStream, String method, TaskCompletionSource`1 completion, Int32 timeout, Task& task, Boolean& usedCache, Boolean asyncWrite, Boolean inRetry)
   en System.Data.SqlClient.SqlCommand.RunExecuteReader(CommandBehavior cmdBehavior, RunBehavior runBehavior, Boolean returnStream, String method)
   en System.Data.SqlClient.SqlCommand.ExecuteReader(CommandBehavior behavior, String method)
   en System.Data.SqlClient.SqlCommand.ExecuteReader()
   en Mantenimiento.DataAccess.ProgramacionData.ListOrdenMasiva(OrdenMasivaFilter objFiltro) en D:\BRYAN\Proyectos\Template.DataAccess\ProgramacionData.cs:línea 41
   en Mantenimiento.BusinessLayer.OrdenMasivaLogic.ListOrdenMasiva(OrdenMasivaRequest request) en D:\BRYAN\Proyectos\Template.BusinessLayer\OrdenMasivaLogic.cs:línea 31
ClientConnectionId:19c399ee-a42a-4054-acba-bb297c983b1d
Error Number:241,State:1,Class:16
2020-03-25 09:33:47,386 [11] ERROR [en JBLV.Log.Log.RegistrarLog(NivelLog nivel, Exception ex)] 
System.Data.SqlClient.SqlException (0x80131904): Conversion failed when converting date and/or time from character string.
   en System.Data.SqlClient.SqlConnection.OnError(SqlException exception, Boolean breakConnection, Action`1 wrapCloseInAction)
   en System.Data.SqlClient.SqlInternalConnection.OnError(SqlException exception, Boolean breakConnection, Action`1 wrapCloseInAction)
   en System.Data.SqlClient.TdsParser.ThrowExceptionAndWarning(TdsParserStateObject stateObj, Boolean callerHasConnectionLock, Boolean asyncClose)
   en System.Data.SqlClient.TdsParser.TryRun(RunBehavior runBehavior, SqlCommand cmdHandler, SqlDataReader dataStream, BulkCopySimpleResultSet bulkCopyHandler, TdsParserStateObject stateObj, Boolean& dataReady)
   en System.Data.SqlClient.SqlDataReader.TryConsumeMetaData()
   en System.Data.SqlClient.SqlDataReader.get_MetaData()
   en System.Data.SqlClient.SqlCommand.FinishExecuteReader(SqlDataReader ds, RunBehavior runBehavior, String resetOptionsString, Boolean isInternal, Boolean forDescribeParameterEncryption, Boolean shouldCacheForAlwaysEncrypted)
   en System.Data.SqlClient.SqlCommand.RunExecuteReaderTds(CommandBehavior cmdBehavior, RunBehavior runBehavior, Boolean returnStream, Boolean async, Int32 timeout, Task& task, Boolean asyncWrite, Boolean inRetry, SqlDataReader ds, Boolean describeParameterEncryptionRequest)
   en System.Data.SqlClient.SqlCommand.RunExecuteReader(CommandBehavior cmdBehavior, RunBehavior runBehavior, Boolean returnStream, String method, TaskCompletionSource`1 completion, Int32 timeout, Task& task, Boolean& usedCache, Boolean asyncWrite, Boolean inRetry)
   en System.Data.SqlClient.SqlCommand.RunExecuteReader(CommandBehavior cmdBehavior, RunBehavior runBehavior, Boolean returnStream, String method)
   en System.Data.SqlClient.SqlCommand.ExecuteReader(CommandBehavior behavior, String method)
   en System.Data.SqlClient.SqlCommand.ExecuteReader()
   en Mantenimiento.DataAccess.ProgramacionData.ListOrdenMasiva(OrdenMasivaFilter objFiltro) en D:\BRYAN\Proyectos\Template.DataAccess\ProgramacionData.cs:línea 41
   en Mantenimiento.BusinessLayer.OrdenMasivaLogic.ListOrdenMasiva(OrdenMasivaRequest request) en D:\BRYAN\Proyectos\Template.BusinessLayer\OrdenMasivaLogic.cs:línea 31
ClientConnectionId:19c399ee-a42a-4054-acba-bb297c983b1d
Error Number:241,State:1,Class:16
2020-03-25 09:33:52,904 [11] ERROR [en JBLV.Log.Log.RegistrarLog(NivelLog nivel, Exception ex)] 
System.Data.SqlClient.SqlException (0x80131904): Conversion failed when converting date and/or time from character string.
   en System.Data.SqlClient.SqlConnection.OnError(SqlException exception, Boolean breakConnection, Action`1 wrapCloseInAction)
   en System.Data.SqlClient.SqlInternalConnection.OnError(SqlException exception, Boolean breakConnection, Action`1 wrapCloseInAction)
   en System.Data.SqlClient.TdsParser.ThrowExceptionAndWarning(TdsParserStateObject stateObj, Boolean callerHasConnectionLock, Boolean asyncClose)
   en System.Data.SqlClient.TdsParser.TryRun(RunBehavior runBehavior, SqlCommand cmdHandler, SqlDataReader dataStream, BulkCopySimpleResultSet bulkCopyHandler, TdsParserStateObject stateObj, Boolean& dataReady)
   en System.Data.SqlClient.SqlDataReader.TryConsumeMetaData()
   en System.Data.SqlClient.SqlDataReader.get_MetaData()
   en System.Data.SqlClient.SqlCommand.FinishExecuteReader(SqlDataReader ds, RunBehavior runBehavior, String resetOptionsString, Boolean isInternal, Boolean forDescribeParameterEncryption, Boolean shouldCacheForAlwaysEncrypted)
   en System.Data.SqlClient.SqlCommand.RunExecuteReaderTds(CommandBehavior cmdBehavior, RunBehavior runBehavior, Boolean returnStream, Boolean async, Int32 timeout, Task& task, Boolean asyncWrite, Boolean inRetry, SqlDataReader ds, Boolean describeParameterEncryptionRequest)
   en System.Data.SqlClient.SqlCommand.RunExecuteReader(CommandBehavior cmdBehavior, RunBehavior runBehavior, Boolean returnStream, String method, TaskCompletionSource`1 completion, Int32 timeout, Task& task, Boolean& usedCache, Boolean asyncWrite, Boolean inRetry)
   en System.Data.SqlClient.SqlCommand.RunExecuteReader(CommandBehavior cmdBehavior, RunBehavior runBehavior, Boolean returnStream, String method)
   en System.Data.SqlClient.SqlCommand.ExecuteReader(CommandBehavior behavior, String method)
   en System.Data.SqlClient.SqlCommand.ExecuteReader()
   en Mantenimiento.DataAccess.ProgramacionData.ListOrdenMasiva(OrdenMasivaFilter objFiltro) en D:\BRYAN\Proyectos\Template.DataAccess\ProgramacionData.cs:línea 41
   en Mantenimiento.BusinessLayer.OrdenMasivaLogic.ListOrdenMasiva(OrdenMasivaRequest request) en D:\BRYAN\Proyectos\Template.BusinessLayer\OrdenMasivaLogic.cs:línea 31
ClientConnectionId:19c399ee-a42a-4054-acba-bb297c983b1d
Error Number:241,State:1,Class:16
2020-03-25 09:34:59,061 [13] ERROR [en JBLV.Log.Log.RegistrarLog(NivelLog nivel, Exception ex)] 
System.Data.SqlClient.SqlException (0x80131904): Conversion failed when converting date and/or time from character string.
   en System.Data.SqlClient.SqlConnection.OnError(SqlException exception, Boolean breakConnection, Action`1 wrapCloseInAction)
   en System.Data.SqlClient.SqlInternalConnection.OnError(SqlException exception, Boolean breakConnection, Action`1 wrapCloseInAction)
   en System.Data.SqlClient.TdsParser.ThrowExceptionAndWarning(TdsParserStateObject stateObj, Boolean callerHasConnectionLock, Boolean asyncClose)
   en System.Data.SqlClient.TdsParser.TryRun(RunBehavior runBehavior, SqlCommand cmdHandler, SqlDataReader dataStream, BulkCopySimpleResultSet bulkCopyHandler, TdsParserStateObject stateObj, Boolean& dataReady)
   en System.Data.SqlClient.SqlDataReader.TryConsumeMetaData()
   en System.Data.SqlClient.SqlDataReader.get_MetaData()
   en System.Data.SqlClient.SqlCommand.FinishExecuteReader(SqlDataReader ds, RunBehavior runBehavior, String resetOptionsString, Boolean isInternal, Boolean forDescribeParameterEncryption, Boolean shouldCacheForAlwaysEncrypted)
   en System.Data.SqlClient.SqlCommand.RunExecuteReaderTds(CommandBehavior cmdBehavior, RunBehavior runBehavior, Boolean returnStream, Boolean async, Int32 timeout, Task& task, Boolean asyncWrite, Boolean inRetry, SqlDataReader ds, Boolean describeParameterEncryptionRequest)
   en System.Data.SqlClient.SqlCommand.RunExecuteReader(CommandBehavior cmdBehavior, RunBehavior runBehavior, Boolean returnStream, String method, TaskCompletionSource`1 completion, Int32 timeout, Task& task, Boolean& usedCache, Boolean asyncWrite, Boolean inRetry)
   en System.Data.SqlClient.SqlCommand.RunExecuteReader(CommandBehavior cmdBehavior, RunBehavior runBehavior, Boolean returnStream, String method)
   en System.Data.SqlClient.SqlCommand.ExecuteReader(CommandBehavior behavior, String method)
   en System.Data.SqlClient.SqlCommand.ExecuteReader()
   en Mantenimiento.DataAccess.ProgramacionData.ListOrdenMasiva(OrdenMasivaFilter objFiltro) en D:\BRYAN\Proyectos\Template.DataAccess\ProgramacionData.cs:línea 41
   en Mantenimiento.BusinessLayer.OrdenMasivaLogic.ListOrdenMasiva(OrdenMasivaRequest request) en D:\BRYAN\Proyectos\Template.BusinessLayer\OrdenMasivaLogic.cs:línea 31
ClientConnectionId:19c399ee-a42a-4054-acba-bb297c983b1d
Error Number:241,State:1,Class:16
2020-03-25 09:39:08,130 [13] ERROR [en JBLV.Log.Log.RegistrarLog(NivelLog nivel, Exception ex)] 
System.Data.SqlClient.SqlException (0x80131904): Se han restablecido los resultados de conexión a un estado distinto al del inicio de sesión inicial. Error de inicio de sesión.
Error de inicio de sesión del usuario 'sa'.
No se puede continuar la ejecución porque la sesión está en estado de eliminación.
Error grave en el comando actual. Los resultados, si los hay, se deben descartar.
   en System.Data.SqlClient.SqlConnection.OnError(SqlException exception, Boolean breakConnection, Action`1 wrapCloseInAction)
   en System.Data.SqlClient.SqlInternalConnection.OnError(SqlException exception, Boolean breakConnection, Action`1 wrapCloseInAction)
   en System.Data.SqlClient.TdsParser.ThrowExceptionAndWarning(TdsParserStateObject stateObj, Boolean callerHasConnectionLock, Boolean asyncClose)
   en System.Data.SqlClient.TdsParser.TryRun(RunBehavior runBehavior, SqlCommand cmdHandler, SqlDataReader dataStream, BulkCopySimpleResultSet bulkCopyHandler, TdsParserStateObject stateObj, Boolean& dataReady)
   en System.Data.SqlClient.SqlDataReader.TryConsumeMetaData()
   en System.Data.SqlClient.SqlDataReader.get_MetaData()
   en System.Data.SqlClient.SqlCommand.FinishExecuteReader(SqlDataReader ds, RunBehavior runBehavior, String resetOptionsString, Boolean isInternal, Boolean forDescribeParameterEncryption, Boolean shouldCacheForAlwaysEncrypted)
   en System.Data.SqlClient.SqlCommand.RunExecuteReaderTds(CommandBehavior cmdBehavior, RunBehavior runBehavior, Boolean returnStream, Boolean async, Int32 timeout, Task& task, Boolean asyncWrite, Boolean inRetry, SqlDataReader ds, Boolean describeParameterEncryptionRequest)
   en System.Data.SqlClient.SqlCommand.RunExecuteReader(CommandBehavior cmdBehavior, RunBehavior runBehavior, Boolean returnStream, String method, TaskCompletionSource`1 completion, Int32 timeout, Task& task, Boolean& usedCache, Boolean asyncWrite, Boolean inRetry)
   en System.Data.SqlClient.SqlCommand.RunExecuteReader(CommandBehavior cmdBehavior, RunBehavior runBehavior, Boolean returnStream, String method)
   en System.Data.SqlClient.SqlCommand.ExecuteReader(CommandBehavior behavior, String method)
   en System.Data.SqlClient.SqlCommand.ExecuteReader()
   en Mantenimiento.DataAccess.BaseData.ListUsuariosAutocomplete(String value) en D:\BRYAN\Proyectos\Template.DataAccess\BaseData.cs:línea 62
   en Mantenimiento.BusinessLayer.BaseLogic.ListUsuariosAutocomplete(String value) en D:\BRYAN\Proyectos\Template.BusinessLayer\BaseLogic.cs:línea 44
ClientConnectionId:19c399ee-a42a-4054-acba-bb297c983b1d
Error Number:4021,State:2,Class:16
2020-03-25 09:43:21,334 [13] ERROR [en JBLV.Log.Log.RegistrarLog(NivelLog nivel, Exception ex)] 
System.Data.SqlClient.SqlException (0x80131904): El nombre de objeto 'BDCNT2020GP01..BUS' no es válido.
   en System.Data.SqlClient.SqlConnection.OnError(SqlException exception, Boolean breakConnection, Action`1 wrapCloseInAction)
   en System.Data.SqlClient.SqlInternalConnection.OnError(SqlException exception, Boolean breakConnection, Action`1 wrapCloseInAction)
   en System.Data.SqlClient.TdsParser.ThrowExceptionAndWarning(TdsParserStateObject stateObj, Boolean callerHasConnectionLock, Boolean asyncClose)
   en System.Data.SqlClient.TdsParser.TryRun(RunBehavior runBehavior, SqlCommand cmdHandler, SqlDataReader dataStream, BulkCopySimpleResultSet bulkCopyHandler, TdsParserStateObject stateObj, Boolean& dataReady)
   en System.Data.SqlClient.SqlDataReader.TryConsumeMetaData()
   en System.Data.SqlClient.SqlDataReader.get_MetaData()
   en System.Data.SqlClient.SqlCommand.FinishExecuteReader(SqlDataReader ds, RunBehavior runBehavior, String resetOptionsString, Boolean isInternal, Boolean forDescribeParameterEncryption, Boolean shouldCacheForAlwaysEncrypted)
   en System.Data.SqlClient.SqlCommand.RunExecuteReaderTds(CommandBehavior cmdBehavior, RunBehavior runBehavior, Boolean returnStream, Boolean async, Int32 timeout, Task& task, Boolean asyncWrite, Boolean inRetry, SqlDataReader ds, Boolean describeParameterEncryptionRequest)
   en System.Data.SqlClient.SqlCommand.RunExecuteReader(CommandBehavior cmdBehavior, RunBehavior runBehavior, Boolean returnStream, String method, TaskCompletionSource`1 completion, Int32 timeout, Task& task, Boolean& usedCache, Boolean asyncWrite, Boolean inRetry)
   en System.Data.SqlClient.SqlCommand.RunExecuteReader(CommandBehavior cmdBehavior, RunBehavior runBehavior, Boolean returnStream, String method)
   en System.Data.SqlClient.SqlCommand.ExecuteReader(CommandBehavior behavior, String method)
   en System.Data.SqlClient.SqlCommand.ExecuteReader()
   en Mantenimiento.DataAccess.ProgramacionData.ListOrdenMasiva(OrdenMasivaFilter objFiltro) en D:\BRYAN\Proyectos\Template.DataAccess\ProgramacionData.cs:línea 41
   en Mantenimiento.BusinessLayer.OrdenMasivaLogic.ListOrdenMasiva(OrdenMasivaRequest request) en D:\BRYAN\Proyectos\Template.BusinessLayer\OrdenMasivaLogic.cs:línea 31
ClientConnectionId:88b73a72-9777-442f-b6b1-a8e6b3435fd7
Error Number:208,State:1,Class:16
2020-03-25 09:50:40,116 [35] ERROR [en JBLV.Log.Log.RegistrarLog(NivelLog nivel, Exception ex)] 
System.Data.SqlClient.SqlException (0x80131904): La subconsulta ha devuelto más de un valor, lo que no es correcto cuando va a continuación de =, !=, <, <=, >, >= o cuando se utiliza como expresión.
   en System.Data.SqlClient.SqlConnection.OnError(SqlException exception, Boolean breakConnection, Action`1 wrapCloseInAction)
   en System.Data.SqlClient.SqlInternalConnection.OnError(SqlException exception, Boolean breakConnection, Action`1 wrapCloseInAction)
   en System.Data.SqlClient.TdsParser.ThrowExceptionAndWarning(TdsParserStateObject stateObj, Boolean callerHasConnectionLock, Boolean asyncClose)
   en System.Data.SqlClient.TdsParser.TryRun(RunBehavior runBehavior, SqlCommand cmdHandler, SqlDataReader dataStream, BulkCopySimpleResultSet bulkCopyHandler, TdsParserStateObject stateObj, Boolean& dataReady)
   en System.Data.SqlClient.SqlDataReader.TryHasMoreRows(Boolean& moreRows)
   en System.Data.SqlClient.SqlDataReader.TryReadInternal(Boolean setTimeout, Boolean& more)
   en System.Data.SqlClient.SqlDataReader.Read()
   en Mantenimiento.DataAccess.TipoMantenimientoData.ListAreBus(String are_codigo, String codigo_programacion_real) en D:\BRYAN\Proyectos\Template.DataAccess\TipoMantenimientoData.cs:línea 83
   en Mantenimiento.BusinessLayer.OrdenMasivaLogic.ListAreBus(String are_codigo, String codigo_programacion_real) en D:\BRYAN\Proyectos\Template.BusinessLayer\OrdenMasivaLogic.cs:línea 81
ClientConnectionId:77565a9f-8fdd-4a29-ba69-0fba3892201b
Error Number:512,State:1,Class:16
2020-03-25 10:10:48,780 [51] ERROR [en JBLV.Log.Log.RegistrarLog(NivelLog nivel, Exception ex)] 
System.Data.SqlClient.SqlException (0x80131904): La subconsulta ha devuelto más de un valor, lo que no es correcto cuando va a continuación de =, !=, <, <=, >, >= o cuando se utiliza como expresión.
   en System.Data.SqlClient.SqlConnection.OnError(SqlException exception, Boolean breakConnection, Action`1 wrapCloseInAction)
   en System.Data.SqlClient.SqlInternalConnection.OnError(SqlException exception, Boolean breakConnection, Action`1 wrapCloseInAction)
   en System.Data.SqlClient.TdsParser.ThrowExceptionAndWarning(TdsParserStateObject stateObj, Boolean callerHasConnectionLock, Boolean asyncClose)
   en System.Data.SqlClient.TdsParser.TryRun(RunBehavior runBehavior, SqlCommand cmdHandler, SqlDataReader dataStream, BulkCopySimpleResultSet bulkCopyHandler, TdsParserStateObject stateObj, Boolean& dataReady)
   en System.Data.SqlClient.SqlDataReader.TryHasMoreRows(Boolean& moreRows)
   en System.Data.SqlClient.SqlDataReader.TryReadInternal(Boolean setTimeout, Boolean& more)
   en System.Data.SqlClient.SqlDataReader.Read()
   en Mantenimiento.DataAccess.TipoMantenimientoData.ListAreBus(String are_codigo, String codigo_programacion_real) en D:\BRYAN\Proyectos\Template.DataAccess\TipoMantenimientoData.cs:línea 83
   en Mantenimiento.BusinessLayer.OrdenMasivaLogic.ListAreBus(String are_codigo, String codigo_programacion_real) en D:\BRYAN\Proyectos\Template.BusinessLayer\OrdenMasivaLogic.cs:línea 81
ClientConnectionId:28afd3c0-03c9-4525-9588-37be9cc20dcf
Error Number:512,State:1,Class:16
2020-03-25 10:12:32,003 [53] ERROR [en JBLV.Log.Log.RegistrarLog(NivelLog nivel, Exception ex)] 
System.Data.SqlClient.SqlException (0x80131904): La subconsulta ha devuelto más de un valor, lo que no es correcto cuando va a continuación de =, !=, <, <=, >, >= o cuando se utiliza como expresión.
   en System.Data.SqlClient.SqlConnection.OnError(SqlException exception, Boolean breakConnection, Action`1 wrapCloseInAction)
   en System.Data.SqlClient.SqlInternalConnection.OnError(SqlException exception, Boolean breakConnection, Action`1 wrapCloseInAction)
   en System.Data.SqlClient.TdsParser.ThrowExceptionAndWarning(TdsParserStateObject stateObj, Boolean callerHasConnectionLock, Boolean asyncClose)
   en System.Data.SqlClient.TdsParser.TryRun(RunBehavior runBehavior, SqlCommand cmdHandler, SqlDataReader dataStream, BulkCopySimpleResultSet bulkCopyHandler, TdsParserStateObject stateObj, Boolean& dataReady)
   en System.Data.SqlClient.SqlDataReader.TryHasMoreRows(Boolean& moreRows)
   en System.Data.SqlClient.SqlDataReader.TryReadInternal(Boolean setTimeout, Boolean& more)
   en System.Data.SqlClient.SqlDataReader.Read()
   en Mantenimiento.DataAccess.TipoMantenimientoData.ListAreBus(String are_codigo, String codigo_programacion_real) en D:\BRYAN\Proyectos\Template.DataAccess\TipoMantenimientoData.cs:línea 83
   en Mantenimiento.BusinessLayer.OrdenMasivaLogic.ListAreBus(String are_codigo, String codigo_programacion_real) en D:\BRYAN\Proyectos\Template.BusinessLayer\OrdenMasivaLogic.cs:línea 81
ClientConnectionId:28afd3c0-03c9-4525-9588-37be9cc20dcf
Error Number:512,State:1,Class:16
2020-03-25 10:12:43,131 [53] ERROR [en JBLV.Log.Log.RegistrarLog(NivelLog nivel, Exception ex)] 
System.Data.SqlClient.SqlException (0x80131904): La subconsulta ha devuelto más de un valor, lo que no es correcto cuando va a continuación de =, !=, <, <=, >, >= o cuando se utiliza como expresión.
   en System.Data.SqlClient.SqlConnection.OnError(SqlException exception, Boolean breakConnection, Action`1 wrapCloseInAction)
   en System.Data.SqlClient.SqlInternalConnection.OnError(SqlException exception, Boolean breakConnection, Action`1 wrapCloseInAction)
   en System.Data.SqlClient.TdsParser.ThrowExceptionAndWarning(TdsParserStateObject stateObj, Boolean callerHasConnectionLock, Boolean asyncClose)
   en System.Data.SqlClient.TdsParser.TryRun(RunBehavior runBehavior, SqlCommand cmdHandler, SqlDataReader dataStream, BulkCopySimpleResultSet bulkCopyHandler, TdsParserStateObject stateObj, Boolean& dataReady)
   en System.Data.SqlClient.SqlDataReader.TryHasMoreRows(Boolean& moreRows)
   en System.Data.SqlClient.SqlDataReader.TryReadInternal(Boolean setTimeout, Boolean& more)
   en System.Data.SqlClient.SqlDataReader.Read()
   en Mantenimiento.DataAccess.TipoMantenimientoData.ListAreBus(String are_codigo, String codigo_programacion_real) en D:\BRYAN\Proyectos\Template.DataAccess\TipoMantenimientoData.cs:línea 83
   en Mantenimiento.BusinessLayer.OrdenMasivaLogic.ListAreBus(String are_codigo, String codigo_programacion_real) en D:\BRYAN\Proyectos\Template.BusinessLayer\OrdenMasivaLogic.cs:línea 81
ClientConnectionId:28afd3c0-03c9-4525-9588-37be9cc20dcf
Error Number:512,State:1,Class:16
2020-03-25 10:12:45,343 [53] ERROR [en JBLV.Log.Log.RegistrarLog(NivelLog nivel, Exception ex)] 
System.Data.SqlClient.SqlException (0x80131904): La subconsulta ha devuelto más de un valor, lo que no es correcto cuando va a continuación de =, !=, <, <=, >, >= o cuando se utiliza como expresión.
   en System.Data.SqlClient.SqlConnection.OnError(SqlException exception, Boolean breakConnection, Action`1 wrapCloseInAction)
   en System.Data.SqlClient.SqlInternalConnection.OnError(SqlException exception, Boolean breakConnection, Action`1 wrapCloseInAction)
   en System.Data.SqlClient.TdsParser.ThrowExceptionAndWarning(TdsParserStateObject stateObj, Boolean callerHasConnectionLock, Boolean asyncClose)
   en System.Data.SqlClient.TdsParser.TryRun(RunBehavior runBehavior, SqlCommand cmdHandler, SqlDataReader dataStream, BulkCopySimpleResultSet bulkCopyHandler, TdsParserStateObject stateObj, Boolean& dataReady)
   en System.Data.SqlClient.SqlDataReader.TryHasMoreRows(Boolean& moreRows)
   en System.Data.SqlClient.SqlDataReader.TryReadInternal(Boolean setTimeout, Boolean& more)
   en System.Data.SqlClient.SqlDataReader.Read()
   en Mantenimiento.DataAccess.TipoMantenimientoData.ListAreBus(String are_codigo, String codigo_programacion_real) en D:\BRYAN\Proyectos\Template.DataAccess\TipoMantenimientoData.cs:línea 83
   en Mantenimiento.BusinessLayer.OrdenMasivaLogic.ListAreBus(String are_codigo, String codigo_programacion_real) en D:\BRYAN\Proyectos\Template.BusinessLayer\OrdenMasivaLogic.cs:línea 81
ClientConnectionId:28afd3c0-03c9-4525-9588-37be9cc20dcf
Error Number:512,State:1,Class:16
2020-03-25 11:59:04,908 [43] ERROR [en JBLV.Log.Log.RegistrarLog(NivelLog nivel, Exception ex)] 
System.Data.SqlClient.SqlException (0x80131904): La subconsulta ha devuelto más de un valor, lo que no es correcto cuando va a continuación de =, !=, <, <=, >, >= o cuando se utiliza como expresión.
   en System.Data.SqlClient.SqlConnection.OnError(SqlException exception, Boolean breakConnection, Action`1 wrapCloseInAction)
   en System.Data.SqlClient.SqlInternalConnection.OnError(SqlException exception, Boolean breakConnection, Action`1 wrapCloseInAction)
   en System.Data.SqlClient.TdsParser.ThrowExceptionAndWarning(TdsParserStateObject stateObj, Boolean callerHasConnectionLock, Boolean asyncClose)
   en System.Data.SqlClient.TdsParser.TryRun(RunBehavior runBehavior, SqlCommand cmdHandler, SqlDataReader dataStream, BulkCopySimpleResultSet bulkCopyHandler, TdsParserStateObject stateObj, Boolean& dataReady)
   en System.Data.SqlClient.SqlDataReader.TryHasMoreRows(Boolean& moreRows)
   en System.Data.SqlClient.SqlDataReader.TryReadInternal(Boolean setTimeout, Boolean& more)
   en System.Data.SqlClient.SqlDataReader.Read()
   en Mantenimiento.DataAccess.TipoMantenimientoData.ListAreBus(String are_codigo, String codigo_programacion_real) en D:\BRYAN\Proyectos\Template.DataAccess\TipoMantenimientoData.cs:línea 83
   en Mantenimiento.BusinessLayer.OrdenMasivaLogic.ListAreBus(String are_codigo, String codigo_programacion_real) en D:\BRYAN\Proyectos\Template.BusinessLayer\OrdenMasivaLogic.cs:línea 81
ClientConnectionId:62f35611-99af-48e6-b12c-9a9edc3342e7
Error Number:512,State:1,Class:16
2020-03-25 11:59:15,637 [43] ERROR [en JBLV.Log.Log.RegistrarLog(NivelLog nivel, Exception ex)] 
System.Data.SqlClient.SqlException (0x80131904): La subconsulta ha devuelto más de un valor, lo que no es correcto cuando va a continuación de =, !=, <, <=, >, >= o cuando se utiliza como expresión.
   en System.Data.SqlClient.SqlConnection.OnError(SqlException exception, Boolean breakConnection, Action`1 wrapCloseInAction)
   en System.Data.SqlClient.SqlInternalConnection.OnError(SqlException exception, Boolean breakConnection, Action`1 wrapCloseInAction)
   en System.Data.SqlClient.TdsParser.ThrowExceptionAndWarning(TdsParserStateObject stateObj, Boolean callerHasConnectionLock, Boolean asyncClose)
   en System.Data.SqlClient.TdsParser.TryRun(RunBehavior runBehavior, SqlCommand cmdHandler, SqlDataReader dataStream, BulkCopySimpleResultSet bulkCopyHandler, TdsParserStateObject stateObj, Boolean& dataReady)
   en System.Data.SqlClient.SqlDataReader.TryHasMoreRows(Boolean& moreRows)
   en System.Data.SqlClient.SqlDataReader.TryReadInternal(Boolean setTimeout, Boolean& more)
   en System.Data.SqlClient.SqlDataReader.Read()
   en Mantenimiento.DataAccess.TipoMantenimientoData.ListAreBus(String are_codigo, String codigo_programacion_real) en D:\BRYAN\Proyectos\Template.DataAccess\TipoMantenimientoData.cs:línea 83
   en Mantenimiento.BusinessLayer.OrdenMasivaLogic.ListAreBus(String are_codigo, String codigo_programacion_real) en D:\BRYAN\Proyectos\Template.BusinessLayer\OrdenMasivaLogic.cs:línea 81
ClientConnectionId:62f35611-99af-48e6-b12c-9a9edc3342e7
Error Number:512,State:1,Class:16
2020-03-25 11:59:17,368 [38] ERROR [en JBLV.Log.Log.RegistrarLog(NivelLog nivel, Exception ex)] 
System.Data.SqlClient.SqlException (0x80131904): La subconsulta ha devuelto más de un valor, lo que no es correcto cuando va a continuación de =, !=, <, <=, >, >= o cuando se utiliza como expresión.
   en System.Data.SqlClient.SqlConnection.OnError(SqlException exception, Boolean breakConnection, Action`1 wrapCloseInAction)
   en System.Data.SqlClient.SqlInternalConnection.OnError(SqlException exception, Boolean breakConnection, Action`1 wrapCloseInAction)
   en System.Data.SqlClient.TdsParser.ThrowExceptionAndWarning(TdsParserStateObject stateObj, Boolean callerHasConnectionLock, Boolean asyncClose)
   en System.Data.SqlClient.TdsParser.TryRun(RunBehavior runBehavior, SqlCommand cmdHandler, SqlDataReader dataStream, BulkCopySimpleResultSet bulkCopyHandler, TdsParserStateObject stateObj, Boolean& dataReady)
   en System.Data.SqlClient.SqlDataReader.TryHasMoreRows(Boolean& moreRows)
   en System.Data.SqlClient.SqlDataReader.TryReadInternal(Boolean setTimeout, Boolean& more)
   en System.Data.SqlClient.SqlDataReader.Read()
   en Mantenimiento.DataAccess.TipoMantenimientoData.ListAreBus(String are_codigo, String codigo_programacion_real) en D:\BRYAN\Proyectos\Template.DataAccess\TipoMantenimientoData.cs:línea 83
   en Mantenimiento.BusinessLayer.OrdenMasivaLogic.ListAreBus(String are_codigo, String codigo_programacion_real) en D:\BRYAN\Proyectos\Template.BusinessLayer\OrdenMasivaLogic.cs:línea 81
ClientConnectionId:62f35611-99af-48e6-b12c-9a9edc3342e7
Error Number:512,State:1,Class:16
2020-03-25 11:59:20,880 [43] ERROR [en JBLV.Log.Log.RegistrarLog(NivelLog nivel, Exception ex)] 
System.Data.SqlClient.SqlException (0x80131904): La subconsulta ha devuelto más de un valor, lo que no es correcto cuando va a continuación de =, !=, <, <=, >, >= o cuando se utiliza como expresión.
   en System.Data.SqlClient.SqlConnection.OnError(SqlException exception, Boolean breakConnection, Action`1 wrapCloseInAction)
   en System.Data.SqlClient.SqlInternalConnection.OnError(SqlException exception, Boolean breakConnection, Action`1 wrapCloseInAction)
   en System.Data.SqlClient.TdsParser.ThrowExceptionAndWarning(TdsParserStateObject stateObj, Boolean callerHasConnectionLock, Boolean asyncClose)
   en System.Data.SqlClient.TdsParser.TryRun(RunBehavior runBehavior, SqlCommand cmdHandler, SqlDataReader dataStream, BulkCopySimpleResultSet bulkCopyHandler, TdsParserStateObject stateObj, Boolean& dataReady)
   en System.Data.SqlClient.SqlDataReader.TryHasMoreRows(Boolean& moreRows)
   en System.Data.SqlClient.SqlDataReader.TryReadInternal(Boolean setTimeout, Boolean& more)
   en System.Data.SqlClient.SqlDataReader.Read()
   en Mantenimiento.DataAccess.TipoMantenimientoData.ListAreBus(String are_codigo, String codigo_programacion_real) en D:\BRYAN\Proyectos\Template.DataAccess\TipoMantenimientoData.cs:línea 83
   en Mantenimiento.BusinessLayer.OrdenMasivaLogic.ListAreBus(String are_codigo, String codigo_programacion_real) en D:\BRYAN\Proyectos\Template.BusinessLayer\OrdenMasivaLogic.cs:línea 81
ClientConnectionId:62f35611-99af-48e6-b12c-9a9edc3342e7
Error Number:512,State:1,Class:16
2020-03-25 11:59:23,802 [38] ERROR [en JBLV.Log.Log.RegistrarLog(NivelLog nivel, Exception ex)] 
System.Data.SqlClient.SqlException (0x80131904): La subconsulta ha devuelto más de un valor, lo que no es correcto cuando va a continuación de =, !=, <, <=, >, >= o cuando se utiliza como expresión.
   en System.Data.SqlClient.SqlConnection.OnError(SqlException exception, Boolean breakConnection, Action`1 wrapCloseInAction)
   en System.Data.SqlClient.SqlInternalConnection.OnError(SqlException exception, Boolean breakConnection, Action`1 wrapCloseInAction)
   en System.Data.SqlClient.TdsParser.ThrowExceptionAndWarning(TdsParserStateObject stateObj, Boolean callerHasConnectionLock, Boolean asyncClose)
   en System.Data.SqlClient.TdsParser.TryRun(RunBehavior runBehavior, SqlCommand cmdHandler, SqlDataReader dataStream, BulkCopySimpleResultSet bulkCopyHandler, TdsParserStateObject stateObj, Boolean& dataReady)
   en System.Data.SqlClient.SqlDataReader.TryHasMoreRows(Boolean& moreRows)
   en System.Data.SqlClient.SqlDataReader.TryReadInternal(Boolean setTimeout, Boolean& more)
   en System.Data.SqlClient.SqlDataReader.Read()
   en Mantenimiento.DataAccess.TipoMantenimientoData.ListAreBus(String are_codigo, String codigo_programacion_real) en D:\BRYAN\Proyectos\Template.DataAccess\TipoMantenimientoData.cs:línea 83
   en Mantenimiento.BusinessLayer.OrdenMasivaLogic.ListAreBus(String are_codigo, String codigo_programacion_real) en D:\BRYAN\Proyectos\Template.BusinessLayer\OrdenMasivaLogic.cs:línea 81
ClientConnectionId:62f35611-99af-48e6-b12c-9a9edc3342e7
Error Number:512,State:1,Class:16
