2020-01-15 10:52:20,480 [5] ERROR [en JBLV.Log.Log.RegistrarLog(NivelLog nivel, Exception ex)] 
System.Data.SqlClient.SqlException (0x80131904): El procedimiento o la función 'usp_LIS_Tb_AuxilioMecanico' esperaba el parámetro '@pAre_Codigo', que no se ha especificado.
   en System.Data.SqlClient.SqlConnection.OnError(SqlException exception, Boolean breakConnection, Action`1 wrapCloseInAction)
   en System.Data.SqlClient.SqlInternalConnection.OnError(SqlException exception, Boolean breakConnection, Action`1 wrapCloseInAction)
   en System.Data.SqlClient.TdsParser.ThrowExceptionAndWarning(TdsParserStateObject stateObj, Boolean callerHasConnectionLock, Boolean asyncClose)
   en System.Data.SqlClient.TdsParser.TryRun(RunBehavior runBehavior, SqlCommand cmdHandler, SqlDataReader dataStream, BulkCopySimpleResultSet bulkCopyHandler, TdsParserStateObject stateObj, Boolean& dataReady)
   en System.Data.SqlClient.SqlDataReader.TryConsumeMetaData()
   en System.Data.SqlClient.SqlDataReader.get_MetaData()
   en System.Data.SqlClient.SqlCommand.FinishExecuteReader(SqlDataReader ds, RunBehavior runBehavior, String resetOptionsString, Boolean isInternal, Boolean forDescribeParameterEncryption, Boolean shouldCacheForAlwaysEncrypted)
   en System.Data.SqlClient.SqlCommand.RunExecuteReaderTds(CommandBehavior cmdBehavior, RunBehavior runBehavior, Boolean returnStream, Boolean async, Int32 timeout, Task& task, Boolean asyncWrite, Boolean inRetry, SqlDataReader ds, Boolean describeParameterEncryptionRequest)
   en System.Data.SqlClient.SqlCommand.RunExecuteReader(CommandBehavior cmdBehavior, RunBehavior runBehavior, Boolean returnStream, String method, TaskCompletionSource`1 completion, Int32 timeout, Task& task, Boolean& usedCache, Boolean asyncWrite, Boolean inRetry)
   en System.Data.SqlClient.SqlCommand.RunExecuteReader(CommandBehavior cmdBehavior, RunBehavior runBehavior, Boolean returnStream, String method)
   en System.Data.SqlClient.SqlCommand.ExecuteReader(CommandBehavior behavior, String method)
   en System.Data.SqlClient.SqlCommand.ExecuteReader()
   en Mantenimiento.DataAccess.AuxilioMecanicoData.ListAuxilioMecanico(DateTime fechahora_ini, DateTime fechahora_fin, String Are_Codigo, String Ben_Codigo) en D:\JELAF\MANTENIMIENTO\Template.DataAccess\AuxilioMecanicoData.cs:línea 33
   en Mantenimiento.BusinessLayer.AuxilioMecanicoLogic.ListAuxilioMecanico(AuxilioMecanicoRequest request) en D:\JELAF\MANTENIMIENTO\Template.BusinessLayer\AuxilioMecanicoLogic.cs:línea 35
ClientConnectionId:7b1bf532-7233-4603-b91c-5df40173e56b
Error Number:201,State:4,Class:16
2020-01-15 10:52:20,871 [11] ERROR [en JBLV.Log.Log.RegistrarLog(NivelLog nivel, Exception ex)] 
System.Data.SqlClient.SqlException (0x80131904): El procedimiento o la función 'usp_LIS_Tb_AuxilioMecanico' esperaba el parámetro '@pAre_Codigo', que no se ha especificado.
   en System.Data.SqlClient.SqlConnection.OnError(SqlException exception, Boolean breakConnection, Action`1 wrapCloseInAction)
   en System.Data.SqlClient.SqlInternalConnection.OnError(SqlException exception, Boolean breakConnection, Action`1 wrapCloseInAction)
   en System.Data.SqlClient.TdsParser.ThrowExceptionAndWarning(TdsParserStateObject stateObj, Boolean callerHasConnectionLock, Boolean asyncClose)
   en System.Data.SqlClient.TdsParser.TryRun(RunBehavior runBehavior, SqlCommand cmdHandler, SqlDataReader dataStream, BulkCopySimpleResultSet bulkCopyHandler, TdsParserStateObject stateObj, Boolean& dataReady)
   en System.Data.SqlClient.SqlDataReader.TryConsumeMetaData()
   en System.Data.SqlClient.SqlDataReader.get_MetaData()
   en System.Data.SqlClient.SqlCommand.FinishExecuteReader(SqlDataReader ds, RunBehavior runBehavior, String resetOptionsString, Boolean isInternal, Boolean forDescribeParameterEncryption, Boolean shouldCacheForAlwaysEncrypted)
   en System.Data.SqlClient.SqlCommand.RunExecuteReaderTds(CommandBehavior cmdBehavior, RunBehavior runBehavior, Boolean returnStream, Boolean async, Int32 timeout, Task& task, Boolean asyncWrite, Boolean inRetry, SqlDataReader ds, Boolean describeParameterEncryptionRequest)
   en System.Data.SqlClient.SqlCommand.RunExecuteReader(CommandBehavior cmdBehavior, RunBehavior runBehavior, Boolean returnStream, String method, TaskCompletionSource`1 completion, Int32 timeout, Task& task, Boolean& usedCache, Boolean asyncWrite, Boolean inRetry)
   en System.Data.SqlClient.SqlCommand.RunExecuteReader(CommandBehavior cmdBehavior, RunBehavior runBehavior, Boolean returnStream, String method)
   en System.Data.SqlClient.SqlCommand.ExecuteReader(CommandBehavior behavior, String method)
   en System.Data.SqlClient.SqlCommand.ExecuteReader()
   en Mantenimiento.DataAccess.AuxilioMecanicoData.ListAuxilioMecanico(DateTime fechahora_ini, DateTime fechahora_fin, String Are_Codigo, String Ben_Codigo) en D:\JELAF\MANTENIMIENTO\Template.DataAccess\AuxilioMecanicoData.cs:línea 33
   en Mantenimiento.BusinessLayer.AuxilioMecanicoLogic.ListAuxilioMecanico(AuxilioMecanicoRequest request) en D:\JELAF\MANTENIMIENTO\Template.BusinessLayer\AuxilioMecanicoLogic.cs:línea 35
ClientConnectionId:7b1bf532-7233-4603-b91c-5df40173e56b
Error Number:201,State:4,Class:16
2020-01-15 10:52:26,853 [5] ERROR [en JBLV.Log.Log.RegistrarLog(NivelLog nivel, Exception ex)] 
System.Data.SqlClient.SqlException (0x80131904): El procedimiento o la función 'usp_LIS_Tb_AuxilioMecanico' esperaba el parámetro '@pAre_Codigo', que no se ha especificado.
   en System.Data.SqlClient.SqlConnection.OnError(SqlException exception, Boolean breakConnection, Action`1 wrapCloseInAction)
   en System.Data.SqlClient.SqlInternalConnection.OnError(SqlException exception, Boolean breakConnection, Action`1 wrapCloseInAction)
   en System.Data.SqlClient.TdsParser.ThrowExceptionAndWarning(TdsParserStateObject stateObj, Boolean callerHasConnectionLock, Boolean asyncClose)
   en System.Data.SqlClient.TdsParser.TryRun(RunBehavior runBehavior, SqlCommand cmdHandler, SqlDataReader dataStream, BulkCopySimpleResultSet bulkCopyHandler, TdsParserStateObject stateObj, Boolean& dataReady)
   en System.Data.SqlClient.SqlDataReader.TryConsumeMetaData()
   en System.Data.SqlClient.SqlDataReader.get_MetaData()
   en System.Data.SqlClient.SqlCommand.FinishExecuteReader(SqlDataReader ds, RunBehavior runBehavior, String resetOptionsString, Boolean isInternal, Boolean forDescribeParameterEncryption, Boolean shouldCacheForAlwaysEncrypted)
   en System.Data.SqlClient.SqlCommand.RunExecuteReaderTds(CommandBehavior cmdBehavior, RunBehavior runBehavior, Boolean returnStream, Boolean async, Int32 timeout, Task& task, Boolean asyncWrite, Boolean inRetry, SqlDataReader ds, Boolean describeParameterEncryptionRequest)
   en System.Data.SqlClient.SqlCommand.RunExecuteReader(CommandBehavior cmdBehavior, RunBehavior runBehavior, Boolean returnStream, String method, TaskCompletionSource`1 completion, Int32 timeout, Task& task, Boolean& usedCache, Boolean asyncWrite, Boolean inRetry)
   en System.Data.SqlClient.SqlCommand.RunExecuteReader(CommandBehavior cmdBehavior, RunBehavior runBehavior, Boolean returnStream, String method)
   en System.Data.SqlClient.SqlCommand.ExecuteReader(CommandBehavior behavior, String method)
   en System.Data.SqlClient.SqlCommand.ExecuteReader()
   en Mantenimiento.DataAccess.AuxilioMecanicoData.ListAuxilioMecanico(DateTime fechahora_ini, DateTime fechahora_fin, String Are_Codigo, String Ben_Codigo) en D:\JELAF\MANTENIMIENTO\Template.DataAccess\AuxilioMecanicoData.cs:línea 33
   en Mantenimiento.BusinessLayer.AuxilioMecanicoLogic.ListAuxilioMecanico(AuxilioMecanicoRequest request) en D:\JELAF\MANTENIMIENTO\Template.BusinessLayer\AuxilioMecanicoLogic.cs:línea 35
ClientConnectionId:7b1bf532-7233-4603-b91c-5df40173e56b
Error Number:201,State:4,Class:16
2020-01-15 10:52:27,829 [5] ERROR [en JBLV.Log.Log.RegistrarLog(NivelLog nivel, Exception ex)] 
System.Data.SqlClient.SqlException (0x80131904): El procedimiento o la función 'usp_LIS_Tb_AuxilioMecanico' esperaba el parámetro '@pAre_Codigo', que no se ha especificado.
   en System.Data.SqlClient.SqlConnection.OnError(SqlException exception, Boolean breakConnection, Action`1 wrapCloseInAction)
   en System.Data.SqlClient.SqlInternalConnection.OnError(SqlException exception, Boolean breakConnection, Action`1 wrapCloseInAction)
   en System.Data.SqlClient.TdsParser.ThrowExceptionAndWarning(TdsParserStateObject stateObj, Boolean callerHasConnectionLock, Boolean asyncClose)
   en System.Data.SqlClient.TdsParser.TryRun(RunBehavior runBehavior, SqlCommand cmdHandler, SqlDataReader dataStream, BulkCopySimpleResultSet bulkCopyHandler, TdsParserStateObject stateObj, Boolean& dataReady)
   en System.Data.SqlClient.SqlDataReader.TryConsumeMetaData()
   en System.Data.SqlClient.SqlDataReader.get_MetaData()
   en System.Data.SqlClient.SqlCommand.FinishExecuteReader(SqlDataReader ds, RunBehavior runBehavior, String resetOptionsString, Boolean isInternal, Boolean forDescribeParameterEncryption, Boolean shouldCacheForAlwaysEncrypted)
   en System.Data.SqlClient.SqlCommand.RunExecuteReaderTds(CommandBehavior cmdBehavior, RunBehavior runBehavior, Boolean returnStream, Boolean async, Int32 timeout, Task& task, Boolean asyncWrite, Boolean inRetry, SqlDataReader ds, Boolean describeParameterEncryptionRequest)
   en System.Data.SqlClient.SqlCommand.RunExecuteReader(CommandBehavior cmdBehavior, RunBehavior runBehavior, Boolean returnStream, String method, TaskCompletionSource`1 completion, Int32 timeout, Task& task, Boolean& usedCache, Boolean asyncWrite, Boolean inRetry)
   en System.Data.SqlClient.SqlCommand.RunExecuteReader(CommandBehavior cmdBehavior, RunBehavior runBehavior, Boolean returnStream, String method)
   en System.Data.SqlClient.SqlCommand.ExecuteReader(CommandBehavior behavior, String method)
   en System.Data.SqlClient.SqlCommand.ExecuteReader()
   en Mantenimiento.DataAccess.AuxilioMecanicoData.ListAuxilioMecanico(DateTime fechahora_ini, DateTime fechahora_fin, String Are_Codigo, String Ben_Codigo) en D:\JELAF\MANTENIMIENTO\Template.DataAccess\AuxilioMecanicoData.cs:línea 33
   en Mantenimiento.BusinessLayer.AuxilioMecanicoLogic.ListAuxilioMecanico(AuxilioMecanicoRequest request) en D:\JELAF\MANTENIMIENTO\Template.BusinessLayer\AuxilioMecanicoLogic.cs:línea 35
ClientConnectionId:7b1bf532-7233-4603-b91c-5df40173e56b
Error Number:201,State:4,Class:16
2020-01-15 10:52:27,996 [5] ERROR [en JBLV.Log.Log.RegistrarLog(NivelLog nivel, Exception ex)] 
System.Data.SqlClient.SqlException (0x80131904): El procedimiento o la función 'usp_LIS_Tb_AuxilioMecanico' esperaba el parámetro '@pAre_Codigo', que no se ha especificado.
   en System.Data.SqlClient.SqlConnection.OnError(SqlException exception, Boolean breakConnection, Action`1 wrapCloseInAction)
   en System.Data.SqlClient.SqlInternalConnection.OnError(SqlException exception, Boolean breakConnection, Action`1 wrapCloseInAction)
   en System.Data.SqlClient.TdsParser.ThrowExceptionAndWarning(TdsParserStateObject stateObj, Boolean callerHasConnectionLock, Boolean asyncClose)
   en System.Data.SqlClient.TdsParser.TryRun(RunBehavior runBehavior, SqlCommand cmdHandler, SqlDataReader dataStream, BulkCopySimpleResultSet bulkCopyHandler, TdsParserStateObject stateObj, Boolean& dataReady)
   en System.Data.SqlClient.SqlDataReader.TryConsumeMetaData()
   en System.Data.SqlClient.SqlDataReader.get_MetaData()
   en System.Data.SqlClient.SqlCommand.FinishExecuteReader(SqlDataReader ds, RunBehavior runBehavior, String resetOptionsString, Boolean isInternal, Boolean forDescribeParameterEncryption, Boolean shouldCacheForAlwaysEncrypted)
   en System.Data.SqlClient.SqlCommand.RunExecuteReaderTds(CommandBehavior cmdBehavior, RunBehavior runBehavior, Boolean returnStream, Boolean async, Int32 timeout, Task& task, Boolean asyncWrite, Boolean inRetry, SqlDataReader ds, Boolean describeParameterEncryptionRequest)
   en System.Data.SqlClient.SqlCommand.RunExecuteReader(CommandBehavior cmdBehavior, RunBehavior runBehavior, Boolean returnStream, String method, TaskCompletionSource`1 completion, Int32 timeout, Task& task, Boolean& usedCache, Boolean asyncWrite, Boolean inRetry)
   en System.Data.SqlClient.SqlCommand.RunExecuteReader(CommandBehavior cmdBehavior, RunBehavior runBehavior, Boolean returnStream, String method)
   en System.Data.SqlClient.SqlCommand.ExecuteReader(CommandBehavior behavior, String method)
   en System.Data.SqlClient.SqlCommand.ExecuteReader()
   en Mantenimiento.DataAccess.AuxilioMecanicoData.ListAuxilioMecanico(DateTime fechahora_ini, DateTime fechahora_fin, String Are_Codigo, String Ben_Codigo) en D:\JELAF\MANTENIMIENTO\Template.DataAccess\AuxilioMecanicoData.cs:línea 33
   en Mantenimiento.BusinessLayer.AuxilioMecanicoLogic.ListAuxilioMecanico(AuxilioMecanicoRequest request) en D:\JELAF\MANTENIMIENTO\Template.BusinessLayer\AuxilioMecanicoLogic.cs:línea 35
ClientConnectionId:7b1bf532-7233-4603-b91c-5df40173e56b
Error Number:201,State:4,Class:16
2020-01-15 10:53:44,090 [5] ERROR [en JBLV.Log.Log.RegistrarLog(NivelLog nivel, Exception ex)] 
System.Data.SqlClient.SqlException (0x80131904): El procedimiento o la función 'usp_LIS_Tb_AuxilioMecanico' esperaba el parámetro '@pAre_Codigo', que no se ha especificado.
   en System.Data.SqlClient.SqlConnection.OnError(SqlException exception, Boolean breakConnection, Action`1 wrapCloseInAction)
   en System.Data.SqlClient.SqlInternalConnection.OnError(SqlException exception, Boolean breakConnection, Action`1 wrapCloseInAction)
   en System.Data.SqlClient.TdsParser.ThrowExceptionAndWarning(TdsParserStateObject stateObj, Boolean callerHasConnectionLock, Boolean asyncClose)
   en System.Data.SqlClient.TdsParser.TryRun(RunBehavior runBehavior, SqlCommand cmdHandler, SqlDataReader dataStream, BulkCopySimpleResultSet bulkCopyHandler, TdsParserStateObject stateObj, Boolean& dataReady)
   en System.Data.SqlClient.SqlDataReader.TryConsumeMetaData()
   en System.Data.SqlClient.SqlDataReader.get_MetaData()
   en System.Data.SqlClient.SqlCommand.FinishExecuteReader(SqlDataReader ds, RunBehavior runBehavior, String resetOptionsString, Boolean isInternal, Boolean forDescribeParameterEncryption, Boolean shouldCacheForAlwaysEncrypted)
   en System.Data.SqlClient.SqlCommand.RunExecuteReaderTds(CommandBehavior cmdBehavior, RunBehavior runBehavior, Boolean returnStream, Boolean async, Int32 timeout, Task& task, Boolean asyncWrite, Boolean inRetry, SqlDataReader ds, Boolean describeParameterEncryptionRequest)
   en System.Data.SqlClient.SqlCommand.RunExecuteReader(CommandBehavior cmdBehavior, RunBehavior runBehavior, Boolean returnStream, String method, TaskCompletionSource`1 completion, Int32 timeout, Task& task, Boolean& usedCache, Boolean asyncWrite, Boolean inRetry)
   en System.Data.SqlClient.SqlCommand.RunExecuteReader(CommandBehavior cmdBehavior, RunBehavior runBehavior, Boolean returnStream, String method)
   en System.Data.SqlClient.SqlCommand.ExecuteReader(CommandBehavior behavior, String method)
   en System.Data.SqlClient.SqlCommand.ExecuteReader()
   en Mantenimiento.DataAccess.AuxilioMecanicoData.ListAuxilioMecanico(DateTime fechahora_ini, DateTime fechahora_fin, String Are_Codigo, String Ben_Codigo) en D:\JELAF\MANTENIMIENTO\Template.DataAccess\AuxilioMecanicoData.cs:línea 33
   en Mantenimiento.BusinessLayer.AuxilioMecanicoLogic.ListAuxilioMecanico(AuxilioMecanicoRequest request) en D:\JELAF\MANTENIMIENTO\Template.BusinessLayer\AuxilioMecanicoLogic.cs:línea 35
ClientConnectionId:7b1bf532-7233-4603-b91c-5df40173e56b
Error Number:201,State:4,Class:16
2020-01-15 11:09:03,097 [13] ERROR [en JBLV.Log.Log.RegistrarLog(NivelLog nivel, Exception ex)] 
System.Exception: El procedimiento o la función 'usp_UPD_Tb_AuxilioMecanico' esperaba el parámetro '@pAre_Codigo2', que no se ha especificado.
   en Mantenimiento.DataAccess.AuxilioMecanicoData.<UpdateAuxilioMecanico>d__3.MoveNext() en D:\JELAF\MANTENIMIENTO\Template.DataAccess\AuxilioMecanicoData.cs:línea 209
--- Fin del seguimiento de la pila de la ubicación anterior donde se produjo la excepción ---
   en System.Runtime.CompilerServices.TaskAwaiter.ThrowForNonSuccess(Task task)
   en System.Runtime.CompilerServices.TaskAwaiter.HandleNonSuccessAndDebuggerNotification(Task task)
   en System.Runtime.CompilerServices.TaskAwaiter`1.GetResult()
   en Mantenimiento.BusinessLayer.AuxilioMecanicoLogic.<UpdateAuxilioMecanico>d__4.MoveNext() en D:\JELAF\MANTENIMIENTO\Template.BusinessLayer\AuxilioMecanicoLogic.cs:línea 158
2020-01-15 11:11:32,923 [33] ERROR [en JBLV.Log.Log.RegistrarLog(NivelLog nivel, Exception ex)] 
System.Exception: El procedimiento o la función 'usp_UPD_Tb_AuxilioMecanico' esperaba el parámetro '@pAre_Codigo2', que no se ha especificado.
   en Mantenimiento.DataAccess.AuxilioMecanicoData.<UpdateAuxilioMecanico>d__3.MoveNext() en D:\JELAF\MANTENIMIENTO\Template.DataAccess\AuxilioMecanicoData.cs:línea 209
--- Fin del seguimiento de la pila de la ubicación anterior donde se produjo la excepción ---
   en System.Runtime.CompilerServices.TaskAwaiter.ThrowForNonSuccess(Task task)
   en System.Runtime.CompilerServices.TaskAwaiter.HandleNonSuccessAndDebuggerNotification(Task task)
   en System.Runtime.CompilerServices.TaskAwaiter`1.GetResult()
   en Mantenimiento.BusinessLayer.AuxilioMecanicoLogic.<UpdateAuxilioMecanico>d__4.MoveNext() en D:\JELAF\MANTENIMIENTO\Template.BusinessLayer\AuxilioMecanicoLogic.cs:línea 158
2020-01-15 11:13:03,689 [35] ERROR [en JBLV.Log.Log.RegistrarLog(NivelLog nivel, Exception ex)] 
System.Exception: El procedimiento o la función 'usp_UPD_Tb_AuxilioMecanico' esperaba el parámetro '@pAre_Codigo2', que no se ha especificado.
   en Mantenimiento.DataAccess.AuxilioMecanicoData.<UpdateAuxilioMecanico>d__3.MoveNext() en D:\JELAF\MANTENIMIENTO\Template.DataAccess\AuxilioMecanicoData.cs:línea 209
--- Fin del seguimiento de la pila de la ubicación anterior donde se produjo la excepción ---
   en System.Runtime.CompilerServices.TaskAwaiter.ThrowForNonSuccess(Task task)
   en System.Runtime.CompilerServices.TaskAwaiter.HandleNonSuccessAndDebuggerNotification(Task task)
   en System.Runtime.CompilerServices.TaskAwaiter`1.GetResult()
   en Mantenimiento.BusinessLayer.AuxilioMecanicoLogic.<UpdateAuxilioMecanico>d__4.MoveNext() en D:\JELAF\MANTENIMIENTO\Template.BusinessLayer\AuxilioMecanicoLogic.cs:línea 158
2020-01-15 11:13:08,856 [35] ERROR [en JBLV.Log.Log.RegistrarLog(NivelLog nivel, Exception ex)] 
System.Exception: El procedimiento o la función 'usp_UPD_Tb_AuxilioMecanico' esperaba el parámetro '@pAre_Codigo2', que no se ha especificado.
   en Mantenimiento.DataAccess.AuxilioMecanicoData.<UpdateAuxilioMecanico>d__3.MoveNext() en D:\JELAF\MANTENIMIENTO\Template.DataAccess\AuxilioMecanicoData.cs:línea 209
--- Fin del seguimiento de la pila de la ubicación anterior donde se produjo la excepción ---
   en System.Runtime.CompilerServices.TaskAwaiter.ThrowForNonSuccess(Task task)
   en System.Runtime.CompilerServices.TaskAwaiter.HandleNonSuccessAndDebuggerNotification(Task task)
   en System.Runtime.CompilerServices.TaskAwaiter`1.GetResult()
   en Mantenimiento.BusinessLayer.AuxilioMecanicoLogic.<UpdateAuxilioMecanico>d__4.MoveNext() en D:\JELAF\MANTENIMIENTO\Template.BusinessLayer\AuxilioMecanicoLogic.cs:línea 158
