2019-11-29 15:45:02,413 [29] ERROR [en JBLV.Log.Log.RegistrarLog(NivelLog nivel, Exception ex)] 
System.Data.SqlClient.SqlException (0x80131904): Error de conversión al convertir el valor varchar '.' al tipo de datos smallint.
   en System.Data.SqlClient.SqlConnection.OnError(SqlException exception, Boolean breakConnection, Action`1 wrapCloseInAction)
   en System.Data.SqlClient.SqlInternalConnection.OnError(SqlException exception, Boolean breakConnection, Action`1 wrapCloseInAction)
   en System.Data.SqlClient.TdsParser.ThrowExceptionAndWarning(TdsParserStateObject stateObj, Boolean callerHasConnectionLock, Boolean asyncClose)
   en System.Data.SqlClient.TdsParser.TryRun(RunBehavior runBehavior, SqlCommand cmdHandler, SqlDataReader dataStream, BulkCopySimpleResultSet bulkCopyHandler, TdsParserStateObject stateObj, Boolean& dataReady)
   en System.Data.SqlClient.SqlDataReader.TryHasMoreRows(Boolean& moreRows)
   en System.Data.SqlClient.SqlDataReader.TryReadInternal(Boolean setTimeout, Boolean& more)
   en System.Data.SqlClient.SqlDataReader.Read()
   en Mantenimiento.DataAccess.SubSistemasData.IdSubSistemas(Int16 ID_tb_Sistema_Mant) en D:\PROYECTOS A IMPLEMENTAR\MANTENIMIENTO NUEVO\Template\Template.DataAccess\SubSistemasData.cs:línea 32
   en Mantenimiento.BusinessLayer.SubSistemasLogic.IdSubSistemas(Int16 ID_tb_Sistema_Mant) en D:\PROYECTOS A IMPLEMENTAR\MANTENIMIENTO NUEVO\Template\Template.BusinessLayer\SubSistemasLogic.cs:línea 22
ClientConnectionId:e484ce7a-727f-4698-ad78-93f32e076668
Error Number:245,State:1,Class:16
2019-11-29 15:46:18,416 [29] ERROR [en JBLV.Log.Log.RegistrarLog(NivelLog nivel, Exception ex)] 
System.Data.SqlClient.SqlException (0x80131904): Error de conversión al convertir el valor varchar '.' al tipo de datos smallint.
   en System.Data.SqlClient.SqlConnection.OnError(SqlException exception, Boolean breakConnection, Action`1 wrapCloseInAction)
   en System.Data.SqlClient.SqlInternalConnection.OnError(SqlException exception, Boolean breakConnection, Action`1 wrapCloseInAction)
   en System.Data.SqlClient.TdsParser.ThrowExceptionAndWarning(TdsParserStateObject stateObj, Boolean callerHasConnectionLock, Boolean asyncClose)
   en System.Data.SqlClient.TdsParser.TryRun(RunBehavior runBehavior, SqlCommand cmdHandler, SqlDataReader dataStream, BulkCopySimpleResultSet bulkCopyHandler, TdsParserStateObject stateObj, Boolean& dataReady)
   en System.Data.SqlClient.SqlDataReader.TryHasMoreRows(Boolean& moreRows)
   en System.Data.SqlClient.SqlDataReader.TryReadInternal(Boolean setTimeout, Boolean& more)
   en System.Data.SqlClient.SqlDataReader.Read()
   en Mantenimiento.DataAccess.SubSistemasData.IdSubSistemas(Int16 ID_tb_Sistema_Mant) en D:\PROYECTOS A IMPLEMENTAR\MANTENIMIENTO NUEVO\Template\Template.DataAccess\SubSistemasData.cs:línea 32
   en Mantenimiento.BusinessLayer.SubSistemasLogic.IdSubSistemas(Int16 ID_tb_Sistema_Mant) en D:\PROYECTOS A IMPLEMENTAR\MANTENIMIENTO NUEVO\Template\Template.BusinessLayer\SubSistemasLogic.cs:línea 22
ClientConnectionId:e484ce7a-727f-4698-ad78-93f32e076668
Error Number:245,State:1,Class:16
2019-11-29 15:46:42,057 [29] ERROR [en JBLV.Log.Log.RegistrarLog(NivelLog nivel, Exception ex)] 
System.Data.SqlClient.SqlException (0x80131904): Error de conversión al convertir el valor varchar '.' al tipo de datos smallint.
   en System.Data.SqlClient.SqlConnection.OnError(SqlException exception, Boolean breakConnection, Action`1 wrapCloseInAction)
   en System.Data.SqlClient.SqlInternalConnection.OnError(SqlException exception, Boolean breakConnection, Action`1 wrapCloseInAction)
   en System.Data.SqlClient.TdsParser.ThrowExceptionAndWarning(TdsParserStateObject stateObj, Boolean callerHasConnectionLock, Boolean asyncClose)
   en System.Data.SqlClient.TdsParser.TryRun(RunBehavior runBehavior, SqlCommand cmdHandler, SqlDataReader dataStream, BulkCopySimpleResultSet bulkCopyHandler, TdsParserStateObject stateObj, Boolean& dataReady)
   en System.Data.SqlClient.SqlDataReader.TryHasMoreRows(Boolean& moreRows)
   en System.Data.SqlClient.SqlDataReader.TryReadInternal(Boolean setTimeout, Boolean& more)
   en System.Data.SqlClient.SqlDataReader.Read()
   en Mantenimiento.DataAccess.SubSistemasData.IdSubSistemas(Int16 ID_tb_Sistema_Mant) en D:\PROYECTOS A IMPLEMENTAR\MANTENIMIENTO NUEVO\Template\Template.DataAccess\SubSistemasData.cs:línea 32
   en Mantenimiento.BusinessLayer.SubSistemasLogic.IdSubSistemas(Int16 ID_tb_Sistema_Mant) en D:\PROYECTOS A IMPLEMENTAR\MANTENIMIENTO NUEVO\Template\Template.BusinessLayer\SubSistemasLogic.cs:línea 22
ClientConnectionId:e484ce7a-727f-4698-ad78-93f32e076668
Error Number:245,State:1,Class:16
