2019-11-25 09:51:19,293 [13] ERROR [en JBLV.Log.Log.RegistrarLog(NivelLog nivel, Exception ex)] 
System.Exception: Conflicto de tipos de operandos: text es incompatible con smalldatetime
   en Mantenimiento.DataAccess.TipoMData.<InsertTipoM>d__3.MoveNext() en D:\PROYECTOS A IMPLEMENTAR\MANTENIMIENTO NUEVO\Template\Template.DataAccess\TipoMData.cs:línea 172
--- Fin del seguimiento de la pila de la ubicación anterior donde se produjo la excepción ---
   en System.Runtime.CompilerServices.TaskAwaiter.ThrowForNonSuccess(Task task)
   en System.Runtime.CompilerServices.TaskAwaiter.HandleNonSuccessAndDebuggerNotification(Task task)
   en System.Runtime.CompilerServices.TaskAwaiter`1.GetResult()
   en Mantenimiento.BusinessLayer.TipoMLogic.<InsertTipoM>d__4.MoveNext() en D:\PROYECTOS A IMPLEMENTAR\MANTENIMIENTO NUEVO\Template\Template.BusinessLayer\TipoMLogic.cs:línea 136
2019-11-25 09:51:38,290 [4] ERROR [en JBLV.Log.Log.RegistrarLog(NivelLog nivel, Exception ex)] 
System.Exception: Conflicto de tipos de operandos: text es incompatible con smalldatetime
   en Mantenimiento.DataAccess.TipoMData.<InsertTipoM>d__3.MoveNext() en D:\PROYECTOS A IMPLEMENTAR\MANTENIMIENTO NUEVO\Template\Template.DataAccess\TipoMData.cs:línea 172
--- Fin del seguimiento de la pila de la ubicación anterior donde se produjo la excepción ---
   en System.Runtime.CompilerServices.TaskAwaiter.ThrowForNonSuccess(Task task)
   en System.Runtime.CompilerServices.TaskAwaiter.HandleNonSuccessAndDebuggerNotification(Task task)
   en System.Runtime.CompilerServices.TaskAwaiter`1.GetResult()
   en Mantenimiento.BusinessLayer.TipoMLogic.<InsertTipoM>d__4.MoveNext() en D:\PROYECTOS A IMPLEMENTAR\MANTENIMIENTO NUEVO\Template\Template.BusinessLayer\TipoMLogic.cs:línea 136
2019-11-25 10:52:25,629 [54] ERROR [en JBLV.Log.Log.RegistrarLog(NivelLog nivel, Exception ex)] 
System.Exception: Conflicto de tipos de operandos: text es incompatible con smalldatetime
   en Mantenimiento.DataAccess.TipoMData.<InsertTipoM>d__3.MoveNext() en D:\PROYECTOS A IMPLEMENTAR\MANTENIMIENTO NUEVO\Template\Template.DataAccess\TipoMData.cs:línea 172
--- Fin del seguimiento de la pila de la ubicación anterior donde se produjo la excepción ---
   en System.Runtime.CompilerServices.TaskAwaiter.ThrowForNonSuccess(Task task)
   en System.Runtime.CompilerServices.TaskAwaiter.HandleNonSuccessAndDebuggerNotification(Task task)
   en System.Runtime.CompilerServices.TaskAwaiter`1.GetResult()
   en Mantenimiento.BusinessLayer.TipoMLogic.<InsertTipoM>d__4.MoveNext() en D:\PROYECTOS A IMPLEMENTAR\MANTENIMIENTO NUEVO\Template\Template.BusinessLayer\TipoMLogic.cs:línea 136
2019-11-25 10:53:19,922 [58] ERROR [en JBLV.Log.Log.RegistrarLog(NivelLog nivel, Exception ex)] 
System.Exception: Conflicto de tipos de operandos: text es incompatible con smalldatetime
   en Mantenimiento.DataAccess.TipoMData.<InsertTipoM>d__3.MoveNext() en D:\PROYECTOS A IMPLEMENTAR\MANTENIMIENTO NUEVO\Template\Template.DataAccess\TipoMData.cs:línea 172
--- Fin del seguimiento de la pila de la ubicación anterior donde se produjo la excepción ---
   en System.Runtime.CompilerServices.TaskAwaiter.ThrowForNonSuccess(Task task)
   en System.Runtime.CompilerServices.TaskAwaiter.HandleNonSuccessAndDebuggerNotification(Task task)
   en System.Runtime.CompilerServices.TaskAwaiter`1.GetResult()
   en Mantenimiento.BusinessLayer.TipoMLogic.<InsertTipoM>d__4.MoveNext() en D:\PROYECTOS A IMPLEMENTAR\MANTENIMIENTO NUEVO\Template\Template.BusinessLayer\TipoMLogic.cs:línea 136
2019-11-25 11:00:00,704 [6] ERROR [en JBLV.Log.Log.RegistrarLog(NivelLog nivel, Exception ex)] 
System.Exception: Conflicto de tipos de operandos: text es incompatible con smalldatetime
   en Mantenimiento.DataAccess.TipoMData.<InsertTipoM>d__3.MoveNext() en D:\PROYECTOS A IMPLEMENTAR\MANTENIMIENTO NUEVO\Template\Template.DataAccess\TipoMData.cs:línea 172
--- Fin del seguimiento de la pila de la ubicación anterior donde se produjo la excepción ---
   en System.Runtime.CompilerServices.TaskAwaiter.ThrowForNonSuccess(Task task)
   en System.Runtime.CompilerServices.TaskAwaiter.HandleNonSuccessAndDebuggerNotification(Task task)
   en System.Runtime.CompilerServices.TaskAwaiter`1.GetResult()
   en Mantenimiento.BusinessLayer.TipoMLogic.<InsertTipoM>d__4.MoveNext() en D:\PROYECTOS A IMPLEMENTAR\MANTENIMIENTO NUEVO\Template\Template.BusinessLayer\TipoMLogic.cs:línea 136
2019-11-25 11:00:05,657 [7] ERROR [en JBLV.Log.Log.RegistrarLog(NivelLog nivel, Exception ex)] 
System.Exception: Conflicto de tipos de operandos: text es incompatible con smalldatetime
   en Mantenimiento.DataAccess.TipoMData.<InsertTipoM>d__3.MoveNext() en D:\PROYECTOS A IMPLEMENTAR\MANTENIMIENTO NUEVO\Template\Template.DataAccess\TipoMData.cs:línea 172
--- Fin del seguimiento de la pila de la ubicación anterior donde se produjo la excepción ---
   en System.Runtime.CompilerServices.TaskAwaiter.ThrowForNonSuccess(Task task)
   en System.Runtime.CompilerServices.TaskAwaiter.HandleNonSuccessAndDebuggerNotification(Task task)
   en System.Runtime.CompilerServices.TaskAwaiter`1.GetResult()
   en Mantenimiento.BusinessLayer.TipoMLogic.<InsertTipoM>d__4.MoveNext() en D:\PROYECTOS A IMPLEMENTAR\MANTENIMIENTO NUEVO\Template\Template.BusinessLayer\TipoMLogic.cs:línea 136
2019-11-25 11:05:51,087 [7] ERROR [en JBLV.Log.Log.RegistrarLog(NivelLog nivel, Exception ex)] 
System.Exception: Conflicto de tipos de operandos: text es incompatible con smalldatetime
   en Mantenimiento.DataAccess.TipoMData.<InsertTipoM>d__3.MoveNext() en D:\PROYECTOS A IMPLEMENTAR\MANTENIMIENTO NUEVO\Template\Template.DataAccess\TipoMData.cs:línea 172
--- Fin del seguimiento de la pila de la ubicación anterior donde se produjo la excepción ---
   en System.Runtime.CompilerServices.TaskAwaiter.ThrowForNonSuccess(Task task)
   en System.Runtime.CompilerServices.TaskAwaiter.HandleNonSuccessAndDebuggerNotification(Task task)
   en System.Runtime.CompilerServices.TaskAwaiter`1.GetResult()
   en Mantenimiento.BusinessLayer.TipoMLogic.<InsertTipoM>d__4.MoveNext() en D:\PROYECTOS A IMPLEMENTAR\MANTENIMIENTO NUEVO\Template\Template.BusinessLayer\TipoMLogic.cs:línea 136
2019-11-25 11:07:11,834 [19] ERROR [en JBLV.Log.Log.RegistrarLog(NivelLog nivel, Exception ex)] 
System.Exception: Conflicto de tipos de operandos: text es incompatible con smalldatetime
   en Mantenimiento.DataAccess.TipoMData.<InsertTipoM>d__3.MoveNext() en D:\PROYECTOS A IMPLEMENTAR\MANTENIMIENTO NUEVO\Template\Template.DataAccess\TipoMData.cs:línea 172
--- Fin del seguimiento de la pila de la ubicación anterior donde se produjo la excepción ---
   en System.Runtime.CompilerServices.TaskAwaiter.ThrowForNonSuccess(Task task)
   en System.Runtime.CompilerServices.TaskAwaiter.HandleNonSuccessAndDebuggerNotification(Task task)
   en System.Runtime.CompilerServices.TaskAwaiter`1.GetResult()
   en Mantenimiento.BusinessLayer.TipoMLogic.<InsertTipoM>d__4.MoveNext() en D:\PROYECTOS A IMPLEMENTAR\MANTENIMIENTO NUEVO\Template\Template.BusinessLayer\TipoMLogic.cs:línea 136
