2020-01-22 19:53:37,178 [10] ERROR [en JBLV.Log.Log.RegistrarLog(NivelLog nivel, Exception ex)] 
System.NullReferenceException: Referencia a objeto no establecida como instancia de un objeto.
   en Mantenimiento.DataAccess.ProgramacionData.ListOrdenMasiva(OrdenMasivaFilter objFiltro) en D:\JELAF\MANTENIMIENTO\Template.DataAccess\ProgramacionData.cs:línea 27
   en Mantenimiento.BusinessLayer.OrdenMasivaLogic.ListOrdenMasiva(OrdenMasivaRequest request) en D:\JELAF\MANTENIMIENTO\Template.BusinessLayer\OrdenMasivaLogic.cs:línea 28
2020-01-22 19:54:40,674 [26] ERROR [en JBLV.Log.Log.RegistrarLog(NivelLog nivel, Exception ex)] 
System.NullReferenceException: Referencia a objeto no establecida como instancia de un objeto.
   en Mantenimiento.DataAccess.ProgramacionData.ListOrdenMasiva(OrdenMasivaFilter objFiltro) en D:\JELAF\MANTENIMIENTO\Template.DataAccess\ProgramacionData.cs:línea 27
   en Mantenimiento.BusinessLayer.OrdenMasivaLogic.ListOrdenMasiva(OrdenMasivaRequest request) en D:\JELAF\MANTENIMIENTO\Template.BusinessLayer\OrdenMasivaLogic.cs:línea 28
2020-01-22 19:55:33,373 [21] ERROR [en JBLV.Log.Log.RegistrarLog(NivelLog nivel, Exception ex)] 
System.NullReferenceException: Referencia a objeto no establecida como instancia de un objeto.
   en Mantenimiento.DataAccess.ProgramacionData.ListOrdenMasiva(OrdenMasivaFilter objFiltro) en D:\JELAF\MANTENIMIENTO\Template.DataAccess\ProgramacionData.cs:línea 27
   en Mantenimiento.BusinessLayer.OrdenMasivaLogic.ListOrdenMasiva(OrdenMasivaRequest request) en D:\JELAF\MANTENIMIENTO\Template.BusinessLayer\OrdenMasivaLogic.cs:línea 28
2020-01-22 19:59:17,043 [20] ERROR [en JBLV.Log.Log.RegistrarLog(NivelLog nivel, Exception ex)] 
System.NullReferenceException: Referencia a objeto no establecida como instancia de un objeto.
   en Mantenimiento.DataAccess.ProgramacionData.ListOrdenMasiva(OrdenMasivaFilter objFiltro) en D:\JELAF\MANTENIMIENTO\Template.DataAccess\ProgramacionData.cs:línea 27
   en Mantenimiento.BusinessLayer.OrdenMasivaLogic.ListOrdenMasiva(OrdenMasivaRequest request) en D:\JELAF\MANTENIMIENTO\Template.BusinessLayer\OrdenMasivaLogic.cs:línea 28
2020-01-22 20:02:11,204 [15] ERROR [en JBLV.Log.Log.RegistrarLog(NivelLog nivel, Exception ex)] 
System.NullReferenceException: Referencia a objeto no establecida como instancia de un objeto.
   en Mantenimiento.DataAccess.ProgramacionData.ListOrdenMasiva(OrdenMasivaFilter objFiltro) en D:\JELAF\MANTENIMIENTO\Template.DataAccess\ProgramacionData.cs:línea 27
   en Mantenimiento.BusinessLayer.OrdenMasivaLogic.ListOrdenMasiva(OrdenMasivaRequest request) en D:\JELAF\MANTENIMIENTO\Template.BusinessLayer\OrdenMasivaLogic.cs:línea 28
2020-01-22 20:21:11,801 [6] ERROR [en JBLV.Log.Log.RegistrarLog(NivelLog nivel, Exception ex)] 
System.NullReferenceException: Referencia a objeto no establecida como instancia de un objeto.
   en Mantenimiento.DataAccess.ProgramacionData.ListOrdenMasiva(OrdenMasivaFilter objFiltro) en D:\JELAF\MANTENIMIENTO\Template.DataAccess\ProgramacionData.cs:línea 27
   en Mantenimiento.BusinessLayer.OrdenMasivaLogic.ListOrdenMasiva(OrdenMasivaRequest request) en D:\JELAF\MANTENIMIENTO\Template.BusinessLayer\OrdenMasivaLogic.cs:línea 28
2020-01-22 20:21:34,589 [6] ERROR [en JBLV.Log.Log.RegistrarLog(NivelLog nivel, Exception ex)] 
System.NullReferenceException: Referencia a objeto no establecida como instancia de un objeto.
   en Mantenimiento.DataAccess.ProgramacionData.ListOrdenMasiva(OrdenMasivaFilter objFiltro) en D:\JELAF\MANTENIMIENTO\Template.DataAccess\ProgramacionData.cs:línea 27
   en Mantenimiento.BusinessLayer.OrdenMasivaLogic.ListOrdenMasiva(OrdenMasivaRequest request) en D:\JELAF\MANTENIMIENTO\Template.BusinessLayer\OrdenMasivaLogic.cs:línea 28
2020-01-22 20:21:56,889 [63] ERROR [en JBLV.Log.Log.RegistrarLog(NivelLog nivel, Exception ex)] 
System.NullReferenceException: Referencia a objeto no establecida como instancia de un objeto.
   en Mantenimiento.DataAccess.ProgramacionData.ListOrdenMasiva(OrdenMasivaFilter objFiltro) en D:\JELAF\MANTENIMIENTO\Template.DataAccess\ProgramacionData.cs:línea 27
   en Mantenimiento.BusinessLayer.OrdenMasivaLogic.ListOrdenMasiva(OrdenMasivaRequest request) en D:\JELAF\MANTENIMIENTO\Template.BusinessLayer\OrdenMasivaLogic.cs:línea 28
2020-01-22 20:22:21,418 [63] ERROR [en JBLV.Log.Log.RegistrarLog(NivelLog nivel, Exception ex)] 
System.NullReferenceException: Referencia a objeto no establecida como instancia de un objeto.
   en Mantenimiento.DataAccess.ProgramacionData.ListOrdenMasiva(OrdenMasivaFilter objFiltro) en D:\JELAF\MANTENIMIENTO\Template.DataAccess\ProgramacionData.cs:línea 27
   en Mantenimiento.BusinessLayer.OrdenMasivaLogic.ListOrdenMasiva(OrdenMasivaRequest request) en D:\JELAF\MANTENIMIENTO\Template.BusinessLayer\OrdenMasivaLogic.cs:línea 28
2020-01-22 20:26:03,127 [65] ERROR [en JBLV.Log.Log.RegistrarLog(NivelLog nivel, Exception ex)] 
System.NullReferenceException: Referencia a objeto no establecida como instancia de un objeto.
   en Mantenimiento.DataAccess.ProgramacionData.ListOrdenMasiva(OrdenMasivaFilter objFiltro) en D:\JELAF\MANTENIMIENTO\Template.DataAccess\ProgramacionData.cs:línea 27
   en Mantenimiento.BusinessLayer.OrdenMasivaLogic.ListOrdenMasiva(OrdenMasivaRequest request) en D:\JELAF\MANTENIMIENTO\Template.BusinessLayer\OrdenMasivaLogic.cs:línea 28
2020-01-22 20:26:23,499 [57] ERROR [en JBLV.Log.Log.RegistrarLog(NivelLog nivel, Exception ex)] 
System.NullReferenceException: Referencia a objeto no establecida como instancia de un objeto.
   en Mantenimiento.DataAccess.ProgramacionData.ListOrdenMasiva(OrdenMasivaFilter objFiltro) en D:\JELAF\MANTENIMIENTO\Template.DataAccess\ProgramacionData.cs:línea 27
   en Mantenimiento.BusinessLayer.OrdenMasivaLogic.ListOrdenMasiva(OrdenMasivaRequest request) en D:\JELAF\MANTENIMIENTO\Template.BusinessLayer\OrdenMasivaLogic.cs:línea 28
2020-01-22 20:27:06,137 [56] ERROR [en JBLV.Log.Log.RegistrarLog(NivelLog nivel, Exception ex)] 
System.NullReferenceException: Referencia a objeto no establecida como instancia de un objeto.
   en Mantenimiento.DataAccess.ProgramacionData.ListOrdenMasiva(OrdenMasivaFilter objFiltro) en D:\JELAF\MANTENIMIENTO\Template.DataAccess\ProgramacionData.cs:línea 27
   en Mantenimiento.BusinessLayer.OrdenMasivaLogic.ListOrdenMasiva(OrdenMasivaRequest request) en D:\JELAF\MANTENIMIENTO\Template.BusinessLayer\OrdenMasivaLogic.cs:línea 28
2020-01-22 21:18:35,399 [56] ERROR [en JBLV.Log.Log.RegistrarLog(NivelLog nivel, Exception ex)] 
System.NullReferenceException: Referencia a objeto no establecida como instancia de un objeto.
   en Mantenimiento.DataAccess.ProgramacionData.ListOrdenMasiva(OrdenMasivaFilter objFiltro) en D:\JELAF\MANTENIMIENTO\Template.DataAccess\ProgramacionData.cs:línea 27
   en Mantenimiento.BusinessLayer.OrdenMasivaLogic.ListOrdenMasiva(OrdenMasivaRequest request) en D:\JELAF\MANTENIMIENTO\Template.BusinessLayer\OrdenMasivaLogic.cs:línea 28
2020-01-22 21:20:00,392 [77] ERROR [en JBLV.Log.Log.RegistrarLog(NivelLog nivel, Exception ex)] 
System.NullReferenceException: Referencia a objeto no establecida como instancia de un objeto.
   en Mantenimiento.DataAccess.ProgramacionData.ListOrdenMasiva(OrdenMasivaFilter objFiltro) en D:\JELAF\MANTENIMIENTO\Template.DataAccess\ProgramacionData.cs:línea 27
   en Mantenimiento.BusinessLayer.OrdenMasivaLogic.ListOrdenMasiva(OrdenMasivaRequest request) en D:\JELAF\MANTENIMIENTO\Template.BusinessLayer\OrdenMasivaLogic.cs:línea 28
2020-01-22 21:20:10,952 [77] ERROR [en JBLV.Log.Log.RegistrarLog(NivelLog nivel, Exception ex)] 
System.NullReferenceException: Referencia a objeto no establecida como instancia de un objeto.
   en Mantenimiento.DataAccess.ProgramacionData.ListOrdenMasiva(OrdenMasivaFilter objFiltro) en D:\JELAF\MANTENIMIENTO\Template.DataAccess\ProgramacionData.cs:línea 27
   en Mantenimiento.BusinessLayer.OrdenMasivaLogic.ListOrdenMasiva(OrdenMasivaRequest request) en D:\JELAF\MANTENIMIENTO\Template.BusinessLayer\OrdenMasivaLogic.cs:línea 28
2020-01-22 21:21:16,941 [78] ERROR [en JBLV.Log.Log.RegistrarLog(NivelLog nivel, Exception ex)] 
System.NullReferenceException: Referencia a objeto no establecida como instancia de un objeto.
   en Mantenimiento.DataAccess.ProgramacionData.ListOrdenMasiva(OrdenMasivaFilter objFiltro) en D:\JELAF\MANTENIMIENTO\Template.DataAccess\ProgramacionData.cs:línea 27
   en Mantenimiento.BusinessLayer.OrdenMasivaLogic.ListOrdenMasiva(OrdenMasivaRequest request) en D:\JELAF\MANTENIMIENTO\Template.BusinessLayer\OrdenMasivaLogic.cs:línea 28
2020-01-22 21:21:33,119 [85] ERROR [en JBLV.Log.Log.RegistrarLog(NivelLog nivel, Exception ex)] 
System.NullReferenceException: Referencia a objeto no establecida como instancia de un objeto.
   en Mantenimiento.DataAccess.ProgramacionData.ListOrdenMasiva(OrdenMasivaFilter objFiltro) en D:\JELAF\MANTENIMIENTO\Template.DataAccess\ProgramacionData.cs:línea 27
   en Mantenimiento.BusinessLayer.OrdenMasivaLogic.ListOrdenMasiva(OrdenMasivaRequest request) en D:\JELAF\MANTENIMIENTO\Template.BusinessLayer\OrdenMasivaLogic.cs:línea 28
2020-01-22 21:25:28,164 [85] ERROR [en JBLV.Log.Log.RegistrarLog(NivelLog nivel, Exception ex)] 
System.NullReferenceException: Referencia a objeto no establecida como instancia de un objeto.
   en Mantenimiento.DataAccess.ProgramacionData.ListOrdenMasiva(OrdenMasivaFilter objFiltro) en D:\JELAF\MANTENIMIENTO\Template.DataAccess\ProgramacionData.cs:línea 27
   en Mantenimiento.BusinessLayer.OrdenMasivaLogic.ListOrdenMasiva(OrdenMasivaRequest request) en D:\JELAF\MANTENIMIENTO\Template.BusinessLayer\OrdenMasivaLogic.cs:línea 28
2020-01-22 21:25:41,156 [85] ERROR [en JBLV.Log.Log.RegistrarLog(NivelLog nivel, Exception ex)] 
System.NullReferenceException: Referencia a objeto no establecida como instancia de un objeto.
   en Mantenimiento.DataAccess.ProgramacionData.ListOrdenMasiva(OrdenMasivaFilter objFiltro) en D:\JELAF\MANTENIMIENTO\Template.DataAccess\ProgramacionData.cs:línea 27
   en Mantenimiento.BusinessLayer.OrdenMasivaLogic.ListOrdenMasiva(OrdenMasivaRequest request) en D:\JELAF\MANTENIMIENTO\Template.BusinessLayer\OrdenMasivaLogic.cs:línea 28
2020-01-22 21:26:23,641 [92] ERROR [en JBLV.Log.Log.RegistrarLog(NivelLog nivel, Exception ex)] 
System.NullReferenceException: Referencia a objeto no establecida como instancia de un objeto.
   en Mantenimiento.DataAccess.ProgramacionData.ListOrdenMasiva(OrdenMasivaFilter objFiltro) en D:\JELAF\MANTENIMIENTO\Template.DataAccess\ProgramacionData.cs:línea 27
   en Mantenimiento.BusinessLayer.OrdenMasivaLogic.ListOrdenMasiva(OrdenMasivaRequest request) en D:\JELAF\MANTENIMIENTO\Template.BusinessLayer\OrdenMasivaLogic.cs:línea 28
2020-01-22 21:29:08,753 [92] ERROR [en JBLV.Log.Log.RegistrarLog(NivelLog nivel, Exception ex)] 
System.NullReferenceException: Referencia a objeto no establecida como instancia de un objeto.
   en Mantenimiento.DataAccess.ProgramacionData.ListOrdenMasiva(OrdenMasivaFilter objFiltro) en D:\JELAF\MANTENIMIENTO\Template.DataAccess\ProgramacionData.cs:línea 27
   en Mantenimiento.BusinessLayer.OrdenMasivaLogic.ListOrdenMasiva(OrdenMasivaRequest request) en D:\JELAF\MANTENIMIENTO\Template.BusinessLayer\OrdenMasivaLogic.cs:línea 28
2020-01-22 21:29:25,184 [92] ERROR [en JBLV.Log.Log.RegistrarLog(NivelLog nivel, Exception ex)] 
System.NullReferenceException: Referencia a objeto no establecida como instancia de un objeto.
   en Mantenimiento.DataAccess.ProgramacionData.ListOrdenMasiva(OrdenMasivaFilter objFiltro) en D:\JELAF\MANTENIMIENTO\Template.DataAccess\ProgramacionData.cs:línea 27
   en Mantenimiento.BusinessLayer.OrdenMasivaLogic.ListOrdenMasiva(OrdenMasivaRequest request) en D:\JELAF\MANTENIMIENTO\Template.BusinessLayer\OrdenMasivaLogic.cs:línea 28
2020-01-22 21:30:02,252 [83] ERROR [en JBLV.Log.Log.RegistrarLog(NivelLog nivel, Exception ex)] 
System.NullReferenceException: Referencia a objeto no establecida como instancia de un objeto.
   en Mantenimiento.DataAccess.ProgramacionData.ListOrdenMasiva(OrdenMasivaFilter objFiltro) en D:\JELAF\MANTENIMIENTO\Template.DataAccess\ProgramacionData.cs:línea 27
   en Mantenimiento.BusinessLayer.OrdenMasivaLogic.ListOrdenMasiva(OrdenMasivaRequest request) en D:\JELAF\MANTENIMIENTO\Template.BusinessLayer\OrdenMasivaLogic.cs:línea 28
2020-01-22 21:30:28,433 [83] ERROR [en JBLV.Log.Log.RegistrarLog(NivelLog nivel, Exception ex)] 
System.NullReferenceException: Referencia a objeto no establecida como instancia de un objeto.
   en Mantenimiento.DataAccess.ProgramacionData.ListOrdenMasiva(OrdenMasivaFilter objFiltro) en D:\JELAF\MANTENIMIENTO\Template.DataAccess\ProgramacionData.cs:línea 27
   en Mantenimiento.BusinessLayer.OrdenMasivaLogic.ListOrdenMasiva(OrdenMasivaRequest request) en D:\JELAF\MANTENIMIENTO\Template.BusinessLayer\OrdenMasivaLogic.cs:línea 28
2020-01-22 21:31:37,777 [85] ERROR [en JBLV.Log.Log.RegistrarLog(NivelLog nivel, Exception ex)] 
System.NullReferenceException: Referencia a objeto no establecida como instancia de un objeto.
   en Mantenimiento.DataAccess.ProgramacionData.ListOrdenMasiva(OrdenMasivaFilter objFiltro) en D:\JELAF\MANTENIMIENTO\Template.DataAccess\ProgramacionData.cs:línea 27
   en Mantenimiento.BusinessLayer.OrdenMasivaLogic.ListOrdenMasiva(OrdenMasivaRequest request) en D:\JELAF\MANTENIMIENTO\Template.BusinessLayer\OrdenMasivaLogic.cs:línea 28
2020-01-22 21:34:30,064 [74] ERROR [en JBLV.Log.Log.RegistrarLog(NivelLog nivel, Exception ex)] 
System.NullReferenceException: Referencia a objeto no establecida como instancia de un objeto.
   en Mantenimiento.DataAccess.ProgramacionData.ListOrdenMasiva(OrdenMasivaFilter objFiltro) en D:\JELAF\MANTENIMIENTO\Template.DataAccess\ProgramacionData.cs:línea 27
   en Mantenimiento.BusinessLayer.OrdenMasivaLogic.ListOrdenMasiva(OrdenMasivaRequest request) en D:\JELAF\MANTENIMIENTO\Template.BusinessLayer\OrdenMasivaLogic.cs:línea 28
2020-01-22 21:35:37,320 [74] ERROR [en JBLV.Log.Log.RegistrarLog(NivelLog nivel, Exception ex)] 
System.NullReferenceException: Referencia a objeto no establecida como instancia de un objeto.
   en Mantenimiento.DataAccess.ProgramacionData.ListOrdenMasiva(OrdenMasivaFilter objFiltro) en D:\JELAF\MANTENIMIENTO\Template.DataAccess\ProgramacionData.cs:línea 27
   en Mantenimiento.BusinessLayer.OrdenMasivaLogic.ListOrdenMasiva(OrdenMasivaRequest request) en D:\JELAF\MANTENIMIENTO\Template.BusinessLayer\OrdenMasivaLogic.cs:línea 28
2020-01-22 21:36:20,502 [8] ERROR [en JBLV.Log.Log.RegistrarLog(NivelLog nivel, Exception ex)] 
System.NullReferenceException: Referencia a objeto no establecida como instancia de un objeto.
   en Mantenimiento.DataAccess.ProgramacionData.ListOrdenMasiva(OrdenMasivaFilter objFiltro) en D:\JELAF\MANTENIMIENTO\Template.DataAccess\ProgramacionData.cs:línea 27
   en Mantenimiento.BusinessLayer.OrdenMasivaLogic.ListOrdenMasiva(OrdenMasivaRequest request) en D:\JELAF\MANTENIMIENTO\Template.BusinessLayer\OrdenMasivaLogic.cs:línea 28
2020-01-22 21:36:26,777 [8] ERROR [en JBLV.Log.Log.RegistrarLog(NivelLog nivel, Exception ex)] 
System.NullReferenceException: Referencia a objeto no establecida como instancia de un objeto.
   en Mantenimiento.DataAccess.ProgramacionData.ListOrdenMasiva(OrdenMasivaFilter objFiltro) en D:\JELAF\MANTENIMIENTO\Template.DataAccess\ProgramacionData.cs:línea 27
   en Mantenimiento.BusinessLayer.OrdenMasivaLogic.ListOrdenMasiva(OrdenMasivaRequest request) en D:\JELAF\MANTENIMIENTO\Template.BusinessLayer\OrdenMasivaLogic.cs:línea 28
2020-01-22 21:39:07,332 [8] ERROR [en JBLV.Log.Log.RegistrarLog(NivelLog nivel, Exception ex)] 
System.NullReferenceException: Referencia a objeto no establecida como instancia de un objeto.
   en Mantenimiento.DataAccess.ProgramacionData.ListOrdenMasiva(OrdenMasivaFilter objFiltro) en D:\JELAF\MANTENIMIENTO\Template.DataAccess\ProgramacionData.cs:línea 27
   en Mantenimiento.BusinessLayer.OrdenMasivaLogic.ListOrdenMasiva(OrdenMasivaRequest request) en D:\JELAF\MANTENIMIENTO\Template.BusinessLayer\OrdenMasivaLogic.cs:línea 28
2020-01-22 21:39:56,997 [44] ERROR [en JBLV.Log.Log.RegistrarLog(NivelLog nivel, Exception ex)] 
System.NullReferenceException: Referencia a objeto no establecida como instancia de un objeto.
   en Mantenimiento.DataAccess.ProgramacionData.ListOrdenMasiva(OrdenMasivaFilter objFiltro) en D:\JELAF\MANTENIMIENTO\Template.DataAccess\ProgramacionData.cs:línea 27
   en Mantenimiento.BusinessLayer.OrdenMasivaLogic.ListOrdenMasiva(OrdenMasivaRequest request) en D:\JELAF\MANTENIMIENTO\Template.BusinessLayer\OrdenMasivaLogic.cs:línea 28
2020-01-22 21:39:58,288 [44] ERROR [en JBLV.Log.Log.RegistrarLog(NivelLog nivel, Exception ex)] 
System.NullReferenceException: Referencia a objeto no establecida como instancia de un objeto.
   en Mantenimiento.DataAccess.ProgramacionData.ListOrdenMasiva(OrdenMasivaFilter objFiltro) en D:\JELAF\MANTENIMIENTO\Template.DataAccess\ProgramacionData.cs:línea 27
   en Mantenimiento.BusinessLayer.OrdenMasivaLogic.ListOrdenMasiva(OrdenMasivaRequest request) en D:\JELAF\MANTENIMIENTO\Template.BusinessLayer\OrdenMasivaLogic.cs:línea 28
2020-01-22 23:55:06,617 [27] ERROR [en JBLV.Log.Log.RegistrarLog(NivelLog nivel, Exception ex)] 
System.Data.SqlClient.SqlException (0x80131904): El procedimiento o la función 'usp_OrdenesMasivas' esperaba el parámetro '@Unidad', que no se ha especificado.
   en System.Data.SqlClient.SqlConnection.OnError(SqlException exception, Boolean breakConnection, Action`1 wrapCloseInAction)
   en System.Data.SqlClient.SqlInternalConnection.OnError(SqlException exception, Boolean breakConnection, Action`1 wrapCloseInAction)
   en System.Data.SqlClient.TdsParser.ThrowExceptionAndWarning(TdsParserStateObject stateObj, Boolean callerHasConnectionLock, Boolean asyncClose)
   en System.Data.SqlClient.TdsParser.TryRun(RunBehavior runBehavior, SqlCommand cmdHandler, SqlDataReader dataStream, BulkCopySimpleResultSet bulkCopyHandler, TdsParserStateObject stateObj, Boolean& dataReady)
   en System.Data.SqlClient.SqlDataReader.TryConsumeMetaData()
   en System.Data.SqlClient.SqlDataReader.get_MetaData()
   en System.Data.SqlClient.SqlCommand.FinishExecuteReader(SqlDataReader ds, RunBehavior runBehavior, String resetOptionsString, Boolean isInternal, Boolean forDescribeParameterEncryption, Boolean shouldCacheForAlwaysEncrypted)
   en System.Data.SqlClient.SqlCommand.RunExecuteReaderTds(CommandBehavior cmdBehavior, RunBehavior runBehavior, Boolean returnStream, Boolean async, Int32 timeout, Task& task, Boolean asyncWrite, Boolean inRetry, SqlDataReader ds, Boolean describeParameterEncryptionRequest)
   en System.Data.SqlClient.SqlCommand.RunExecuteReader(CommandBehavior cmdBehavior, RunBehavior runBehavior, Boolean returnStream, String method, TaskCompletionSource`1 completion, Int32 timeout, Task& task, Boolean& usedCache, Boolean asyncWrite, Boolean inRetry)
   en System.Data.SqlClient.SqlCommand.RunExecuteReader(CommandBehavior cmdBehavior, RunBehavior runBehavior, Boolean returnStream, String method)
   en System.Data.SqlClient.SqlCommand.ExecuteReader(CommandBehavior behavior, String method)
   en System.Data.SqlClient.SqlCommand.ExecuteReader()
   en Mantenimiento.DataAccess.ProgramacionData.ListOrdenMasiva(OrdenMasivaFilter objFiltro) en D:\JELAF\MANTENIMIENTO\Template.DataAccess\ProgramacionData.cs:línea 41
   en Mantenimiento.BusinessLayer.OrdenMasivaLogic.ListOrdenMasiva(OrdenMasivaRequest request) en D:\JELAF\MANTENIMIENTO\Template.BusinessLayer\OrdenMasivaLogic.cs:línea 28
ClientConnectionId:7664fc7c-0eef-4a57-b214-57f7ad19c339
Error Number:201,State:4,Class:16
2020-01-22 23:55:09,844 [27] ERROR [en JBLV.Log.Log.RegistrarLog(NivelLog nivel, Exception ex)] 
System.Data.SqlClient.SqlException (0x80131904): El procedimiento o la función 'usp_OrdenesMasivas' esperaba el parámetro '@Unidad', que no se ha especificado.
   en System.Data.SqlClient.SqlConnection.OnError(SqlException exception, Boolean breakConnection, Action`1 wrapCloseInAction)
   en System.Data.SqlClient.SqlInternalConnection.OnError(SqlException exception, Boolean breakConnection, Action`1 wrapCloseInAction)
   en System.Data.SqlClient.TdsParser.ThrowExceptionAndWarning(TdsParserStateObject stateObj, Boolean callerHasConnectionLock, Boolean asyncClose)
   en System.Data.SqlClient.TdsParser.TryRun(RunBehavior runBehavior, SqlCommand cmdHandler, SqlDataReader dataStream, BulkCopySimpleResultSet bulkCopyHandler, TdsParserStateObject stateObj, Boolean& dataReady)
   en System.Data.SqlClient.SqlDataReader.TryConsumeMetaData()
   en System.Data.SqlClient.SqlDataReader.get_MetaData()
   en System.Data.SqlClient.SqlCommand.FinishExecuteReader(SqlDataReader ds, RunBehavior runBehavior, String resetOptionsString, Boolean isInternal, Boolean forDescribeParameterEncryption, Boolean shouldCacheForAlwaysEncrypted)
   en System.Data.SqlClient.SqlCommand.RunExecuteReaderTds(CommandBehavior cmdBehavior, RunBehavior runBehavior, Boolean returnStream, Boolean async, Int32 timeout, Task& task, Boolean asyncWrite, Boolean inRetry, SqlDataReader ds, Boolean describeParameterEncryptionRequest)
   en System.Data.SqlClient.SqlCommand.RunExecuteReader(CommandBehavior cmdBehavior, RunBehavior runBehavior, Boolean returnStream, String method, TaskCompletionSource`1 completion, Int32 timeout, Task& task, Boolean& usedCache, Boolean asyncWrite, Boolean inRetry)
   en System.Data.SqlClient.SqlCommand.RunExecuteReader(CommandBehavior cmdBehavior, RunBehavior runBehavior, Boolean returnStream, String method)
   en System.Data.SqlClient.SqlCommand.ExecuteReader(CommandBehavior behavior, String method)
   en System.Data.SqlClient.SqlCommand.ExecuteReader()
   en Mantenimiento.DataAccess.ProgramacionData.ListOrdenMasiva(OrdenMasivaFilter objFiltro) en D:\JELAF\MANTENIMIENTO\Template.DataAccess\ProgramacionData.cs:línea 41
   en Mantenimiento.BusinessLayer.OrdenMasivaLogic.ListOrdenMasiva(OrdenMasivaRequest request) en D:\JELAF\MANTENIMIENTO\Template.BusinessLayer\OrdenMasivaLogic.cs:línea 28
ClientConnectionId:7664fc7c-0eef-4a57-b214-57f7ad19c339
Error Number:201,State:4,Class:16
2020-01-22 23:55:20,451 [27] ERROR [en JBLV.Log.Log.RegistrarLog(NivelLog nivel, Exception ex)] 
System.Data.SqlClient.SqlException (0x80131904): El procedimiento o la función 'usp_OrdenesMasivas' esperaba el parámetro '@Unidad', que no se ha especificado.
   en System.Data.SqlClient.SqlConnection.OnError(SqlException exception, Boolean breakConnection, Action`1 wrapCloseInAction)
   en System.Data.SqlClient.SqlInternalConnection.OnError(SqlException exception, Boolean breakConnection, Action`1 wrapCloseInAction)
   en System.Data.SqlClient.TdsParser.ThrowExceptionAndWarning(TdsParserStateObject stateObj, Boolean callerHasConnectionLock, Boolean asyncClose)
   en System.Data.SqlClient.TdsParser.TryRun(RunBehavior runBehavior, SqlCommand cmdHandler, SqlDataReader dataStream, BulkCopySimpleResultSet bulkCopyHandler, TdsParserStateObject stateObj, Boolean& dataReady)
   en System.Data.SqlClient.SqlDataReader.TryConsumeMetaData()
   en System.Data.SqlClient.SqlDataReader.get_MetaData()
   en System.Data.SqlClient.SqlCommand.FinishExecuteReader(SqlDataReader ds, RunBehavior runBehavior, String resetOptionsString, Boolean isInternal, Boolean forDescribeParameterEncryption, Boolean shouldCacheForAlwaysEncrypted)
   en System.Data.SqlClient.SqlCommand.RunExecuteReaderTds(CommandBehavior cmdBehavior, RunBehavior runBehavior, Boolean returnStream, Boolean async, Int32 timeout, Task& task, Boolean asyncWrite, Boolean inRetry, SqlDataReader ds, Boolean describeParameterEncryptionRequest)
   en System.Data.SqlClient.SqlCommand.RunExecuteReader(CommandBehavior cmdBehavior, RunBehavior runBehavior, Boolean returnStream, String method, TaskCompletionSource`1 completion, Int32 timeout, Task& task, Boolean& usedCache, Boolean asyncWrite, Boolean inRetry)
   en System.Data.SqlClient.SqlCommand.RunExecuteReader(CommandBehavior cmdBehavior, RunBehavior runBehavior, Boolean returnStream, String method)
   en System.Data.SqlClient.SqlCommand.ExecuteReader(CommandBehavior behavior, String method)
   en System.Data.SqlClient.SqlCommand.ExecuteReader()
   en Mantenimiento.DataAccess.ProgramacionData.ListOrdenMasiva(OrdenMasivaFilter objFiltro) en D:\JELAF\MANTENIMIENTO\Template.DataAccess\ProgramacionData.cs:línea 41
   en Mantenimiento.BusinessLayer.OrdenMasivaLogic.ListOrdenMasiva(OrdenMasivaRequest request) en D:\JELAF\MANTENIMIENTO\Template.BusinessLayer\OrdenMasivaLogic.cs:línea 28
ClientConnectionId:7664fc7c-0eef-4a57-b214-57f7ad19c339
Error Number:201,State:4,Class:16
2020-01-22 23:55:29,008 [27] ERROR [en JBLV.Log.Log.RegistrarLog(NivelLog nivel, Exception ex)] 
System.Data.SqlClient.SqlException (0x80131904): El procedimiento o la función 'usp_OrdenesMasivas' esperaba el parámetro '@Unidad', que no se ha especificado.
   en System.Data.SqlClient.SqlConnection.OnError(SqlException exception, Boolean breakConnection, Action`1 wrapCloseInAction)
   en System.Data.SqlClient.SqlInternalConnection.OnError(SqlException exception, Boolean breakConnection, Action`1 wrapCloseInAction)
   en System.Data.SqlClient.TdsParser.ThrowExceptionAndWarning(TdsParserStateObject stateObj, Boolean callerHasConnectionLock, Boolean asyncClose)
   en System.Data.SqlClient.TdsParser.TryRun(RunBehavior runBehavior, SqlCommand cmdHandler, SqlDataReader dataStream, BulkCopySimpleResultSet bulkCopyHandler, TdsParserStateObject stateObj, Boolean& dataReady)
   en System.Data.SqlClient.SqlDataReader.TryConsumeMetaData()
   en System.Data.SqlClient.SqlDataReader.get_MetaData()
   en System.Data.SqlClient.SqlCommand.FinishExecuteReader(SqlDataReader ds, RunBehavior runBehavior, String resetOptionsString, Boolean isInternal, Boolean forDescribeParameterEncryption, Boolean shouldCacheForAlwaysEncrypted)
   en System.Data.SqlClient.SqlCommand.RunExecuteReaderTds(CommandBehavior cmdBehavior, RunBehavior runBehavior, Boolean returnStream, Boolean async, Int32 timeout, Task& task, Boolean asyncWrite, Boolean inRetry, SqlDataReader ds, Boolean describeParameterEncryptionRequest)
   en System.Data.SqlClient.SqlCommand.RunExecuteReader(CommandBehavior cmdBehavior, RunBehavior runBehavior, Boolean returnStream, String method, TaskCompletionSource`1 completion, Int32 timeout, Task& task, Boolean& usedCache, Boolean asyncWrite, Boolean inRetry)
   en System.Data.SqlClient.SqlCommand.RunExecuteReader(CommandBehavior cmdBehavior, RunBehavior runBehavior, Boolean returnStream, String method)
   en System.Data.SqlClient.SqlCommand.ExecuteReader(CommandBehavior behavior, String method)
   en System.Data.SqlClient.SqlCommand.ExecuteReader()
   en Mantenimiento.DataAccess.ProgramacionData.ListOrdenMasiva(OrdenMasivaFilter objFiltro) en D:\JELAF\MANTENIMIENTO\Template.DataAccess\ProgramacionData.cs:línea 41
   en Mantenimiento.BusinessLayer.OrdenMasivaLogic.ListOrdenMasiva(OrdenMasivaRequest request) en D:\JELAF\MANTENIMIENTO\Template.BusinessLayer\OrdenMasivaLogic.cs:línea 28
ClientConnectionId:7664fc7c-0eef-4a57-b214-57f7ad19c339
Error Number:201,State:4,Class:16
